#
# There is insufficient memory for the Java Runtime Environment to continue.
# Native memory allocation (malloc) failed to allocate 59318272 bytes for committing reserved memory.
# Possible reasons:
#   The system is out of physical RAM or swap space
#   In 32 bit mode, the process size limit was hit
# Possible solutions:
#   Reduce memory load on the system
#   Increase physical memory or swap space
#   Check if swap backing store is full
#   Use 64 bit Java on a 64 bit OS
#   Decrease Java heap size (-Xmx/-Xms)
#   Decrease number of Java threads
#   Decrease Java thread stack sizes (-Xss)
#   Set larger code cache with -XX:ReservedCodeCacheSize=
# This output file may be truncated or incomplete.
#
#  Out of Memory Error (os_linux.cpp:2827), pid=16715, tid=3023616832
#
# JRE version: OpenJDK Runtime Environment (7.0_121) (build 1.7.0_121-b00)
# Java VM: OpenJDK Client VM (24.121-b00 mixed mode, sharing linux-x86 )
# Derivative: IcedTea 2.6.8
# Distribution: Ubuntu 14.04 LTS, package 7u121-2.6.8-1ubuntu0.14.04.1
# Failed to write core dump. Core dumps have been disabled. To enable core dumping, try "ulimit -c unlimited" before starting Java again
#

---------------  T H R E A D  ---------------

Current thread (0xb6830400):  VMThread [stack: 0xb430b000,0xb438c000] [id=16721]

Stack: [0xb430b000,0xb438c000]
VM_Operation (0xb31dde4c): GenCollectFull, mode: safepoint, requested by thread 0x0a115800


---------------  P R O C E S S  ---------------

Java Threads: ( => current thread )
  0x0a115800 JavaThread "Thread-6" [_thread_blocked, id=18030, stack(0xb318e000,0xb31df000)]
  0x09e0ec00 JavaThread "TimerQueue" daemon [_thread_blocked, id=16732, stack(0xb323a000,0xb328b000)]
  0xb6807800 JavaThread "DestroyJavaVM" [_thread_blocked, id=16717, stack(0xb699c000,0xb69ed000)]
  0xb3857800 JavaThread "AWT-EventQueue-0" [_thread_blocked, id=16731, stack(0xb328b000,0xb32dc000)]
  0xb3856800 JavaThread "AWT-Shutdown" [_thread_blocked, id=16730, stack(0xb32dc000,0xb332d000)]
  0xb3849800 JavaThread "AWT-XAWT" daemon [_thread_blocked, id=16729, stack(0xb3464000,0xb34b5000)]
  0xb383bc00 JavaThread "Java2D Disposer" daemon [_thread_blocked, id=16728, stack(0xb34c6000,0xb3517000)]
  0xb684cc00 JavaThread "Service Thread" daemon [_thread_blocked, id=16726, stack(0xb3e3b000,0xb3e8c000)]
  0xb684ac00 JavaThread "C1 CompilerThread0" daemon [_thread_blocked, id=16725, stack(0xb3e8c000,0xb3f0d000)]
  0xb6849000 JavaThread "Signal Dispatcher" daemon [_thread_blocked, id=16724, stack(0xb3f0d000,0xb3f5e000)]
  0xb6833400 JavaThread "Finalizer" daemon [_thread_blocked, id=16723, stack(0xb415e000,0xb41af000)]
  0xb6831c00 JavaThread "Reference Handler" daemon [_thread_blocked, id=16722, stack(0xb41af000,0xb4200000)]

Other Threads:
=>0xb6830400 VMThread [stack: 0xb430b000,0xb438c000] [id=16721]
  0xb684f000 WatcherThread [stack: 0xb3dba000,0xb3e3b000] [id=16727]

VM state:at safepoint (normal execution)

VM Mutex/Monitor currently owned by a thread:  ([mutex/lock_event])
[0xb6804fe0] Threads_lock - owner thread: 0xb6830400
[0xb68053f0] Heap_lock - owner thread: 0x0a115800

Heap
 def new generation   total 131328K, used 0K [0x6e800000, 0x77670000, 0x792a0000)
  eden space 116800K,   0% used [0x6e800000, 0x6e800000, 0x75a10000)
  from space 14528K,   0% used [0x76840000, 0x76840000, 0x77670000)
  to   space 14528K,   0% used [0x75a10000, 0x75a10000, 0x76840000)
 tenured generation   total 291640K, used 277725K [0x792a0000, 0x8af6e000, 0x8e800000)
   the space 291640K,  95% used [0x792a0000, 0x8a1d7690, 0x8a1d7800, 0x8af6e000)
 compacting perm gen  total 12288K, used 8339K [0x8e800000, 0x8f400000, 0x92800000)
   the space 12288K,  67% used [0x8e800000, 0x8f024dd8, 0x8f024e00, 0x8f400000)
    ro space 10240K,  60% used [0x92800000, 0x92e00d38, 0x92e00e00, 0x93200000)
    rw space 12288K,  59% used [0x93200000, 0x9391e858, 0x9391ea00, 0x93e00000)

Card table byte_map: [0xb4654000,0xb4780000] byte_map_base: 0xb42e0000

Polling page: 0xb77a4000

Code Cache  [0xb4800000, 0xb4d70000, 0xb6800000)
 total_blobs=3395 nmethods=3077 adapters=252 free_code_cache=27213Kb largest_free_block=27866432

Compilation events (10 events):
Event: 1295.757 Thread 0xb684ac00 nmethod 3077 0xb4d6a208 code [0xb4d6a300, 0xb4d6a380]
Event: 1308.809 Thread 0xb684ac00 3078   !         sun.java2d.SunGraphics2D::drawRect (74 bytes)
Event: 1308.809 Thread 0xb684ac00 nmethod 3078 0xb4d6a3c8 code [0xb4d6a510, 0xb4d6a720]
Event: 1343.636 Thread 0xb684ac00 3079             se.sics.mspsim.core.Timer$CCR::timerStopped (36 bytes)
Event: 1343.636 Thread 0xb684ac00 nmethod 3079 0xb4d6a988 code [0xb4d6aa80, 0xb4d6ab60]
Event: 1343.866 Thread 0xb684ac00 3080             javax.swing.plaf.nimbus.InternalFrameTitlePaneMaximizeButtonPainter::getPaintContext (5 bytes)
Event: 1343.866 Thread 0xb684ac00 nmethod 3080 0xb4d6abc8 code [0xb4d6acc0, 0xb4d6ad40]
Event: 1405.524 Thread 0xb684ac00 3081   !         javax.swing.text.DefaultStyledDocument::create (204 bytes)
Event: 1405.562 Thread 0xb684ac00 nmethod 3081 0xb4d6ad88 code [0xb4d6b030, 0xb4d6bb08]
Event: 1406.682 Thread 0xb684ac00 3082             com.sun.org.apache.xerces.internal.util.NamespaceSupport::getURI (38 bytes)

GC Heap History (10 events):
Event: 1393.733 GC heap after
Heap after GC invocations=1313 (full 8):
 def new generation   total 131328K, used 5063K [0x6e800000, 0x77670000, 0x792a0000)
  eden space 116800K,   0% used [0x6e800000, 0x6e800000, 0x75a10000)
  from space 14528K,  34% used [0x76840000, 0x76d31ca8, 0x77670000)
  to   space 14528K,   0% used [0x75a10000, 0x75a10000, 0x76840000)
 tenured generation   total 291640K, used 270581K [0x792a0000, 0x8af6e000, 0x8e800000)
   the space 291640K,  92% used [0x792a0000, 0x89add6c8, 0x89add800, 0x8af6e000)
 compacting perm gen  total 12288K, used 8339K [0x8e800000, 0x8f400000, 0x92800000)
   the space 12288K,  67% used [0x8e800000, 0x8f024dd8, 0x8f024e00, 0x8f400000)
    ro space 10240K,  60% used [0x92800000, 0x92e00d38, 0x92e00e00, 0x93200000)
    rw space 12288K,  59% used [0x93200000, 0x9391e858, 0x9391ea00, 0x93e00000)
}
Event: 1395.249 GC heap before
{Heap before GC invocations=1313 (full 8):
 def new generation   total 131328K, used 121863K [0x6e800000, 0x77670000, 0x792a0000)
  eden space 116800K, 100% used [0x6e800000, 0x75a10000, 0x75a10000)
  from space 14528K,  34% used [0x76840000, 0x76d31ca8, 0x77670000)
  to   space 14528K,   0% used [0x75a10000, 0x75a10000, 0x76840000)
 tenured generation   total 291640K, used 270581K [0x792a0000, 0x8af6e000, 0x8e800000)
   the space 291640K,  92% used [0x792a0000, 0x89add6c8, 0x89add800, 0x8af6e000)
 compacting perm gen  total 12288K, used 8339K [0x8e800000, 0x8f400000, 0x92800000)
   the space 12288K,  67% used [0x8e800000, 0x8f024dd8, 0x8f024e00, 0x8f400000)
    ro space 10240K,  60% used [0x92800000, 0x92e00d38, 0x92e00e00, 0x93200000)
    rw space 12288K,  59% used [0x93200000, 0x9391e858, 0x9391ea00, 0x93e00000)
Event: 1395.261 GC heap after
Heap after GC invocations=1314 (full 8):
 def new generation   total 131328K, used 4968K [0x6e800000, 0x77670000, 0x792a0000)
  eden space 116800K,   0% used [0x6e800000, 0x6e800000, 0x75a10000)
  from space 14528K,  34% used [0x75a10000, 0x75eea080, 0x76840000)
  to   space 14528K,   0% used [0x76840000, 0x76840000, 0x77670000)
 tenured generation   total 291640K, used 270880K [0x792a0000, 0x8af6e000, 0x8e800000)
   the space 291640K,  92% used [0x792a0000, 0x89b28298, 0x89b28400, 0x8af6e000)
 compacting perm gen  total 12288K, used 8339K [0x8e800000, 0x8f400000, 0x92800000)
   the space 12288K,  67% used [0x8e800000, 0x8f024dd8, 0x8f024e00, 0x8f400000)
    ro space 10240K,  60% used [0x92800000, 0x92e00d38, 0x92e00e00, 0x93200000)
    rw space 12288K,  59% used [0x93200000, 0x9391e858, 0x9391ea00, 0x93e00000)
}
Event: 1398.362 GC heap before
{Heap before GC invocations=1314 (full 8):
 def new generation   total 131328K, used 121768K [0x6e800000, 0x77670000, 0x792a0000)
  eden space 116800K, 100% used [0x6e800000, 0x75a10000, 0x75a10000)
  from space 14528K,  34% used [0x75a10000, 0x75eea080, 0x76840000)
  to   space 14528K,   0% used [0x76840000, 0x76840000, 0x77670000)
 tenured generation   total 291640K, used 270880K [0x792a0000, 0x8af6e000, 0x8e800000)
   the space 291640K,  92% used [0x792a0000, 0x89b28298, 0x89b28400, 0x8af6e000)
 compacting perm gen  total 12288K, used 8339K [0x8e800000, 0x8f400000, 0x92800000)
   the space 12288K,  67% used [0x8e800000, 0x8f024dd8, 0x8f024e00, 0x8f400000)
    ro space 10240K,  60% used [0x92800000, 0x92e00d38, 0x92e00e00, 0x93200000)
    rw space 12288K,  59% used [0x93200000, 0x9391e858, 0x9391ea00, 0x93e00000)
Event: 1398.374 GC heap after
Heap after GC invocations=1315 (full 8):
 def new generation   total 131328K, used 5319K [0x6e800000, 0x77670000, 0x792a0000)
  eden space 116800K,   0% used [0x6e800000, 0x6e800000, 0x75a10000)
  from space 14528K,  36% used [0x76840000, 0x76d71e18, 0x77670000)
  to   space 14528K,   0% used [0x75a10000, 0x75a10000, 0x76840000)
 tenured generation   total 291640K, used 270993K [0x792a0000, 0x8af6e000, 0x8e800000)
   the space 291640K,  92% used [0x792a0000, 0x89b44538, 0x89b44600, 0x8af6e000)
 compacting perm gen  total 12288K, used 8339K [0x8e800000, 0x8f400000, 0x92800000)
   the space 12288K,  67% used [0x8e800000, 0x8f024dd8, 0x8f024e00, 0x8f400000)
    ro space 10240K,  60% used [0x92800000, 0x92e00d38, 0x92e00e00, 0x93200000)
    rw space 12288K,  59% used [0x93200000, 0x9391e858, 0x9391ea00, 0x93e00000)
}
Event: 1400.276 GC heap before
{Heap before GC invocations=1315 (full 8):
 def new generation   total 131328K, used 122119K [0x6e800000, 0x77670000, 0x792a0000)
  eden space 116800K, 100% used [0x6e800000, 0x75a10000, 0x75a10000)
  from space 14528K,  36% used [0x76840000, 0x76d71e18, 0x77670000)
  to   space 14528K,   0% used [0x75a10000, 0x75a10000, 0x76840000)
 tenured generation   total 291640K, used 270993K [0x792a0000, 0x8af6e000, 0x8e800000)
   the space 291640K,  92% used [0x792a0000, 0x89b44538, 0x89b44600, 0x8af6e000)
 compacting perm gen  total 12288K, used 8339K [0x8e800000, 0x8f400000, 0x92800000)
   the space 12288K,  67% used [0x8e800000, 0x8f024dd8, 0x8f024e00, 0x8f400000)
    ro space 10240K,  60% used [0x92800000, 0x92e00d38, 0x92e00e00, 0x93200000)
    rw space 12288K,  59% used [0x93200000, 0x9391e858, 0x9391ea00, 0x93e00000)
Event: 1400.286 GC heap after
Heap after GC invocations=1316 (full 8):
 def new generation   total 131328K, used 5375K [0x6e800000, 0x77670000, 0x792a0000)
  eden space 116800K,   0% used [0x6e800000, 0x6e800000, 0x75a10000)
  from space 14528K,  37% used [0x75a10000, 0x75f4fde0, 0x76840000)
  to   space 14528K,   0% used [0x76840000, 0x76840000, 0x77670000)
 tenured generation   total 291640K, used 271132K [0x792a0000, 0x8af6e000, 0x8e800000)
   the space 291640K,  92% used [0x792a0000, 0x89b67340, 0x89b67400, 0x8af6e000)
 compacting perm gen  total 12288K, used 8339K [0x8e800000, 0x8f400000, 0x92800000)
   the space 12288K,  67% used [0x8e800000, 0x8f024dd8, 0x8f024e00, 0x8f400000)
    ro space 10240K,  60% used [0x92800000, 0x92e00d38, 0x92e00e00, 0x93200000)
    rw space 12288K,  59% used [0x93200000, 0x9391e858, 0x9391ea00, 0x93e00000)
}
Event: 1404.842 GC heap before
{Heap before GC invocations=1316 (full 8):
 def new generation   total 131328K, used 122175K [0x6e800000, 0x77670000, 0x792a0000)
  eden space 116800K, 100% used [0x6e800000, 0x75a10000, 0x75a10000)
  from space 14528K,  37% used [0x75a10000, 0x75f4fde0, 0x76840000)
  to   space 14528K,   0% used [0x76840000, 0x76840000, 0x77670000)
 tenured generation   total 291640K, used 271132K [0x792a0000, 0x8af6e000, 0x8e800000)
   the space 291640K,  92% used [0x792a0000, 0x89b67340, 0x89b67400, 0x8af6e000)
 compacting perm gen  total 12288K, used 8339K [0x8e800000, 0x8f400000, 0x92800000)
   the space 12288K,  67% used [0x8e800000, 0x8f024dd8, 0x8f024e00, 0x8f400000)
    ro space 10240K,  60% used [0x92800000, 0x92e00d38, 0x92e00e00, 0x93200000)
    rw space 12288K,  59% used [0x93200000, 0x9391e858, 0x9391ea00, 0x93e00000)
Event: 1404.866 GC heap after
Heap after GC invocations=1317 (full 8):
 def new generation   total 131328K, used 5587K [0x6e800000, 0x77670000, 0x792a0000)
  eden space 116800K,   0% used [0x6e800000, 0x6e800000, 0x75a10000)
  from space 14528K,  38% used [0x76840000, 0x76db4ee0, 0x77670000)
  to   space 14528K,   0% used [0x75a10000, 0x75a10000, 0x76840000)
 tenured generation   total 291640K, used 271497K [0x792a0000, 0x8af6e000, 0x8e800000)
   the space 291640K,  93% used [0x792a0000, 0x89bc2488, 0x89bc2600, 0x8af6e000)
 compacting perm gen  total 12288K, used 8339K [0x8e800000, 0x8f400000, 0x92800000)
   the space 12288K,  67% used [0x8e800000, 0x8f024dd8, 0x8f024e00, 0x8f400000)
    ro space 10240K,  60% used [0x92800000, 0x92e00d38, 0x92e00e00, 0x93200000)
    rw space 12288K,  59% used [0x93200000, 0x9391e858, 0x9391ea00, 0x93e00000)
}
Event: 1406.704 GC heap before
{Heap before GC invocations=1317 (full 8):
 def new generation   total 131328K, used 53159K [0x6e800000, 0x77670000, 0x792a0000)
  eden space 116800K,  40% used [0x6e800000, 0x71674e88, 0x75a10000)
  from space 14528K,  38% used [0x76840000, 0x76db4ee0, 0x77670000)
  to   space 14528K,   0% used [0x75a10000, 0x75a10000, 0x76840000)
 tenured generation   total 291640K, used 271497K [0x792a0000, 0x8af6e000, 0x8e800000)
   the space 291640K,  93% used [0x792a0000, 0x89bc2488, 0x89bc2600, 0x8af6e000)
 compacting perm gen  total 12288K, used 8339K [0x8e800000, 0x8f400000, 0x92800000)
   the space 12288K,  67% used [0x8e800000, 0x8f024dd8, 0x8f024e00, 0x8f400000)
    ro space 10240K,  60% used [0x92800000, 0x92e00d38, 0x92e00e00, 0x93200000)
    rw space 12288K,  59% used [0x93200000, 0x9391e858, 0x9391ea00, 0x93e00000)

Deoptimization events (0 events):
No events

Internal exceptions (10 events):
Event: 1056.720 Thread 0x0a142000 Threw 0x6ea6b928 at /build/openjdk-7-mks0zz/openjdk-7-7u121-2.6.8/build/openjdk/hotspot/src/share/vm/prims/jvm.cpp:1322
Event: 1056.720 Thread 0x0a142000 Threw 0x6ea6cca8 at /build/openjdk-7-mks0zz/openjdk-7-7u121-2.6.8/build/openjdk/hotspot/src/share/vm/prims/jvm.cpp:1322
Event: 1056.720 Thread 0x0a142000 Threw 0x6ea6da90 at /build/openjdk-7-mks0zz/openjdk-7-7u121-2.6.8/build/openjdk/hotspot/src/share/vm/prims/jvm.cpp:1322
Event: 1056.720 Thread 0x0a142000 Threw 0x6ea6ee10 at /build/openjdk-7-mks0zz/openjdk-7-7u121-2.6.8/build/openjdk/hotspot/src/share/vm/prims/jvm.cpp:1322
Event: 1059.593 Thread 0x0a142000 Threw 0x701d25c8 at /build/openjdk-7-mks0zz/openjdk-7-7u121-2.6.8/build/openjdk/hotspot/src/share/vm/prims/jvm.cpp:1322
Event: 1059.607 Thread 0x0a142000 Threw 0x7020e220 at /build/openjdk-7-mks0zz/openjdk-7-7u121-2.6.8/build/openjdk/hotspot/src/share/vm/prims/jvm.cpp:1322
Event: 1059.677 Thread 0x0a142000 Threw 0x70420418 at /build/openjdk-7-mks0zz/openjdk-7-7u121-2.6.8/build/openjdk/hotspot/src/share/vm/prims/jvm.cpp:1322
Event: 1059.725 Thread 0x0a142000 Threw 0x70816088 at /build/openjdk-7-mks0zz/openjdk-7-7u121-2.6.8/build/openjdk/hotspot/src/share/vm/prims/jvm.cpp:1322
Event: 1059.820 Thread 0x0a142000 Threw 0x70853800 at /build/openjdk-7-mks0zz/openjdk-7-7u121-2.6.8/build/openjdk/hotspot/src/share/vm/prims/jvm.cpp:1322
Event: 1406.099 Thread 0xb3857800 Threw 0x706e04d0 at /build/openjdk-7-mks0zz/openjdk-7-7u121-2.6.8/build/openjdk/hotspot/src/share/vm/prims/jni.cpp:747

Events (10 events):
Event: 1406.592 Executing VM operation: RevokeBias done
Event: 1406.592 Executing VM operation: BulkRevokeBias
Event: 1406.593 Executing VM operation: BulkRevokeBias done
Event: 1406.593 Executing VM operation: RevokeBias
Event: 1406.593 Executing VM operation: RevokeBias done
Event: 1406.593 Executing VM operation: RevokeBias
Event: 1406.593 Executing VM operation: RevokeBias done
Event: 1406.593 Executing VM operation: RevokeBias
Event: 1406.593 Executing VM operation: RevokeBias done
Event: 1406.700 Executing VM operation: GenCollectFull


Dynamic libraries:
08048000-08049000 r-xp 00000000 08:01 298549     /usr/lib/jvm/java-7-openjdk-i386/jre/bin/java
08049000-0804a000 r--p 00000000 08:01 298549     /usr/lib/jvm/java-7-openjdk-i386/jre/bin/java
0804a000-0804b000 rw-p 00001000 08:01 298549     /usr/lib/jvm/java-7-openjdk-i386/jre/bin/java
09d11000-0a390000 rw-p 00000000 00:00 0          [heap]
6e800000-77670000 rw-p 00000000 00:00 0 
77670000-792a0000 rw-p 00000000 00:00 0 
792a0000-8af6e000 rw-p 00000000 00:00 0 
8e800000-8f400000 rw-p 00000000 00:00 0 
8f400000-92800000 rw-p 00000000 00:00 0 
92800000-92e01000 r--p 00001000 08:01 138997     /usr/lib/jvm/java-7-openjdk-i386/jre/lib/i386/client/classes.jsa
92e01000-93200000 rw-p 00000000 00:00 0 
93200000-9391f000 rw-p 00602000 08:01 138997     /usr/lib/jvm/java-7-openjdk-i386/jre/lib/i386/client/classes.jsa
9391f000-93e00000 rw-p 00000000 00:00 0 
93e00000-94115000 rw-p 00d21000 08:01 138997     /usr/lib/jvm/java-7-openjdk-i386/jre/lib/i386/client/classes.jsa
94115000-94200000 rw-p 00000000 00:00 0 
94200000-94209000 r-xp 01036000 08:01 138997     /usr/lib/jvm/java-7-openjdk-i386/jre/lib/i386/client/classes.jsa
94209000-94600000 rw-p 00000000 00:00 0 
b280a000-b280d000 ---p 00000000 00:00 0 
b280d000-b285b000 rw-p 00000000 00:00 0 
b285b000-b285e000 ---p 00000000 00:00 0 
b285e000-b28ac000 rw-p 00000000 00:00 0 
b28f8000-b28fb000 ---p 00000000 00:00 0 
b28fb000-b2949000 rw-p 00000000 00:00 0 
b2949000-b296e000 rw-s 00000000 00:04 17399829   /SYSV00000000 (deleted)
b296e000-b29b1000 rw-s 00000000 00:04 17334292   /SYSV00000000 (deleted)
b29b1000-b3126000 rw-s 00000000 00:04 8093720    /SYSV00000000 (deleted)
b3128000-b3133000 rw-s 00000000 00:04 17104921   /SYSV00000000 (deleted)
b3133000-b3136000 ---p 00000000 00:00 0 
b3136000-b3184000 rw-p 00000000 00:00 0 
b318e000-b3191000 ---p 00000000 00:00 0 
b3191000-b31df000 rw-p 00000000 00:00 0          [stack:18030]
b31e4000-b31e5000 r--s 00003000 08:01 816769     /home/user/contiki3/contiki/tools/cooja/apps/powertracker/lib/powertracker.jar
b31e5000-b31e6000 r--s 00002000 08:01 816618     /home/user/contiki3/contiki/tools/cooja/apps/collect-view/cooja-collect-view.jar
b31e6000-b31e8000 r--s 00008000 08:01 816606     /home/user/contiki3/contiki/tools/cooja/apps/serial_socket/lib/serial_socket.jar
b31e8000-b3222000 r--s 001e1000 08:01 813468     /home/user/contiki3/contiki/tools/cooja/apps/avrora/lib/avrora-small.jar
b3222000-b3223000 r--s 00008000 08:01 816571     /home/user/contiki3/contiki/tools/cooja/apps/avrora/lib/cooja_avrora.jar
b3223000-b3225000 r--s 00010000 08:01 816339     /home/user/contiki3/contiki/tools/cooja/apps/mspsim/lib/jipv6.jar
b3225000-b3226000 r--s 00004000 08:01 816340     /home/user/contiki3/contiki/tools/cooja/apps/mspsim/lib/coffee.jar
b3226000-b3232000 r--s 000eb000 08:01 816338     /home/user/contiki3/contiki/tools/cooja/apps/mspsim/lib/mspsim.jar
b3232000-b3238000 r--s 00064000 08:01 816543     /home/user/contiki3/contiki/tools/cooja/apps/mspsim/lib/cooja_mspsim.jar
b3238000-b323a000 r--s 0001e000 08:01 814875     /home/user/contiki3/contiki/tools/cooja/apps/mrm/lib/mrm.jar
b323a000-b323d000 ---p 00000000 00:00 0 
b323d000-b328b000 rw-p 00000000 00:00 0          [stack:16732]
b328b000-b328e000 ---p 00000000 00:00 0 
b328e000-b32dc000 rw-p 00000000 00:00 0          [stack:16731]
b32dc000-b32df000 ---p 00000000 00:00 0 
b32df000-b332d000 rw-p 00000000 00:00 0          [stack:16730]
b332d000-b332e000 r--s 00000000 08:01 398509     /var/cache/fontconfig/087e1975ba9a574b140bb1df193bf770-le32d4.cache-4
b332e000-b3338000 r--s 00000000 08:01 405424     /var/cache/fontconfig/6aa41aa22e18b8fa06a12da28ea9c28b-le32d4.cache-4
b3338000-b3339000 r--s 00000000 08:01 405413     /var/cache/fontconfig/c05880de57d1f5e948fdfacc138775d9-le32d4.cache-4
b3339000-b3341000 r--s 00000000 08:01 404392     /var/cache/fontconfig/945677eb7aeaf62f1d50efc3fb3ec7d8-le32d4.cache-4
b3341000-b3343000 r--s 00000000 08:01 405411     /var/cache/fontconfig/99e8ed0e538f840c565b6ed5dad60d56-le32d4.cache-4
b3343000-b3347000 r--s 00000000 08:01 405410     /var/cache/fontconfig/2cd17615ca594fa2959ae173292e504c-le32d4.cache-4
b3347000-b3348000 r--s 00000000 08:01 405409     /var/cache/fontconfig/e7071f4a29fa870f4323321c154eba04-le32d4.cache-4
b3348000-b3349000 r--s 00000000 08:01 405407     /var/cache/fontconfig/0d8c3b2ac0904cb8a57a757ad11a4a08-le32d4.cache-4
b3349000-b334e000 r--s 00000000 08:01 405406     /var/cache/fontconfig/a755afe4a08bf5b97852ceb7400b47bc-le32d4.cache-4
b334e000-b3357000 r--s 00000000 08:01 405394     /var/cache/fontconfig/6d41288fd70b0be22e8c3a91e032eec0-le32d4.cache-4
b3357000-b3366000 r--s 00000000 08:01 405342     /var/cache/fontconfig/04aabc0a78ac019cf9454389977116d2-le32d4.cache-4
b3366000-b3367000 r--s 00000000 08:01 405341     /var/cache/fontconfig/1ac9eb803944fde146138c791f5cc56a-le32d4.cache-4
b3367000-b3368000 r--s 00000000 08:01 405340     /var/cache/fontconfig/b95bc8ffbebda2bbdae4265e45b8178d-le32d4.cache-4
b3368000-b336b000 r--s 00000000 08:01 405339     /var/cache/fontconfig/385c0604a188198f04d133e54aba7fe7-le32d4.cache-4
b336b000-b336c000 r--s 00000000 08:01 405338     /var/cache/fontconfig/9c956a7723ca69a44b382d9179c9802f-le32d4.cache-4
b336c000-b336d000 r--s 00000000 08:01 405337     /var/cache/fontconfig/dc05db6664285cc2f12bf69c139ae4c3-le32d4.cache-4
b336d000-b336e000 r--s 00000000 08:01 405336     /var/cache/fontconfig/5d1cca7074f29429a8d18692746c2426-le32d4.cache-4
b336e000-b3370000 r--s 00000000 08:01 397884     /var/cache/fontconfig/767a8244fc0220cfb567a839d0392e0b-le32d4.cache-4
b3370000-b3371000 r--s 00000000 08:01 405335     /var/cache/fontconfig/4794a0821666d79190d59a36cb4f44b5-le32d4.cache-4
b3371000-b3372000 r--s 00000000 08:01 405334     /var/cache/fontconfig/9eae20f1ff8cc0a7d125749e875856bd-le32d4.cache-4
b3372000-b3374000 r--s 00000000 08:01 405322     /var/cache/fontconfig/bf2c1853a9e9b00bb02fe2e9bcf1e201-le32d4.cache-4
b3374000-b3378000 r--s 00000000 08:01 405321     /var/cache/fontconfig/8801497958630a81b71ace7c5f9b32a8-le32d4.cache-4
b3378000-b337d000 r--s 00000000 08:01 405320     /var/cache/fontconfig/3047814df9a2f067bd2d96a2b9c36e5a-le32d4.cache-4
b337d000-b3380000 r--s 00000000 08:01 405318     /var/cache/fontconfig/bf3b770c553c462765856025a94f1ce6-le32d4.cache-4
b3380000-b3381000 r--s 00000000 08:01 405317     /var/cache/fontconfig/56cf4f4769d0f4abc89a4895d7bd3ae1-le32d4.cache-4
b3381000-b3382000 r--s 00000000 08:01 405316     /var/cache/fontconfig/b9d506c9ac06c20b433354fa67a72993-le32d4.cache-4
b3382000-b3386000 r--s 00000000 08:01 405315     /var/cache/fontconfig/b47c4e1ecd0709278f4910c18777a504-le32d4.cache-4
b3386000-b3388000 r--s 00000000 08:01 405314     /var/cache/fontconfig/14d493b97896515cad3840ba4896e372-le32d4.cache-4
b3388000-b3389000 r--s 00000000 08:01 405313     /var/cache/fontconfig/89034621ae2a8922916bb6bfa5799546-le32d4.cache-4
b3389000-b338c000 r--s 00000000 08:01 405312     /var/cache/fontconfig/e49e89034d371f0f9de17aab02136486-le32d4.cache-4
b338c000-b338e000 r--s 00000000 08:01 405311     /var/cache/fontconfig/4b14b093aebc79c320de5e86ae1d3314-le32d4.cache-4
b338e000-b338f000 r--s 00000000 08:01 405309     /var/cache/fontconfig/8aec10f4cc8391dcef22ca549f1e4354-le32d4.cache-4
b338f000-b339f000 r--s 00000000 08:01 405308     /var/cache/fontconfig/d52a8644073d54c13679302ca1180695-le32d4.cache-4
b339f000-b33a0000 r--s 00000000 08:01 405294     /var/cache/fontconfig/8a687c406b77f27d99abfeeba937fcce-le32d4.cache-4
b33a0000-b33a7000 r--s 00000000 08:01 405293     /var/cache/fontconfig/3f7329c5293ffd510edef78f73874cfd-le32d4.cache-4
b33a7000-b33a8000 r--s 00000000 08:01 405292     /var/cache/fontconfig/ac2cf712d852da827a87a9baf682f5b9-le32d4.cache-4
b33a8000-b33aa000 r--s 00000000 08:01 405286     /var/cache/fontconfig/65f976e5259cbe6dc7697b8648396239-le32d4.cache-4
b33aa000-b33b3000 r--s 00000000 08:01 404393     /var/cache/fontconfig/d589a48862398ed80a3d6066f4f56f4c-le32d4.cache-4
b33b3000-b33b4000 r--s 00000000 08:01 404293     /var/cache/fontconfig/94f7fe9bd33aadfac165873bd010d595-le32d4.cache-4
b33b4000-b33b5000 r--s 00000000 08:01 404277     /var/cache/fontconfig/423767150eb258c59035de29db6fca84-le32d4.cache-4
b33b5000-b33b6000 r--s 00000000 08:01 404276     /var/cache/fontconfig/845c20fd2c4814bcec78e05d37a63ccc-le32d4.cache-4
b33b6000-b33b7000 r--s 00000000 08:01 404275     /var/cache/fontconfig/e7de81b01590fb7e12b38e274e17d0db-le32d4.cache-4
b33b7000-b33b8000 r--s 00000000 08:01 403278     /var/cache/fontconfig/406a1d2d2bf3ed7664fbadefac0b2f66-le32d4.cache-4
b33b8000-b33ba000 r--s 00000000 08:01 401899     /var/cache/fontconfig/67709b7835c0f764c1135060c9575660-le32d4.cache-4
b33ba000-b33c2000 r--s 00000000 08:01 401898     /var/cache/fontconfig/198d8fcf01c96d0cf813f74fd759bdb7-le32d4.cache-4
b33c2000-b33c3000 r--s 00000000 08:01 401866     /var/cache/fontconfig/0c9eb80ebd1c36541ebe2852d3bb0c49-le32d4.cache-4
b33c3000-b33cc000 r--s 00000000 08:01 401800     /var/cache/fontconfig/83bf95040141907cd45bb53cf7c1c148-le32d4.cache-4
b33cc000-b33ce000 r--s 00000000 08:01 401799     /var/cache/fontconfig/6e6b34ae150a7ad95e82fb4a522f0bda-le32d4.cache-4
b33ce000-b33cf000 r--s 00000000 08:01 401797     /var/cache/fontconfig/3334a778d104e76d188e9df399bc24d2-le32d4.cache-4
b33cf000-b33d5000 r--s 00000000 08:01 401796     /var/cache/fontconfig/53d14c92082a93e67d5078324eb314ca-le32d4.cache-4
b33d5000-b33d8000 r--s 00000000 08:01 401795     /var/cache/fontconfig/6c08beecf0dac481ec92e759e0c2e6d7-le32d4.cache-4
b33d8000-b33db000 r--s 00000000 08:01 401794     /var/cache/fontconfig/4d6aee6d44eccb37054d3216e945f618-le32d4.cache-4
b33db000-b33de000 r--s 00000000 08:01 401793     /var/cache/fontconfig/d6c6df98c3df5faf9bd0f8ef4d91efe5-le32d4.cache-4
b33de000-b33e1000 r--s 00000000 08:01 401792     /var/cache/fontconfig/9fb319ef52839f11ee26ab8b4cffa12b-le32d4.cache-4
b33e1000-b33f1000 r--s 00000000 08:01 401791     /var/cache/fontconfig/4ac51e5cfbc76fc3f983e470323a16d3-le32d4.cache-4
b33f1000-b33f3000 r--s 00000000 08:01 401790     /var/cache/fontconfig/c19b55eb3b4c5b40ea175e31682068a5-le32d4.cache-4
b33f3000-b33f6000 r--s 00000000 08:01 401788     /var/cache/fontconfig/de83a0a961185c8bd1f159015d56c039-le32d4.cache-4
b33f6000-b3407000 r--s 00000000 08:01 396169     /var/cache/fontconfig/e13b20fdb08344e0e664864cc2ede53d-le32d4.cache-4
b3407000-b3411000 r--s 00000000 08:01 405428     /var/cache/fontconfig/8f02d4cb045bd6ce15663e43f347c9f8-le32d4.cache-4
b3411000-b3461000 r-xp 00000000 08:01 144521     /usr/lib/jvm/java-7-openjdk-i386/jre/lib/i386/libfontmanager.so
b3461000-b3463000 r--p 0004f000 08:01 144521     /usr/lib/jvm/java-7-openjdk-i386/jre/lib/i386/libfontmanager.so
b3463000-b3464000 rw-p 00051000 08:01 144521     /usr/lib/jvm/java-7-openjdk-i386/jre/lib/i386/libfontmanager.so
b3464000-b3467000 ---p 00000000 00:00 0 
b3467000-b34b5000 rw-p 00000000 00:00 0          [stack:16729]
b34b5000-b34b9000 r-xp 00000000 08:01 7640       /usr/lib/i386-linux-gnu/libXfixes.so.3.1.0
b34b9000-b34ba000 r--p 00003000 08:01 7640       /usr/lib/i386-linux-gnu/libXfixes.so.3.1.0
b34ba000-b34bb000 rw-p 00004000 08:01 7640       /usr/lib/i386-linux-gnu/libXfixes.so.3.1.0
b34bb000-b34c4000 r-xp 00000000 08:01 9790       /usr/lib/i386-linux-gnu/libXcursor.so.1.0.2
b34c4000-b34c5000 r--p 00008000 08:01 9790       /usr/lib/i386-linux-gnu/libXcursor.so.1.0.2
b34c5000-b34c6000 rw-p 00009000 08:01 9790       /usr/lib/i386-linux-gnu/libXcursor.so.1.0.2
b34c6000-b34c9000 ---p 00000000 00:00 0 
b34c9000-b3517000 rw-p 00000000 00:00 0          [stack:16728]
b3517000-b353d000 r-xp 00000000 08:01 158416     /lib/i386-linux-gnu/libpng12.so.0.50.0
b353d000-b353e000 r--p 00025000 08:01 158416     /lib/i386-linux-gnu/libpng12.so.0.50.0
b353e000-b353f000 rw-p 00026000 08:01 158416     /lib/i386-linux-gnu/libpng12.so.0.50.0
b353f000-b3544000 r-xp 00000000 08:01 5406       /usr/lib/i386-linux-gnu/libXdmcp.so.6.0.0
b3544000-b3545000 r--p 00004000 08:01 5406       /usr/lib/i386-linux-gnu/libXdmcp.so.6.0.0
b3545000-b3546000 rw-p 00005000 08:01 5406       /usr/lib/i386-linux-gnu/libXdmcp.so.6.0.0
b3546000-b3548000 r-xp 00000000 08:01 5352       /usr/lib/i386-linux-gnu/libXau.so.6.0.0
b3548000-b3549000 r--p 00001000 08:01 5352       /usr/lib/i386-linux-gnu/libXau.so.6.0.0
b3549000-b354a000 rw-p 00002000 08:01 5352       /usr/lib/i386-linux-gnu/libXau.so.6.0.0
b354a000-b356f000 r-xp 00000000 08:01 131421     /lib/i386-linux-gnu/libexpat.so.1.6.0
b356f000-b3570000 ---p 00025000 08:01 131421     /lib/i386-linux-gnu/libexpat.so.1.6.0
b3570000-b3572000 r--p 00025000 08:01 131421     /lib/i386-linux-gnu/libexpat.so.1.6.0
b3572000-b3573000 rw-p 00027000 08:01 131421     /lib/i386-linux-gnu/libexpat.so.1.6.0
b3573000-b360e000 r-xp 00000000 08:01 9131       /usr/lib/i386-linux-gnu/libfreetype.so.6.11.1
b360e000-b3612000 r--p 0009a000 08:01 9131       /usr/lib/i386-linux-gnu/libfreetype.so.6.11.1
b3612000-b3613000 rw-p 0009e000 08:01 9131       /usr/lib/i386-linux-gnu/libfreetype.so.6.11.1
b3613000-b3633000 r-xp 00000000 08:01 66655      /usr/lib/i386-linux-gnu/libxcb.so.1.1.0
b3633000-b3634000 r--p 0001f000 08:01 66655      /usr/lib/i386-linux-gnu/libxcb.so.1.1.0
b3634000-b3635000 rw-p 00020000 08:01 66655      /usr/lib/i386-linux-gnu/libxcb.so.1.1.0
b3635000-b366e000 r-xp 00000000 08:01 11084      /usr/lib/i386-linux-gnu/libfontconfig.so.1.8.0
b366e000-b366f000 r--p 00039000 08:01 11084      /usr/lib/i386-linux-gnu/libfontconfig.so.1.8.0
b366f000-b3670000 rw-p 0003a000 08:01 11084      /usr/lib/i386-linux-gnu/libfontconfig.so.1.8.0
b3670000-b367e000 r-xp 00000000 08:01 7577       /usr/lib/i386-linux-gnu/libXi.so.6.1.0
b367e000-b367f000 r--p 0000e000 08:01 7577       /usr/lib/i386-linux-gnu/libXi.so.6.1.0
b367f000-b3680000 rw-p 0000f000 08:01 7577       /usr/lib/i386-linux-gnu/libXi.so.6.1.0
b3680000-b37b0000 r-xp 00000000 08:01 10842      /usr/lib/i386-linux-gnu/libX11.so.6.3.0
b37b0000-b37b1000 r--p 00130000 08:01 10842      /usr/lib/i386-linux-gnu/libX11.so.6.3.0
b37b1000-b37b3000 rw-p 00131000 08:01 10842      /usr/lib/i386-linux-gnu/libX11.so.6.3.0
b37b3000-b37b4000 rw-p 00000000 00:00 0 
b37b4000-b37fc000 r-xp 00000000 08:01 144008     /usr/lib/jvm/java-7-openjdk-i386/jre/lib/i386/xawt/libmawt.so
b37fc000-b37fd000 r--p 00048000 08:01 144008     /usr/lib/jvm/java-7-openjdk-i386/jre/lib/i386/xawt/libmawt.so
b37fd000-b37ff000 rw-p 00049000 08:01 144008     /usr/lib/jvm/java-7-openjdk-i386/jre/lib/i386/xawt/libmawt.so
b37ff000-b3800000 rw-p 00000000 00:00 0 
b3800000-b3899000 rw-p 00000000 00:00 0 
b3899000-b3900000 ---p 00000000 00:00 0 
b3900000-b3901000 r--s 00000000 08:01 401789     /var/cache/fontconfig/c277e94e32b20404286a1ddafa5a80f0-le32d4.cache-4
b3901000-b3906000 r-xp 00000000 08:01 10292      /usr/lib/i386-linux-gnu/libXtst.so.6.1.0
b3906000-b3907000 r--p 00004000 08:01 10292      /usr/lib/i386-linux-gnu/libXtst.so.6.1.0
b3907000-b3908000 rw-p 00005000 08:01 10292      /usr/lib/i386-linux-gnu/libXtst.so.6.1.0
b3908000-b3911000 r-xp 00000000 08:01 6199       /usr/lib/i386-linux-gnu/libXrender.so.1.3.0
b3911000-b3912000 r--p 00008000 08:01 6199       /usr/lib/i386-linux-gnu/libXrender.so.1.3.0
b3912000-b3913000 rw-p 00009000 08:01 6199       /usr/lib/i386-linux-gnu/libXrender.so.1.3.0
b3913000-b3924000 r-xp 00000000 08:01 6183       /usr/lib/i386-linux-gnu/libXext.so.6.4.0
b3924000-b3925000 r--p 00010000 08:01 6183       /usr/lib/i386-linux-gnu/libXext.so.6.4.0
b3925000-b3926000 rw-p 00011000 08:01 6183       /usr/lib/i386-linux-gnu/libXext.so.6.4.0
b3926000-b39b5000 r-xp 00000000 08:01 158574     /usr/lib/jvm/java-7-openjdk-i386/jre/lib/i386/libawt.so
b39b5000-b39b6000 r--p 0008f000 08:01 158574     /usr/lib/jvm/java-7-openjdk-i386/jre/lib/i386/libawt.so
b39b6000-b39bd000 rw-p 00090000 08:01 158574     /usr/lib/jvm/java-7-openjdk-i386/jre/lib/i386/libawt.so
b39bd000-b39e1000 rw-p 00000000 00:00 0 
b39e1000-b3a1d000 r-xp 00000000 08:01 132344     /lib/i386-linux-gnu/libpcre.so.3.13.1
b3a1d000-b3a1e000 r--p 0003b000 08:01 132344     /lib/i386-linux-gnu/libpcre.so.3.13.1
b3a1e000-b3a1f000 rw-p 0003c000 08:01 132344     /lib/i386-linux-gnu/libpcre.so.3.13.1
b3a1f000-b3a24000 r-xp 00000000 08:01 5644       /usr/lib/i386-linux-gnu/libffi.so.6.0.1
b3a24000-b3a25000 r--p 00005000 08:01 5644       /usr/lib/i386-linux-gnu/libffi.so.6.0.1
b3a25000-b3a26000 rw-p 00006000 08:01 5644       /usr/lib/i386-linux-gnu/libffi.so.6.0.1
b3a26000-b3a39000 r-xp 00000000 08:01 134538     /lib/i386-linux-gnu/libresolv-2.19.so
b3a39000-b3a3a000 ---p 00013000 08:01 134538     /lib/i386-linux-gnu/libresolv-2.19.so
b3a3a000-b3a3b000 r--p 00013000 08:01 134538     /lib/i386-linux-gnu/libresolv-2.19.so
b3a3b000-b3a3c000 rw-p 00014000 08:01 134538     /lib/i386-linux-gnu/libresolv-2.19.so
b3a3c000-b3a3e000 rw-p 00000000 00:00 0 
b3a3e000-b3a5e000 r-xp 00000000 08:01 131406     /lib/i386-linux-gnu/libselinux.so.1
b3a5e000-b3a5f000 r--p 0001f000 08:01 131406     /lib/i386-linux-gnu/libselinux.so.1
b3a5f000-b3a60000 rw-p 00020000 08:01 131406     /lib/i386-linux-gnu/libselinux.so.1
b3a60000-b3a61000 rw-p 00000000 00:00 0 
b3a61000-b3a64000 r-xp 00000000 08:01 1675       /usr/lib/i386-linux-gnu/libgmodule-2.0.so.0.4002.0
b3a64000-b3a65000 r--p 00002000 08:01 1675       /usr/lib/i386-linux-gnu/libgmodule-2.0.so.0.4002.0
b3a65000-b3a66000 rw-p 00003000 08:01 1675       /usr/lib/i386-linux-gnu/libgmodule-2.0.so.0.4002.0
b3a66000-b3b70000 r-xp 00000000 08:01 136564     /lib/i386-linux-gnu/libglib-2.0.so.0.4002.0
b3b70000-b3b71000 r--p 00109000 08:01 136564     /lib/i386-linux-gnu/libglib-2.0.so.0.4002.0
b3b71000-b3b72000 rw-p 0010a000 08:01 136564     /lib/i386-linux-gnu/libglib-2.0.so.0.4002.0
b3b72000-b3bc2000 r-xp 00000000 08:01 1672       /usr/lib/i386-linux-gnu/libgobject-2.0.so.0.4002.0
b3bc2000-b3bc3000 r--p 0004f000 08:01 1672       /usr/lib/i386-linux-gnu/libgobject-2.0.so.0.4002.0
b3bc3000-b3bc4000 rw-p 00050000 08:01 1672       /usr/lib/i386-linux-gnu/libgobject-2.0.so.0.4002.0
b3bc4000-b3d41000 r-xp 00000000 08:01 1674       /usr/lib/i386-linux-gnu/libgio-2.0.so.0.4002.0
b3d41000-b3d43000 r--p 0017d000 08:01 1674       /usr/lib/i386-linux-gnu/libgio-2.0.so.0.4002.0
b3d43000-b3d44000 rw-p 0017f000 08:01 1674       /usr/lib/i386-linux-gnu/libgio-2.0.so.0.4002.0
b3d44000-b3d45000 rw-p 00000000 00:00 0 
b3d45000-b3d49000 r--s 00000000 08:01 401865     /var/cache/fontconfig/7ef2298fde41cc6eeb7af42e48b7d293-le32d4.cache-4
b3d49000-b3d5f000 r--s 00000000 08:01 405427     /var/cache/fontconfig/467c019e582ee353435ea5c21d137ef6-le32d4.cache-4
b3d5f000-b3d77000 r-xp 00000000 08:01 158567     /usr/lib/jvm/java-7-openjdk-i386/jre/lib/i386/libnet.so
b3d77000-b3d78000 r--p 00017000 08:01 158567     /usr/lib/jvm/java-7-openjdk-i386/jre/lib/i386/libnet.so
b3d78000-b3d79000 rw-p 00018000 08:01 158567     /usr/lib/jvm/java-7-openjdk-i386/jre/lib/i386/libnet.so
b3d79000-b3d8a000 r-xp 00000000 08:01 144579     /usr/lib/jvm/java-7-openjdk-i386/jre/lib/i386/libnio.so
b3d8a000-b3d8b000 r--p 00010000 08:01 144579     /usr/lib/jvm/java-7-openjdk-i386/jre/lib/i386/libnio.so
b3d8b000-b3d8c000 rw-p 00011000 08:01 144579     /usr/lib/jvm/java-7-openjdk-i386/jre/lib/i386/libnio.so
b3d8c000-b3d96000 r--s 000ae000 08:01 144241     /usr/lib/jvm/java-7-openjdk-i386/jre/lib/resources.jar
b3d96000-b3db3000 r--s 0014f000 08:01 813877     /home/user/contiki3/contiki/tools/cooja/lib/swingx-all-1.6.4.jar
b3db3000-b3dba000 r--s 0005b000 08:01 813875     /home/user/contiki3/contiki/tools/cooja/lib/jsyntaxpane.jar
b3dba000-b3dbb000 ---p 00000000 00:00 0 
b3dbb000-b3e3b000 rw-p 00000000 00:00 0          [stack:16727]
b3e3b000-b3e3e000 ---p 00000000 00:00 0 
b3e3e000-b3e8c000 rw-p 00000000 00:00 0          [stack:16726]
b3e8c000-b3e8f000 ---p 00000000 00:00 0 
b3e8f000-b3f0d000 rw-p 00000000 00:00 0          [stack:16725]
b3f0d000-b3f10000 ---p 00000000 00:00 0 
b3f10000-b3f5e000 rw-p 00000000 00:00 0          [stack:16724]
b3f5e000-b415e000 r--p 00000000 08:01 369        /usr/lib/locale/locale-archive
b415e000-b4161000 ---p 00000000 00:00 0 
b4161000-b41af000 rw-p 00000000 00:00 0          [stack:16723]
b41af000-b41b2000 ---p 00000000 00:00 0 
b41b2000-b4200000 rw-p 00000000 00:00 0          [stack:16722]
b4200000-b42f4000 rw-p 00000000 00:00 0 
b42f4000-b4300000 ---p 00000000 00:00 0 
b4300000-b4302000 r-xp 00000000 08:01 3489       /usr/lib/i386-linux-gnu/libXcomposite.so.1.0.0
b4302000-b4303000 r--p 00001000 08:01 3489       /usr/lib/i386-linux-gnu/libXcomposite.so.1.0.0
b4303000-b4304000 rw-p 00002000 08:01 3489       /usr/lib/i386-linux-gnu/libXcomposite.so.1.0.0
b4304000-b430b000 r--s 0004f000 08:01 813876     /home/user/contiki3/contiki/tools/cooja/lib/log4j.jar
b430b000-b430c000 ---p 00000000 00:00 0 
b430c000-b43d5000 rw-p 00000000 00:00 0          [stack:16721]
b43d5000-b4588000 r--s 01d41000 08:01 144261     /usr/lib/jvm/java-7-openjdk-i386/jre/lib/rt.jar
b4588000-b458f000 rw-p 00000000 00:00 0 
b458f000-b45a9000 rw-p 00000000 00:00 0 
b45a9000-b4638000 rw-p 00000000 00:00 0 
b4638000-b4654000 rw-p 00000000 00:00 0 
b4654000-b469c000 rw-p 00000000 00:00 0 
b469c000-b46a9000 rw-p 00000000 00:00 0 
b46a9000-b4738000 rw-p 00000000 00:00 0 
b4738000-b4754000 rw-p 00000000 00:00 0 
b4754000-b475a000 rw-p 00000000 00:00 0 
b475a000-b4774000 rw-p 00000000 00:00 0 
b4774000-b4796000 rw-p 00000000 00:00 0 
b4796000-b4800000 rw-p 00000000 00:00 0 
b4800000-b4d70000 rwxp 00000000 00:00 0 
b4d70000-b68f6000 rw-p 00000000 00:00 0 
b68f6000-b6900000 ---p 00000000 00:00 0 
b6900000-b6901000 r--s 00000000 08:01 405570     /var/cache/fontconfig/16326683038b281783a0ef8c680e3a10-le32d4.cache-4
b6901000-b6902000 r--s 00000000 08:01 395718     /var/cache/fontconfig/e0aa53bcfa504e64f87823c16bc01eb6-le32d4.cache-4
b6902000-b6905000 r--s 00022000 08:01 813874     /home/user/contiki3/contiki/tools/cooja/lib/jdom.jar
b6905000-b6909000 r--s 00085000 08:01 144417     /usr/lib/jvm/java-7-openjdk-i386/jre/lib/ext/localedata.jar
b6909000-b690a000 r--s 00002000 08:01 144348     /usr/lib/jvm/java-7-openjdk-i386/jre/lib/ext/dnsns.jar
b690a000-b690e000 r--s 00034000 08:01 144305     /usr/lib/jvm/java-7-openjdk-i386/jre/lib/ext/sunjce_provider.jar
b690e000-b6911000 r--s 0000f000 08:01 144352     /usr/lib/jvm/java-7-openjdk-i386/jre/lib/ext/icedtea-sound.jar
b6911000-b6914000 r--s 0003d000 08:01 144267     /usr/lib/jvm/java-7-openjdk-i386/jre/lib/ext/sunpkcs11.jar
b6914000-b6916000 r--s 00006000 08:01 276693     /usr/share/java/java-atk-wrapper.jar
b6916000-b6920000 r-xp 00000000 08:01 134558     /lib/i386-linux-gnu/libnss_files-2.19.so
b6920000-b6921000 r--p 00009000 08:01 134558     /lib/i386-linux-gnu/libnss_files-2.19.so
b6921000-b6922000 rw-p 0000a000 08:01 134558     /lib/i386-linux-gnu/libnss_files-2.19.so
b6922000-b692c000 r-xp 00000000 08:01 134550     /lib/i386-linux-gnu/libnss_nis-2.19.so
b692c000-b692d000 r--p 00009000 08:01 134550     /lib/i386-linux-gnu/libnss_nis-2.19.so
b692d000-b692e000 rw-p 0000a000 08:01 134550     /lib/i386-linux-gnu/libnss_nis-2.19.so
b692e000-b6943000 r-xp 00000000 08:01 134546     /lib/i386-linux-gnu/libnsl-2.19.so
b6943000-b6944000 r--p 00015000 08:01 134546     /lib/i386-linux-gnu/libnsl-2.19.so
b6944000-b6945000 rw-p 00016000 08:01 134546     /lib/i386-linux-gnu/libnsl-2.19.so
b6945000-b6947000 rw-p 00000000 00:00 0 
b6947000-b694e000 r-xp 00000000 08:01 134545     /lib/i386-linux-gnu/libnss_compat-2.19.so
b694e000-b694f000 r--p 00006000 08:01 134545     /lib/i386-linux-gnu/libnss_compat-2.19.so
b694f000-b6950000 rw-p 00007000 08:01 134545     /lib/i386-linux-gnu/libnss_compat-2.19.so
b6950000-b6952000 r--s 00012000 08:01 144318     /usr/lib/jvm/java-7-openjdk-i386/jre/lib/ext/zipfs.jar
b6952000-b6953000 r--p 002c5000 08:01 369        /usr/lib/locale/locale-archive
b6953000-b6960000 rw-p 00000000 00:00 0 
b6960000-b6968000 r-xp 00000000 08:01 158564     /usr/lib/jvm/java-7-openjdk-i386/jre/lib/i386/libzip.so
b6968000-b6969000 r--p 00007000 08:01 158564     /usr/lib/jvm/java-7-openjdk-i386/jre/lib/i386/libzip.so
b6969000-b696a000 rw-p 00008000 08:01 158564     /usr/lib/jvm/java-7-openjdk-i386/jre/lib/i386/libzip.so
b696a000-b6991000 r-xp 00000000 08:01 158563     /usr/lib/jvm/java-7-openjdk-i386/jre/lib/i386/libjava.so
b6991000-b6992000 r--p 00026000 08:01 158563     /usr/lib/jvm/java-7-openjdk-i386/jre/lib/i386/libjava.so
b6992000-b6993000 rw-p 00027000 08:01 158563     /usr/lib/jvm/java-7-openjdk-i386/jre/lib/i386/libjava.so
b6993000-b699a000 r-xp 00000000 08:01 134554     /lib/i386-linux-gnu/librt-2.19.so
b699a000-b699b000 r--p 00006000 08:01 134554     /lib/i386-linux-gnu/librt-2.19.so
b699b000-b699c000 rw-p 00007000 08:01 134554     /lib/i386-linux-gnu/librt-2.19.so
b699c000-b699f000 ---p 00000000 00:00 0 
b699f000-b69ed000 rw-p 00000000 00:00 0          [stack:16717]
b69ed000-b6a09000 r-xp 00000000 08:01 131116     /lib/i386-linux-gnu/libgcc_s.so.1
b6a09000-b6a0a000 rw-p 0001b000 08:01 131116     /lib/i386-linux-gnu/libgcc_s.so.1
b6a0a000-b6a4e000 r-xp 00000000 08:01 134540     /lib/i386-linux-gnu/libm-2.19.so
b6a4e000-b6a4f000 r--p 00043000 08:01 134540     /lib/i386-linux-gnu/libm-2.19.so
b6a4f000-b6a50000 rw-p 00044000 08:01 134540     /lib/i386-linux-gnu/libm-2.19.so
b6a50000-b6b2c000 r-xp 00000000 08:01 969        /usr/lib/i386-linux-gnu/libstdc++.so.6.0.19
b6b2c000-b6b30000 r--p 000dc000 08:01 969        /usr/lib/i386-linux-gnu/libstdc++.so.6.0.19
b6b30000-b6b31000 rw-p 000e0000 08:01 969        /usr/lib/i386-linux-gnu/libstdc++.so.6.0.19
b6b31000-b6b38000 rw-p 00000000 00:00 0 
b6b38000-b716f000 r-xp 00000000 08:01 144786     /usr/lib/jvm/java-7-openjdk-i386/jre/lib/i386/client/libjvm.so
b716f000-b7170000 ---p 00637000 08:01 144786     /usr/lib/jvm/java-7-openjdk-i386/jre/lib/i386/client/libjvm.so
b7170000-b7186000 r--p 00637000 08:01 144786     /usr/lib/jvm/java-7-openjdk-i386/jre/lib/i386/client/libjvm.so
b7186000-b7195000 rw-p 0064d000 08:01 144786     /usr/lib/jvm/java-7-openjdk-i386/jre/lib/i386/client/libjvm.so
b7195000-b75b1000 rw-p 00000000 00:00 0 
b75b1000-b75c9000 r-xp 00000000 08:01 158556     /lib/i386-linux-gnu/libz.so.1.2.8
b75c9000-b75ca000 r--p 00017000 08:01 158556     /lib/i386-linux-gnu/libz.so.1.2.8
b75ca000-b75cb000 rw-p 00018000 08:01 158556     /lib/i386-linux-gnu/libz.so.1.2.8
b75cb000-b75e3000 r-xp 00000000 08:01 134547     /lib/i386-linux-gnu/libpthread-2.19.so
b75e3000-b75e4000 r--p 00018000 08:01 134547     /lib/i386-linux-gnu/libpthread-2.19.so
b75e4000-b75e5000 rw-p 00019000 08:01 134547     /lib/i386-linux-gnu/libpthread-2.19.so
b75e5000-b75e7000 rw-p 00000000 00:00 0 
b75e7000-b75ea000 r-xp 00000000 08:01 134542     /lib/i386-linux-gnu/libdl-2.19.so
b75ea000-b75eb000 r--p 00002000 08:01 134542     /lib/i386-linux-gnu/libdl-2.19.so
b75eb000-b75ec000 rw-p 00003000 08:01 134542     /lib/i386-linux-gnu/libdl-2.19.so
b75ec000-b7794000 r-xp 00000000 08:01 134555     /lib/i386-linux-gnu/libc-2.19.so
b7794000-b7795000 ---p 001a8000 08:01 134555     /lib/i386-linux-gnu/libc-2.19.so
b7795000-b7797000 r--p 001a8000 08:01 134555     /lib/i386-linux-gnu/libc-2.19.so
b7797000-b7798000 rw-p 001aa000 08:01 134555     /lib/i386-linux-gnu/libc-2.19.so
b7798000-b779b000 rw-p 00000000 00:00 0 
b779b000-b77a3000 rw-s 00000000 08:01 434101     /tmp/hsperfdata_root/16715
b77a3000-b77a4000 rw-p 00000000 00:00 0 
b77a4000-b77a5000 ---p 00000000 00:00 0 
b77a5000-b77b3000 r-xp 00000000 08:01 158566     /usr/lib/jvm/java-7-openjdk-i386/jre/lib/i386/libverify.so
b77b3000-b77b4000 r--p 0000d000 08:01 158566     /usr/lib/jvm/java-7-openjdk-i386/jre/lib/i386/libverify.so
b77b4000-b77b5000 rw-p 0000e000 08:01 158566     /usr/lib/jvm/java-7-openjdk-i386/jre/lib/i386/libverify.so
b77b5000-b77c1000 r-xp 00000000 08:01 158573     /usr/lib/jvm/java-7-openjdk-i386/jre/lib/i386/jli/libjli.so
b77c1000-b77c2000 r--p 0000c000 08:01 158573     /usr/lib/jvm/java-7-openjdk-i386/jre/lib/i386/jli/libjli.so
b77c2000-b77c3000 rw-p 0000d000 08:01 158573     /usr/lib/jvm/java-7-openjdk-i386/jre/lib/i386/jli/libjli.so
b77c3000-b77c6000 rw-p 00000000 00:00 0 
b77c6000-b77c7000 r-xp 00000000 00:00 0          [vdso]
b77c7000-b77e7000 r-xp 00000000 08:01 134548     /lib/i386-linux-gnu/ld-2.19.so
b77e7000-b77e8000 r--p 0001f000 08:01 134548     /lib/i386-linux-gnu/ld-2.19.so
b77e8000-b77e9000 rw-p 00020000 08:01 134548     /lib/i386-linux-gnu/ld-2.19.so
bfb3d000-bfb3e000 rwxp 00000000 00:00 0 
bfb70000-bfb91000 rw-p 00000000 00:00 0          [stack]

VM Arguments:
jvm_args: -Xmx512m -Duser.language=en 
java_command: org.contikios.cooja.Cooja
Launcher Type: SUN_STANDARD

Environment Variables:
PATH=/usr/local/sbin:/usr/local/bin:/usr/sbin:/usr/bin:/sbin:/bin:/usr/local/msp430/bin
USERNAME=root
LD_LIBRARY_PATH=.
SHELL=/bin/bash
DISPLAY=:0.0

Signal Handlers:
SIGSEGV: [libjvm.so+0x4f0b20], sa_mask[0]=0x7ffbfeff, sa_flags=0x10000004
SIGBUS: [libjvm.so+0x4f0b20], sa_mask[0]=0x7ffbfeff, sa_flags=0x10000004
SIGFPE: [libjvm.so+0x3cc460], sa_mask[0]=0x7ffbfeff, sa_flags=0x10000004
SIGPIPE: [libjvm.so+0x3cc460], sa_mask[0]=0x7ffbfeff, sa_flags=0x10000004
SIGXFSZ: [libjvm.so+0x3cc460], sa_mask[0]=0x7ffbfeff, sa_flags=0x10000004
SIGILL: [libjvm.so+0x3cc460], sa_mask[0]=0x7ffbfeff, sa_flags=0x10000004
SIGUSR1: SIG_DFL, sa_mask[0]=0x00000000, sa_flags=0x00000000
SIGUSR2: [libjvm.so+0x3cc5c0], sa_mask[0]=0x00000004, sa_flags=0x10000004
SIGHUP: [libjvm.so+0x3cc520], sa_mask[0]=0x7ffbfeff, sa_flags=0x10000004
SIGINT: [libjvm.so+0x3cc520], sa_mask[0]=0x7ffbfeff, sa_flags=0x10000004
SIGTERM: [libjvm.so+0x3cc520], sa_mask[0]=0x7ffbfeff, sa_flags=0x10000004
SIGQUIT: [libjvm.so+0x3cc520], sa_mask[0]=0x7ffbfeff, sa_flags=0x10000004
SIGTRAP: SIG_DFL, sa_mask[0]=0x00000000, sa_flags=0x00000000


---------------  S Y S T E M  ---------------

OS:Ubuntu 14.04 (trusty)
uname:Linux 3.13.0-106-generic #153-Ubuntu SMP Tue Dec 6 15:45:13 UTC 2016 i686
libc:glibc 2.19 NPTL 2.19 
rlimit: STACK 8192k, CORE 0k, NPROC 7864, NOFILE 4096, AS infinity
load average:1.79 1.74 1.28

/proc/meminfo:
MemTotal:        1025900 kB
MemFree:           70108 kB
Buffers:             428 kB
Cached:            43428 kB
SwapCached:            0 kB
Active:           874512 kB
Inactive:          41700 kB
Active(anon):     873196 kB
Inactive(anon):    29620 kB
Active(file):       1316 kB
Inactive(file):    12080 kB
Unevictable:          32 kB
Mlocked:              32 kB
HighTotal:        135112 kB
HighFree:           1800 kB
LowTotal:         890788 kB
LowFree:           68308 kB
SwapTotal:             0 kB
SwapFree:              0 kB
Dirty:                92 kB
Writeback:             0 kB
AnonPages:        872412 kB
Mapped:            37616 kB
Shmem:             30436 kB
Slab:              21072 kB
SReclaimable:       8900 kB
SUnreclaim:        12172 kB
KernelStack:        2720 kB
PageTables:         7624 kB
NFS_Unstable:          0 kB
Bounce:                0 kB
WritebackTmp:          0 kB
CommitLimit:      512948 kB
Committed_AS:    2893208 kB
VmallocTotal:     122880 kB
VmallocUsed:        4456 kB
VmallocChunk:     111232 kB
HardwareCorrupted:     0 kB
AnonHugePages:    432128 kB
HugePages_Total:       0
HugePages_Free:        0
HugePages_Rsvd:        0
HugePages_Surp:        0
Hugepagesize:       2048 kB
DirectMap4k:       24568 kB
DirectMap2M:      888832 kB


CPU:total 1 (1 cores per cpu, 1 threads per core) family 6 model 61 stepping 4, cmov, cx8, fxsr, mmx, sse, sse2, sse3, ssse3, sse4.1, sse4.2, popcnt, avx, aes, tsc, tscinvbit

/proc/cpuinfo:
processor	: 0
vendor_id	: GenuineIntel
cpu family	: 6
model		: 61
model name	: Intel(R) Core(TM) i7-5600U CPU @ 2.60GHz
stepping	: 4
cpu MHz		: 2593.998
cache size	: 4096 KB
physical id	: 0
siblings	: 1
core id		: 0
cpu cores	: 1
apicid		: 0
initial apicid	: 0
fdiv_bug	: no
f00f_bug	: no
coma_bug	: no
fpu		: yes
fpu_exception	: yes
cpuid level	: 20
wp		: yes
flags		: fpu vme de pse tsc msr pae mce cx8 apic sep mtrr pge mca cmov pat pse36 clflush mmx fxsr sse sse2 syscall nx rdtscp lm constant_tsc xtopology nonstop_tsc pni pclmulqdq monitor ssse3 cx16 sse4_1 sse4_2 movbe popcnt aes xsave avx rdrand hypervisor lahf_lm abm 3dnowprefetch rdseed
bogomips	: 5187.99
clflush size	: 64
cache_alignment	: 64
address sizes	: 39 bits physical, 48 bits virtual
power management:



Memory: 4k page, physical 1025900k(70108k free), swap 0k(0k free)

vm_info: OpenJDK Client VM (24.121-b00) for linux-x86 JRE (1.7.0_121-b00), built on Nov 16 2016 00:51:04 by "buildd" with gcc 4.8.4

time: Fri Jan  6 21:51:57 2017
elapsed time: 1407 seconds

