#
# There is insufficient memory for the Java Runtime Environment to continue.
# Native memory allocation (malloc) failed to allocate 66834432 bytes for committing reserved memory.
# Possible reasons:
#   The system is out of physical RAM or swap space
#   In 32 bit mode, the process size limit was hit
# Possible solutions:
#   Reduce memory load on the system
#   Increase physical memory or swap space
#   Check if swap backing store is full
#   Use 64 bit Java on a 64 bit OS
#   Decrease Java heap size (-Xmx/-Xms)
#   Decrease number of Java threads
#   Decrease Java thread stack sizes (-Xss)
#   Set larger code cache with -XX:ReservedCodeCacheSize=
# This output file may be truncated or incomplete.
#
#  Out of Memory Error (os_linux.cpp:2827), pid=19266, tid=3023465280
#
# JRE version: OpenJDK Runtime Environment (7.0_121) (build 1.7.0_121-b00)
# Java VM: OpenJDK Client VM (24.121-b00 mixed mode, sharing linux-x86 )
# Derivative: IcedTea 2.6.8
# Distribution: Ubuntu 14.04 LTS, package 7u121-2.6.8-1ubuntu0.14.04.1
# Failed to write core dump. Core dumps have been disabled. To enable core dumping, try "ulimit -c unlimited" before starting Java again
#

---------------  T H R E A D  ---------------

Current thread (0xb6830400):  VMThread [stack: 0xb42e6000,0xb4367000] [id=19272]

Stack: [0xb42e6000,0xb4367000]
VM_Operation (0xb324ecc4): GenCollectForAllocation, mode: safepoint, requested by thread 0x08fbbc00


---------------  P R O C E S S  ---------------

Java Threads: ( => current thread )
  0x0912f400 JavaThread "Thread-12" [_thread_blocked, id=23881, stack(0xb314f000,0xb31a0000)]
  0x0912e800 JavaThread "Thread-11" [_thread_blocked, id=22761, stack(0xb25d6000,0xb2627000)]
  0x08fcf400 JavaThread "Thread-8" [_thread_blocked, id=22197, stack(0xb2627000,0xb2678000)]
  0x08fd0000 JavaThread "Thread-7" [_thread_blocked, id=21335, stack(0xb2678000,0xb26c9000)]
  0x08fcec00 JavaThread "Thread-6" [_thread_blocked, id=21298, stack(0xb26c9000,0xb271a000)]
  0x09123c00 JavaThread "Thread-5" [_thread_blocked, id=20441, stack(0xb271a000,0xb276b000)]
  0x09124c00 JavaThread "Thread-4" [_thread_blocked, id=20362, stack(0xb276b000,0xb27bc000)]
  0x08fd5000 JavaThread "Thread-3" [_thread_blocked, id=20269, stack(0xb27bc000,0xb280d000)]
  0x09120400 JavaThread "Thread-2" [_thread_blocked, id=20235, stack(0xb280d000,0xb285e000)]
  0x09119400 JavaThread "Thread-1" [_thread_blocked, id=20164, stack(0xb285e000,0xb28af000)]
  0x08fbbc00 JavaThread "TimerQueue" daemon [_thread_blocked, id=19283, stack(0xb31ff000,0xb3250000)]
  0xb6807800 JavaThread "DestroyJavaVM" [_thread_blocked, id=19268, stack(0xb6961000,0xb69b2000)]
  0xb387f000 JavaThread "AWT-EventQueue-0" [_thread_blocked, id=19282, stack(0xb3250000,0xb32a1000)]
  0xb387d400 JavaThread "AWT-Shutdown" [_thread_blocked, id=19281, stack(0xb32a1000,0xb32f2000)]
  0xb3849800 JavaThread "AWT-XAWT" daemon [_thread_blocked, id=19280, stack(0xb342b000,0xb347c000)]
  0xb383bc00 JavaThread "Java2D Disposer" daemon [_thread_blocked, id=19279, stack(0xb348d000,0xb34de000)]
  0xb684cc00 JavaThread "Service Thread" daemon [_thread_blocked, id=19277, stack(0xb3ddd000,0xb3e2e000)]
  0xb684ac00 JavaThread "C1 CompilerThread0" daemon [_thread_blocked, id=19276, stack(0xb3e2e000,0xb3eaf000)]
  0xb6849000 JavaThread "Signal Dispatcher" daemon [_thread_blocked, id=19275, stack(0xb3eaf000,0xb3f00000)]
  0xb6833400 JavaThread "Finalizer" daemon [_thread_blocked, id=19274, stack(0xb4244000,0xb4295000)]
  0xb6831c00 JavaThread "Reference Handler" daemon [_thread_blocked, id=19273, stack(0xb4295000,0xb42e6000)]

Other Threads:
=>0xb6830400 VMThread [stack: 0xb42e6000,0xb4367000] [id=19272]
  0xb684f000 WatcherThread [stack: 0xb3d5c000,0xb3ddd000] [id=19278]

VM state:at safepoint (normal execution)

VM Mutex/Monitor currently owned by a thread:  ([mutex/lock_event])
[0xb6804fe0] Threads_lock - owner thread: 0xb6830400
[0xb68053f0] Heap_lock - owner thread: 0x08fbbc00

Heap
 def new generation   total 55936K, used 0K [0x6e800000, 0x724b0000, 0x792a0000)
  eden space 49728K,   0% used [0x6e800000, 0x6e800000, 0x71890000)
  from space 6208K,   0% used [0x71ea0000, 0x71ea0000, 0x724b0000)
  to   space 6208K,   0% used [0x71890000, 0x71890000, 0x71ea0000)
 tenured generation   total 125184K, used 114269K [0x792a0000, 0x80ce0000, 0x8e800000)
   the space 125184K,  91% used [0x792a0000, 0x80237520, 0x80237600, 0x80ce0000)
 compacting perm gen  total 12288K, used 7604K [0x8e800000, 0x8f400000, 0x92800000)
   the space 12288K,  61% used [0x8e800000, 0x8ef6d168, 0x8ef6d200, 0x8f400000)
    ro space 10240K,  60% used [0x92800000, 0x92e00d38, 0x92e00e00, 0x93200000)
    rw space 12288K,  59% used [0x93200000, 0x9391e858, 0x9391ea00, 0x93e00000)

Card table byte_map: [0xb462f000,0xb475b000] byte_map_base: 0xb42bb000

Polling page: 0xb7769000

Code Cache  [0xb47db000, 0xb4d3b000, 0xb67db000)
 total_blobs=3388 nmethods=3085 adapters=235 free_code_cache=27266Kb largest_free_block=27919296

Compilation events (10 events):
Event: 4744.364 Thread 0xb684ac00 3093             java.awt.BorderLayout::invalidateLayout (1 bytes)
Event: 4744.364 Thread 0xb684ac00 nmethod 3093 0xb4d38888 code [0xb4d38980, 0xb4d38a00]
Event: 4744.364 Thread 0xb684ac00 3094   !         java.awt.BorderLayout::layoutContainer (396 bytes)
Event: 4744.381 Thread 0xb684ac00 nmethod 3094 0xb4d38a48 code [0xb4d38ca0, 0xb4d39330]
Event: 4757.409 Thread 0xb684ac00 3095   !         org.contikios.cooja.dialogs.UpdateAggregator$2::run (59 bytes)
Event: 4757.410 Thread 0xb684ac00 nmethod 3095 0xb4d39e48 code [0xb4d39fc0, 0xb4d3a434]
Event: 4760.455 Thread 0xb684ac00 3096             java.util.Formatter$Conversion::isFloat (72 bytes)
Event: 4760.455 Thread 0xb684ac00 nmethod 3096 0xb4d3a6c8 code [0xb4d3a7c0, 0xb4d3a880]
Event: 4977.773 Thread 0xb684ac00 3097             sun.misc.FormattedFloatingDecimal::checkExponent (68 bytes)
Event: 4977.781 Thread 0xb684ac00 nmethod 3097 0xb4d3a8c8 code [0xb4d3a9d0, 0xb4d3ab00]

GC Heap History (10 events):
Event: 5004.406 GC heap after
Heap after GC invocations=11315 (full 15):
 def new generation   total 55936K, used 3994K [0x6e800000, 0x724b0000, 0x792a0000)
  eden space 49728K,   0% used [0x6e800000, 0x6e800000, 0x71890000)
  from space 6208K,  64% used [0x71890000, 0x71c76a48, 0x71ea0000)
  to   space 6208K,   0% used [0x71ea0000, 0x71ea0000, 0x724b0000)
 tenured generation   total 124116K, used 121146K [0x792a0000, 0x80bd5000, 0x8e800000)
   the space 124116K,  97% used [0x792a0000, 0x808ee808, 0x808eea00, 0x80bd5000)
 compacting perm gen  total 12288K, used 7609K [0x8e800000, 0x8f400000, 0x92800000)
   the space 12288K,  61% used [0x8e800000, 0x8ef6e668, 0x8ef6e800, 0x8f400000)
    ro space 10240K,  60% used [0x92800000, 0x92e00d38, 0x92e00e00, 0x93200000)
    rw space 12288K,  59% used [0x93200000, 0x9391e858, 0x9391ea00, 0x93e00000)
}
Event: 5007.834 GC heap before
{Heap before GC invocations=11315 (full 15):
 def new generation   total 55936K, used 53722K [0x6e800000, 0x724b0000, 0x792a0000)
  eden space 49728K, 100% used [0x6e800000, 0x71890000, 0x71890000)
  from space 6208K,  64% used [0x71890000, 0x71c76a48, 0x71ea0000)
  to   space 6208K,   0% used [0x71ea0000, 0x71ea0000, 0x724b0000)
 tenured generation   total 124116K, used 121146K [0x792a0000, 0x80bd5000, 0x8e800000)
   the space 124116K,  97% used [0x792a0000, 0x808ee808, 0x808eea00, 0x80bd5000)
 compacting perm gen  total 12288K, used 7609K [0x8e800000, 0x8f400000, 0x92800000)
   the space 12288K,  61% used [0x8e800000, 0x8ef6e668, 0x8ef6e800, 0x8f400000)
    ro space 10240K,  60% used [0x92800000, 0x92e00d38, 0x92e00e00, 0x93200000)
    rw space 12288K,  59% used [0x93200000, 0x9391e858, 0x9391ea00, 0x93e00000)
Event: 5007.845 GC heap after
Heap after GC invocations=11316 (full 15):
 def new generation   total 55936K, used 3119K [0x6e800000, 0x724b0000, 0x792a0000)
  eden space 49728K,   0% used [0x6e800000, 0x6e800000, 0x71890000)
  from space 6208K,  50% used [0x71ea0000, 0x721abf30, 0x724b0000)
  to   space 6208K,   0% used [0x71890000, 0x71890000, 0x71ea0000)
 tenured generation   total 124116K, used 122147K [0x792a0000, 0x80bd5000, 0x8e800000)
   the space 124116K,  98% used [0x792a0000, 0x809e8eb0, 0x809e9000, 0x80bd5000)
 compacting perm gen  total 12288K, used 7609K [0x8e800000, 0x8f400000, 0x92800000)
   the space 12288K,  61% used [0x8e800000, 0x8ef6e668, 0x8ef6e800, 0x8f400000)
    ro space 10240K,  60% used [0x92800000, 0x92e00d38, 0x92e00e00, 0x93200000)
    rw space 12288K,  59% used [0x93200000, 0x9391e858, 0x9391ea00, 0x93e00000)
}
Event: 5008.918 GC heap before
{Heap before GC invocations=11316 (full 15):
 def new generation   total 55936K, used 52847K [0x6e800000, 0x724b0000, 0x792a0000)
  eden space 49728K, 100% used [0x6e800000, 0x71890000, 0x71890000)
  from space 6208K,  50% used [0x71ea0000, 0x721abf30, 0x724b0000)
  to   space 6208K,   0% used [0x71890000, 0x71890000, 0x71ea0000)
 tenured generation   total 124116K, used 122147K [0x792a0000, 0x80bd5000, 0x8e800000)
   the space 124116K,  98% used [0x792a0000, 0x809e8eb0, 0x809e9000, 0x80bd5000)
 compacting perm gen  total 12288K, used 7609K [0x8e800000, 0x8f400000, 0x92800000)
   the space 12288K,  61% used [0x8e800000, 0x8ef6e668, 0x8ef6e800, 0x8f400000)
    ro space 10240K,  60% used [0x92800000, 0x92e00d38, 0x92e00e00, 0x93200000)
    rw space 12288K,  59% used [0x93200000, 0x9391e858, 0x9391ea00, 0x93e00000)
Event: 5008.926 GC heap after
Heap after GC invocations=11317 (full 15):
 def new generation   total 55936K, used 3483K [0x6e800000, 0x724b0000, 0x792a0000)
  eden space 49728K,   0% used [0x6e800000, 0x6e800000, 0x71890000)
  from space 6208K,  56% used [0x71890000, 0x71bf6c08, 0x71ea0000)
  to   space 6208K,   0% used [0x71ea0000, 0x71ea0000, 0x724b0000)
 tenured generation   total 124116K, used 122394K [0x792a0000, 0x80bd5000, 0x8e800000)
   the space 124116K,  98% used [0x792a0000, 0x80a26968, 0x80a26a00, 0x80bd5000)
 compacting perm gen  total 12288K, used 7609K [0x8e800000, 0x8f400000, 0x92800000)
   the space 12288K,  61% used [0x8e800000, 0x8ef6e668, 0x8ef6e800, 0x8f400000)
    ro space 10240K,  60% used [0x92800000, 0x92e00d38, 0x92e00e00, 0x93200000)
    rw space 12288K,  59% used [0x93200000, 0x9391e858, 0x9391ea00, 0x93e00000)
}
Event: 5010.606 GC heap before
{Heap before GC invocations=11317 (full 15):
 def new generation   total 55936K, used 53211K [0x6e800000, 0x724b0000, 0x792a0000)
  eden space 49728K, 100% used [0x6e800000, 0x71890000, 0x71890000)
  from space 6208K,  56% used [0x71890000, 0x71bf6c08, 0x71ea0000)
  to   space 6208K,   0% used [0x71ea0000, 0x71ea0000, 0x724b0000)
 tenured generation   total 124116K, used 122394K [0x792a0000, 0x80bd5000, 0x8e800000)
   the space 124116K,  98% used [0x792a0000, 0x80a26968, 0x80a26a00, 0x80bd5000)
 compacting perm gen  total 12288K, used 7609K [0x8e800000, 0x8f400000, 0x92800000)
   the space 12288K,  61% used [0x8e800000, 0x8ef6e668, 0x8ef6e800, 0x8f400000)
    ro space 10240K,  60% used [0x92800000, 0x92e00d38, 0x92e00e00, 0x93200000)
    rw space 12288K,  59% used [0x93200000, 0x9391e858, 0x9391ea00, 0x93e00000)
Event: 5010.616 GC heap after
Heap after GC invocations=11318 (full 15):
 def new generation   total 55936K, used 3710K [0x6e800000, 0x724b0000, 0x792a0000)
  eden space 49728K,   0% used [0x6e800000, 0x6e800000, 0x71890000)
  from space 6208K,  59% used [0x71ea0000, 0x7223f938, 0x724b0000)
  to   space 6208K,   0% used [0x71890000, 0x71890000, 0x71ea0000)
 tenured generation   total 124116K, used 122784K [0x792a0000, 0x80bd5000, 0x8e800000)
   the space 124116K,  98% used [0x792a0000, 0x80a881b8, 0x80a88200, 0x80bd5000)
 compacting perm gen  total 12288K, used 7609K [0x8e800000, 0x8f400000, 0x92800000)
   the space 12288K,  61% used [0x8e800000, 0x8ef6e668, 0x8ef6e800, 0x8f400000)
    ro space 10240K,  60% used [0x92800000, 0x92e00d38, 0x92e00e00, 0x93200000)
    rw space 12288K,  59% used [0x93200000, 0x9391e858, 0x9391ea00, 0x93e00000)
}
Event: 5021.576 GC heap before
{Heap before GC invocations=11318 (full 15):
 def new generation   total 55936K, used 53438K [0x6e800000, 0x724b0000, 0x792a0000)
  eden space 49728K, 100% used [0x6e800000, 0x71890000, 0x71890000)
  from space 6208K,  59% used [0x71ea0000, 0x7223f938, 0x724b0000)
  to   space 6208K,   0% used [0x71890000, 0x71890000, 0x71ea0000)
 tenured generation   total 124116K, used 122784K [0x792a0000, 0x80bd5000, 0x8e800000)
   the space 124116K,  98% used [0x792a0000, 0x80a881b8, 0x80a88200, 0x80bd5000)
 compacting perm gen  total 12288K, used 7609K [0x8e800000, 0x8f400000, 0x92800000)
   the space 12288K,  61% used [0x8e800000, 0x8ef6e668, 0x8ef6e800, 0x8f400000)
    ro space 10240K,  60% used [0x92800000, 0x92e00d38, 0x92e00e00, 0x93200000)
    rw space 12288K,  59% used [0x93200000, 0x9391e858, 0x9391ea00, 0x93e00000)
Event: 5021.582 GC heap after
Heap after GC invocations=11319 (full 15):
 def new generation   total 55936K, used 4073K [0x6e800000, 0x724b0000, 0x792a0000)
  eden space 49728K,   0% used [0x6e800000, 0x6e800000, 0x71890000)
  from space 6208K,  65% used [0x71890000, 0x71c8a5e0, 0x71ea0000)
  to   space 6208K,   0% used [0x71ea0000, 0x71ea0000, 0x724b0000)
 tenured generation   total 124116K, used 123481K [0x792a0000, 0x80bd5000, 0x8e800000)
   the space 124116K,  99% used [0x792a0000, 0x80b36660, 0x80b36800, 0x80bd5000)
 compacting perm gen  total 12288K, used 7609K [0x8e800000, 0x8f400000, 0x92800000)
   the space 12288K,  61% used [0x8e800000, 0x8ef6e668, 0x8ef6e800, 0x8f400000)
    ro space 10240K,  60% used [0x92800000, 0x92e00d38, 0x92e00e00, 0x93200000)
    rw space 12288K,  59% used [0x93200000, 0x9391e858, 0x9391ea00, 0x93e00000)
}
Event: 5022.416 GC heap before
{Heap before GC invocations=11319 (full 15):
 def new generation   total 55936K, used 53801K [0x6e800000, 0x724b0000, 0x792a0000)
  eden space 49728K, 100% used [0x6e800000, 0x71890000, 0x71890000)
  from space 6208K,  65% used [0x71890000, 0x71c8a5e0, 0x71ea0000)
  to   space 6208K,   0% used [0x71ea0000, 0x71ea0000, 0x724b0000)
 tenured generation   total 124116K, used 123481K [0x792a0000, 0x80bd5000, 0x8e800000)
   the space 124116K,  99% used [0x792a0000, 0x80b36660, 0x80b36800, 0x80bd5000)
 compacting perm gen  total 12288K, used 7609K [0x8e800000, 0x8f400000, 0x92800000)
   the space 12288K,  61% used [0x8e800000, 0x8ef6e668, 0x8ef6e800, 0x8f400000)
    ro space 10240K,  60% used [0x92800000, 0x92e00d38, 0x92e00e00, 0x93200000)
    rw space 12288K,  59% used [0x93200000, 0x9391e858, 0x9391ea00, 0x93e00000)

Deoptimization events (0 events):
No events

Internal exceptions (10 events):
Event: 3995.625 Thread 0x0912d400 Threw 0x6e8a61b8 at /build/openjdk-7-mks0zz/openjdk-7-7u121-2.6.8/build/openjdk/hotspot/src/share/vm/prims/jvm.cpp:1322
Event: 4005.619 Thread 0x0912d400 Threw 0x6fbeb468 at /build/openjdk-7-mks0zz/openjdk-7-7u121-2.6.8/build/openjdk/hotspot/src/share/vm/prims/jvm.cpp:1322
Event: 4005.619 Thread 0x0912d400 Threw 0x6fbec7e8 at /build/openjdk-7-mks0zz/openjdk-7-7u121-2.6.8/build/openjdk/hotspot/src/share/vm/prims/jvm.cpp:1322
Event: 4005.619 Thread 0x0912d400 Threw 0x6fbed5d0 at /build/openjdk-7-mks0zz/openjdk-7-7u121-2.6.8/build/openjdk/hotspot/src/share/vm/prims/jvm.cpp:1322
Event: 4005.619 Thread 0x0912d400 Threw 0x6fbee950 at /build/openjdk-7-mks0zz/openjdk-7-7u121-2.6.8/build/openjdk/hotspot/src/share/vm/prims/jvm.cpp:1322
Event: 4006.057 Thread 0x0912d400 Threw 0x6e943968 at /build/openjdk-7-mks0zz/openjdk-7-7u121-2.6.8/build/openjdk/hotspot/src/share/vm/prims/jvm.cpp:1322
Event: 4006.057 Thread 0x0912d400 Threw 0x6e944ce8 at /build/openjdk-7-mks0zz/openjdk-7-7u121-2.6.8/build/openjdk/hotspot/src/share/vm/prims/jvm.cpp:1322
Event: 4006.057 Thread 0x0912d400 Threw 0x6e945ad0 at /build/openjdk-7-mks0zz/openjdk-7-7u121-2.6.8/build/openjdk/hotspot/src/share/vm/prims/jvm.cpp:1322
Event: 4006.057 Thread 0x0912d400 Threw 0x6e946e50 at /build/openjdk-7-mks0zz/openjdk-7-7u121-2.6.8/build/openjdk/hotspot/src/share/vm/prims/jvm.cpp:1322
Event: 4013.635 Thread 0xb387f000 Threw 0x6ec5b790 at /build/openjdk-7-mks0zz/openjdk-7-7u121-2.6.8/build/openjdk/hotspot/src/share/vm/prims/jni.cpp:747

Events (10 events):
Event: 5004.408 Executing VM operation: GenCollectForAllocation done
Event: 5007.832 Executing VM operation: GenCollectForAllocation
Event: 5007.848 Executing VM operation: GenCollectForAllocation done
Event: 5008.918 Executing VM operation: GenCollectForAllocation
Event: 5008.932 Executing VM operation: GenCollectForAllocation done
Event: 5010.602 Executing VM operation: GenCollectForAllocation
Event: 5010.621 Executing VM operation: GenCollectForAllocation done
Event: 5021.570 Executing VM operation: GenCollectForAllocation
Event: 5021.585 Executing VM operation: GenCollectForAllocation done
Event: 5022.416 Executing VM operation: GenCollectForAllocation


Dynamic libraries:
08048000-08049000 r-xp 00000000 08:01 298549     /usr/lib/jvm/java-7-openjdk-i386/jre/bin/java
08049000-0804a000 r--p 00000000 08:01 298549     /usr/lib/jvm/java-7-openjdk-i386/jre/bin/java
0804a000-0804b000 rw-p 00001000 08:01 298549     /usr/lib/jvm/java-7-openjdk-i386/jre/bin/java
08ebe000-094a5000 rw-p 00000000 00:00 0          [heap]
6e800000-724b0000 rw-p 00000000 00:00 0 
724b0000-792a0000 rw-p 00000000 00:00 0 
792a0000-80ce0000 rw-p 00000000 00:00 0 
84c9d000-8e800000 rw-p 00000000 00:00 0 
8e800000-8f400000 rw-p 00000000 00:00 0 
8f400000-92800000 rw-p 00000000 00:00 0 
92800000-92e01000 r--p 00001000 08:01 138997     /usr/lib/jvm/java-7-openjdk-i386/jre/lib/i386/client/classes.jsa
92e01000-93200000 rw-p 00000000 00:00 0 
93200000-9391f000 rw-p 00602000 08:01 138997     /usr/lib/jvm/java-7-openjdk-i386/jre/lib/i386/client/classes.jsa
9391f000-93e00000 rw-p 00000000 00:00 0 
93e00000-94115000 rw-p 00d21000 08:01 138997     /usr/lib/jvm/java-7-openjdk-i386/jre/lib/i386/client/classes.jsa
94115000-94200000 rw-p 00000000 00:00 0 
94200000-94209000 r-xp 01036000 08:01 138997     /usr/lib/jvm/java-7-openjdk-i386/jre/lib/i386/client/classes.jsa
94209000-94600000 rw-p 00000000 00:00 0 
b217c000-b22be000 rw-s 00000000 00:04 32702494   /SYSV00000000 (deleted)
b22be000-b2400000 rw-s 00000000 00:04 31227926   /SYSV00000000 (deleted)
b2400000-b2423000 rw-p 00000000 00:00 0 
b2423000-b2500000 ---p 00000000 00:00 0 
b2542000-b2545000 ---p 00000000 00:00 0 
b2545000-b2593000 rw-p 00000000 00:00 0 
b25d6000-b25d9000 ---p 00000000 00:00 0 
b25d9000-b2627000 rw-p 00000000 00:00 0          [stack:22761]
b2627000-b262a000 ---p 00000000 00:00 0 
b262a000-b2678000 rw-p 00000000 00:00 0          [stack:22197]
b2678000-b267b000 ---p 00000000 00:00 0 
b267b000-b26c9000 rw-p 00000000 00:00 0          [stack:21335]
b26c9000-b26cc000 ---p 00000000 00:00 0 
b26cc000-b271a000 rw-p 00000000 00:00 0          [stack:21298]
b271a000-b271d000 ---p 00000000 00:00 0 
b271d000-b276b000 rw-p 00000000 00:00 0          [stack:20441]
b276b000-b276e000 ---p 00000000 00:00 0 
b276e000-b27bc000 rw-p 00000000 00:00 0          [stack:20362]
b27bc000-b27bf000 ---p 00000000 00:00 0 
b27bf000-b280d000 rw-p 00000000 00:00 0          [stack:20269]
b280d000-b2810000 ---p 00000000 00:00 0 
b2810000-b285e000 rw-p 00000000 00:00 0          [stack:20235]
b285e000-b2861000 ---p 00000000 00:00 0 
b2861000-b28af000 rw-p 00000000 00:00 0          [stack:20164]
b28af000-b28b2000 ---p 00000000 00:00 0 
b28b2000-b2900000 rw-p 00000000 00:00 0 
b2900000-b2903000 ---p 00000000 00:00 0 
b2903000-b2951000 rw-p 00000000 00:00 0 
b2976000-b30eb000 rw-s 00000000 00:04 24150040   /SYSV00000000 (deleted)
b30f3000-b30f6000 ---p 00000000 00:00 0 
b30f6000-b310c000 rw-p 00000000 00:00 0 
b313f000-b314f000 rw-s 00000000 00:04 39518233   /SYSV00000000 (deleted)
b314f000-b3152000 ---p 00000000 00:00 0 
b3152000-b31a0000 rw-p 00000000 00:00 0          [stack:23881]
b31a4000-b31a9000 rw-s 00000000 00:04 39583772   /SYSV00000000 (deleted)
b31a9000-b31aa000 r--s 00003000 08:01 816769     /home/user/contiki3/contiki/tools/cooja/apps/powertracker/lib/powertracker.jar
b31aa000-b31ab000 r--s 00002000 08:01 816618     /home/user/contiki3/contiki/tools/cooja/apps/collect-view/cooja-collect-view.jar
b31ab000-b31ad000 r--s 00008000 08:01 816606     /home/user/contiki3/contiki/tools/cooja/apps/serial_socket/lib/serial_socket.jar
b31ad000-b31e7000 r--s 001e1000 08:01 813468     /home/user/contiki3/contiki/tools/cooja/apps/avrora/lib/avrora-small.jar
b31e7000-b31e8000 r--s 00008000 08:01 816571     /home/user/contiki3/contiki/tools/cooja/apps/avrora/lib/cooja_avrora.jar
b31e8000-b31ea000 r--s 00010000 08:01 816339     /home/user/contiki3/contiki/tools/cooja/apps/mspsim/lib/jipv6.jar
b31ea000-b31eb000 r--s 00004000 08:01 816340     /home/user/contiki3/contiki/tools/cooja/apps/mspsim/lib/coffee.jar
b31eb000-b31f7000 r--s 000eb000 08:01 816338     /home/user/contiki3/contiki/tools/cooja/apps/mspsim/lib/mspsim.jar
b31f7000-b31fd000 r--s 00064000 08:01 816543     /home/user/contiki3/contiki/tools/cooja/apps/mspsim/lib/cooja_mspsim.jar
b31fd000-b31ff000 r--s 0001e000 08:01 814875     /home/user/contiki3/contiki/tools/cooja/apps/mrm/lib/mrm.jar
b31ff000-b3202000 ---p 00000000 00:00 0 
b3202000-b3250000 rw-p 00000000 00:00 0          [stack:19283]
b3250000-b3253000 ---p 00000000 00:00 0 
b3253000-b32a1000 rw-p 00000000 00:00 0          [stack:19282]
b32a1000-b32a4000 ---p 00000000 00:00 0 
b32a4000-b32f2000 rw-p 00000000 00:00 0          [stack:19281]
b32f2000-b32f3000 r--s 00000000 08:01 398509     /var/cache/fontconfig/087e1975ba9a574b140bb1df193bf770-le32d4.cache-4
b32f3000-b32fd000 r--s 00000000 08:01 405424     /var/cache/fontconfig/6aa41aa22e18b8fa06a12da28ea9c28b-le32d4.cache-4
b32fd000-b32fe000 r--s 00000000 08:01 405413     /var/cache/fontconfig/c05880de57d1f5e948fdfacc138775d9-le32d4.cache-4
b32fe000-b3306000 r--s 00000000 08:01 404392     /var/cache/fontconfig/945677eb7aeaf62f1d50efc3fb3ec7d8-le32d4.cache-4
b3306000-b3308000 r--s 00000000 08:01 405411     /var/cache/fontconfig/99e8ed0e538f840c565b6ed5dad60d56-le32d4.cache-4
b3308000-b330c000 r--s 00000000 08:01 405410     /var/cache/fontconfig/2cd17615ca594fa2959ae173292e504c-le32d4.cache-4
b330c000-b330d000 r--s 00000000 08:01 405409     /var/cache/fontconfig/e7071f4a29fa870f4323321c154eba04-le32d4.cache-4
b330d000-b330e000 r--s 00000000 08:01 405407     /var/cache/fontconfig/0d8c3b2ac0904cb8a57a757ad11a4a08-le32d4.cache-4
b330e000-b3313000 r--s 00000000 08:01 405406     /var/cache/fontconfig/a755afe4a08bf5b97852ceb7400b47bc-le32d4.cache-4
b3313000-b331c000 r--s 00000000 08:01 405394     /var/cache/fontconfig/6d41288fd70b0be22e8c3a91e032eec0-le32d4.cache-4
b331c000-b332b000 r--s 00000000 08:01 405342     /var/cache/fontconfig/04aabc0a78ac019cf9454389977116d2-le32d4.cache-4
b332b000-b332c000 r--s 00000000 08:01 405341     /var/cache/fontconfig/1ac9eb803944fde146138c791f5cc56a-le32d4.cache-4
b332c000-b332d000 r--s 00000000 08:01 405340     /var/cache/fontconfig/b95bc8ffbebda2bbdae4265e45b8178d-le32d4.cache-4
b332d000-b3330000 r--s 00000000 08:01 405339     /var/cache/fontconfig/385c0604a188198f04d133e54aba7fe7-le32d4.cache-4
b3330000-b3331000 r--s 00000000 08:01 405338     /var/cache/fontconfig/9c956a7723ca69a44b382d9179c9802f-le32d4.cache-4
b3331000-b3332000 r--s 00000000 08:01 405337     /var/cache/fontconfig/dc05db6664285cc2f12bf69c139ae4c3-le32d4.cache-4
b3332000-b3333000 r--s 00000000 08:01 405336     /var/cache/fontconfig/5d1cca7074f29429a8d18692746c2426-le32d4.cache-4
b3333000-b3335000 r--s 00000000 08:01 397884     /var/cache/fontconfig/767a8244fc0220cfb567a839d0392e0b-le32d4.cache-4
b3335000-b3336000 r--s 00000000 08:01 405335     /var/cache/fontconfig/4794a0821666d79190d59a36cb4f44b5-le32d4.cache-4
b3336000-b3337000 r--s 00000000 08:01 405334     /var/cache/fontconfig/9eae20f1ff8cc0a7d125749e875856bd-le32d4.cache-4
b3337000-b3339000 r--s 00000000 08:01 405322     /var/cache/fontconfig/bf2c1853a9e9b00bb02fe2e9bcf1e201-le32d4.cache-4
b3339000-b333d000 r--s 00000000 08:01 405321     /var/cache/fontconfig/8801497958630a81b71ace7c5f9b32a8-le32d4.cache-4
b333d000-b3342000 r--s 00000000 08:01 405320     /var/cache/fontconfig/3047814df9a2f067bd2d96a2b9c36e5a-le32d4.cache-4
b3342000-b3345000 r--s 00000000 08:01 405318     /var/cache/fontconfig/bf3b770c553c462765856025a94f1ce6-le32d4.cache-4
b3345000-b3346000 r--s 00000000 08:01 405317     /var/cache/fontconfig/56cf4f4769d0f4abc89a4895d7bd3ae1-le32d4.cache-4
b3346000-b3347000 r--s 00000000 08:01 405316     /var/cache/fontconfig/b9d506c9ac06c20b433354fa67a72993-le32d4.cache-4
b3347000-b334b000 r--s 00000000 08:01 405315     /var/cache/fontconfig/b47c4e1ecd0709278f4910c18777a504-le32d4.cache-4
b334b000-b334d000 r--s 00000000 08:01 405314     /var/cache/fontconfig/14d493b97896515cad3840ba4896e372-le32d4.cache-4
b334d000-b334e000 r--s 00000000 08:01 405313     /var/cache/fontconfig/89034621ae2a8922916bb6bfa5799546-le32d4.cache-4
b334e000-b3351000 r--s 00000000 08:01 405312     /var/cache/fontconfig/e49e89034d371f0f9de17aab02136486-le32d4.cache-4
b3351000-b3353000 r--s 00000000 08:01 405311     /var/cache/fontconfig/4b14b093aebc79c320de5e86ae1d3314-le32d4.cache-4
b3353000-b3354000 r--s 00000000 08:01 405309     /var/cache/fontconfig/8aec10f4cc8391dcef22ca549f1e4354-le32d4.cache-4
b3354000-b3364000 r--s 00000000 08:01 405308     /var/cache/fontconfig/d52a8644073d54c13679302ca1180695-le32d4.cache-4
b3364000-b3365000 r--s 00000000 08:01 405294     /var/cache/fontconfig/8a687c406b77f27d99abfeeba937fcce-le32d4.cache-4
b3365000-b336c000 r--s 00000000 08:01 405293     /var/cache/fontconfig/3f7329c5293ffd510edef78f73874cfd-le32d4.cache-4
b336c000-b336d000 r--s 00000000 08:01 405292     /var/cache/fontconfig/ac2cf712d852da827a87a9baf682f5b9-le32d4.cache-4
b336d000-b336f000 r--s 00000000 08:01 405286     /var/cache/fontconfig/65f976e5259cbe6dc7697b8648396239-le32d4.cache-4
b336f000-b3378000 r--s 00000000 08:01 404393     /var/cache/fontconfig/d589a48862398ed80a3d6066f4f56f4c-le32d4.cache-4
b3378000-b3379000 r--s 00000000 08:01 404293     /var/cache/fontconfig/94f7fe9bd33aadfac165873bd010d595-le32d4.cache-4
b3379000-b337a000 r--s 00000000 08:01 404277     /var/cache/fontconfig/423767150eb258c59035de29db6fca84-le32d4.cache-4
b337a000-b337b000 r--s 00000000 08:01 404276     /var/cache/fontconfig/845c20fd2c4814bcec78e05d37a63ccc-le32d4.cache-4
b337b000-b337c000 r--s 00000000 08:01 404275     /var/cache/fontconfig/e7de81b01590fb7e12b38e274e17d0db-le32d4.cache-4
b337c000-b337d000 r--s 00000000 08:01 403278     /var/cache/fontconfig/406a1d2d2bf3ed7664fbadefac0b2f66-le32d4.cache-4
b337d000-b337f000 r--s 00000000 08:01 401899     /var/cache/fontconfig/67709b7835c0f764c1135060c9575660-le32d4.cache-4
b337f000-b3387000 r--s 00000000 08:01 401898     /var/cache/fontconfig/198d8fcf01c96d0cf813f74fd759bdb7-le32d4.cache-4
b3387000-b3390000 r--s 00000000 08:01 401800     /var/cache/fontconfig/83bf95040141907cd45bb53cf7c1c148-le32d4.cache-4
b3390000-b3392000 r--s 00000000 08:01 401799     /var/cache/fontconfig/6e6b34ae150a7ad95e82fb4a522f0bda-le32d4.cache-4
b3392000-b3398000 r--s 00000000 08:01 401796     /var/cache/fontconfig/53d14c92082a93e67d5078324eb314ca-le32d4.cache-4
b3398000-b339b000 r--s 00000000 08:01 401795     /var/cache/fontconfig/6c08beecf0dac481ec92e759e0c2e6d7-le32d4.cache-4
b339b000-b339e000 r--s 00000000 08:01 401794     /var/cache/fontconfig/4d6aee6d44eccb37054d3216e945f618-le32d4.cache-4
b339e000-b33a1000 r--s 00000000 08:01 401793     /var/cache/fontconfig/d6c6df98c3df5faf9bd0f8ef4d91efe5-le32d4.cache-4
b33a1000-b33a4000 r--s 00000000 08:01 401792     /var/cache/fontconfig/9fb319ef52839f11ee26ab8b4cffa12b-le32d4.cache-4
b33a4000-b33b4000 r--s 00000000 08:01 401791     /var/cache/fontconfig/4ac51e5cfbc76fc3f983e470323a16d3-le32d4.cache-4
b33b4000-b33b6000 r--s 00000000 08:01 401790     /var/cache/fontconfig/c19b55eb3b4c5b40ea175e31682068a5-le32d4.cache-4
b33b6000-b33b9000 r--s 00000000 08:01 401788     /var/cache/fontconfig/de83a0a961185c8bd1f159015d56c039-le32d4.cache-4
b33b9000-b33ca000 r--s 00000000 08:01 396169     /var/cache/fontconfig/e13b20fdb08344e0e664864cc2ede53d-le32d4.cache-4
b33ca000-b33ce000 r--s 00000000 08:01 401865     /var/cache/fontconfig/7ef2298fde41cc6eeb7af42e48b7d293-le32d4.cache-4
b33ce000-b33d8000 r--s 00000000 08:01 405428     /var/cache/fontconfig/8f02d4cb045bd6ce15663e43f347c9f8-le32d4.cache-4
b33d8000-b3428000 r-xp 00000000 08:01 144521     /usr/lib/jvm/java-7-openjdk-i386/jre/lib/i386/libfontmanager.so
b3428000-b342a000 r--p 0004f000 08:01 144521     /usr/lib/jvm/java-7-openjdk-i386/jre/lib/i386/libfontmanager.so
b342a000-b342b000 rw-p 00051000 08:01 144521     /usr/lib/jvm/java-7-openjdk-i386/jre/lib/i386/libfontmanager.so
b342b000-b342e000 ---p 00000000 00:00 0 
b342e000-b347c000 rw-p 00000000 00:00 0          [stack:19280]
b347c000-b3480000 r-xp 00000000 08:01 7640       /usr/lib/i386-linux-gnu/libXfixes.so.3.1.0
b3480000-b3481000 r--p 00003000 08:01 7640       /usr/lib/i386-linux-gnu/libXfixes.so.3.1.0
b3481000-b3482000 rw-p 00004000 08:01 7640       /usr/lib/i386-linux-gnu/libXfixes.so.3.1.0
b3482000-b348b000 r-xp 00000000 08:01 9790       /usr/lib/i386-linux-gnu/libXcursor.so.1.0.2
b348b000-b348c000 r--p 00008000 08:01 9790       /usr/lib/i386-linux-gnu/libXcursor.so.1.0.2
b348c000-b348d000 rw-p 00009000 08:01 9790       /usr/lib/i386-linux-gnu/libXcursor.so.1.0.2
b348d000-b3490000 ---p 00000000 00:00 0 
b3490000-b34de000 rw-p 00000000 00:00 0          [stack:19279]
b34de000-b3504000 r-xp 00000000 08:01 158416     /lib/i386-linux-gnu/libpng12.so.0.50.0
b3504000-b3505000 r--p 00025000 08:01 158416     /lib/i386-linux-gnu/libpng12.so.0.50.0
b3505000-b3506000 rw-p 00026000 08:01 158416     /lib/i386-linux-gnu/libpng12.so.0.50.0
b3506000-b350b000 r-xp 00000000 08:01 5406       /usr/lib/i386-linux-gnu/libXdmcp.so.6.0.0
b350b000-b350c000 r--p 00004000 08:01 5406       /usr/lib/i386-linux-gnu/libXdmcp.so.6.0.0
b350c000-b350d000 rw-p 00005000 08:01 5406       /usr/lib/i386-linux-gnu/libXdmcp.so.6.0.0
b350d000-b3532000 r-xp 00000000 08:01 131421     /lib/i386-linux-gnu/libexpat.so.1.6.0
b3532000-b3533000 ---p 00025000 08:01 131421     /lib/i386-linux-gnu/libexpat.so.1.6.0
b3533000-b3535000 r--p 00025000 08:01 131421     /lib/i386-linux-gnu/libexpat.so.1.6.0
b3535000-b3536000 rw-p 00027000 08:01 131421     /lib/i386-linux-gnu/libexpat.so.1.6.0
b3536000-b35d1000 r-xp 00000000 08:01 9131       /usr/lib/i386-linux-gnu/libfreetype.so.6.11.1
b35d1000-b35d5000 r--p 0009a000 08:01 9131       /usr/lib/i386-linux-gnu/libfreetype.so.6.11.1
b35d5000-b35d6000 rw-p 0009e000 08:01 9131       /usr/lib/i386-linux-gnu/libfreetype.so.6.11.1
b35d6000-b360f000 r-xp 00000000 08:01 11084      /usr/lib/i386-linux-gnu/libfontconfig.so.1.8.0
b360f000-b3610000 r--p 00039000 08:01 11084      /usr/lib/i386-linux-gnu/libfontconfig.so.1.8.0
b3610000-b3611000 rw-p 0003a000 08:01 11084      /usr/lib/i386-linux-gnu/libfontconfig.so.1.8.0
b3611000-b3741000 r-xp 00000000 08:01 10842      /usr/lib/i386-linux-gnu/libX11.so.6.3.0
b3741000-b3742000 r--p 00130000 08:01 10842      /usr/lib/i386-linux-gnu/libX11.so.6.3.0
b3742000-b3744000 rw-p 00131000 08:01 10842      /usr/lib/i386-linux-gnu/libX11.so.6.3.0
b3744000-b3745000 rw-p 00000000 00:00 0 
b3745000-b37d4000 r-xp 00000000 08:01 158574     /usr/lib/jvm/java-7-openjdk-i386/jre/lib/i386/libawt.so
b37d4000-b37d5000 r--p 0008f000 08:01 158574     /usr/lib/jvm/java-7-openjdk-i386/jre/lib/i386/libawt.so
b37d5000-b37dc000 rw-p 00090000 08:01 158574     /usr/lib/jvm/java-7-openjdk-i386/jre/lib/i386/libawt.so
b37dc000-b3800000 rw-p 00000000 00:00 0 
b3800000-b38ff000 rw-p 00000000 00:00 0 
b38ff000-b3900000 ---p 00000000 00:00 0 
b3900000-b3901000 r--s 00000000 08:01 401866     /var/cache/fontconfig/0c9eb80ebd1c36541ebe2852d3bb0c49-le32d4.cache-4
b3901000-b3903000 r-xp 00000000 08:01 5352       /usr/lib/i386-linux-gnu/libXau.so.6.0.0
b3903000-b3904000 r--p 00001000 08:01 5352       /usr/lib/i386-linux-gnu/libXau.so.6.0.0
b3904000-b3905000 rw-p 00002000 08:01 5352       /usr/lib/i386-linux-gnu/libXau.so.6.0.0
b3905000-b3925000 r-xp 00000000 08:01 66655      /usr/lib/i386-linux-gnu/libxcb.so.1.1.0
b3925000-b3926000 r--p 0001f000 08:01 66655      /usr/lib/i386-linux-gnu/libxcb.so.1.1.0
b3926000-b3927000 rw-p 00020000 08:01 66655      /usr/lib/i386-linux-gnu/libxcb.so.1.1.0
b3927000-b3935000 r-xp 00000000 08:01 7577       /usr/lib/i386-linux-gnu/libXi.so.6.1.0
b3935000-b3936000 r--p 0000e000 08:01 7577       /usr/lib/i386-linux-gnu/libXi.so.6.1.0
b3936000-b3937000 rw-p 0000f000 08:01 7577       /usr/lib/i386-linux-gnu/libXi.so.6.1.0
b3937000-b393c000 r-xp 00000000 08:01 10292      /usr/lib/i386-linux-gnu/libXtst.so.6.1.0
b393c000-b393d000 r--p 00004000 08:01 10292      /usr/lib/i386-linux-gnu/libXtst.so.6.1.0
b393d000-b393e000 rw-p 00005000 08:01 10292      /usr/lib/i386-linux-gnu/libXtst.so.6.1.0
b393e000-b3940000 r-xp 00000000 08:01 3489       /usr/lib/i386-linux-gnu/libXcomposite.so.1.0.0
b3940000-b3941000 r--p 00001000 08:01 3489       /usr/lib/i386-linux-gnu/libXcomposite.so.1.0.0
b3941000-b3942000 rw-p 00002000 08:01 3489       /usr/lib/i386-linux-gnu/libXcomposite.so.1.0.0
b3942000-b394b000 r-xp 00000000 08:01 6199       /usr/lib/i386-linux-gnu/libXrender.so.1.3.0
b394b000-b394c000 r--p 00008000 08:01 6199       /usr/lib/i386-linux-gnu/libXrender.so.1.3.0
b394c000-b394d000 rw-p 00009000 08:01 6199       /usr/lib/i386-linux-gnu/libXrender.so.1.3.0
b394d000-b395e000 r-xp 00000000 08:01 6183       /usr/lib/i386-linux-gnu/libXext.so.6.4.0
b395e000-b395f000 r--p 00010000 08:01 6183       /usr/lib/i386-linux-gnu/libXext.so.6.4.0
b395f000-b3960000 rw-p 00011000 08:01 6183       /usr/lib/i386-linux-gnu/libXext.so.6.4.0
b3960000-b39a8000 r-xp 00000000 08:01 144008     /usr/lib/jvm/java-7-openjdk-i386/jre/lib/i386/xawt/libmawt.so
b39a8000-b39a9000 r--p 00048000 08:01 144008     /usr/lib/jvm/java-7-openjdk-i386/jre/lib/i386/xawt/libmawt.so
b39a9000-b39ab000 rw-p 00049000 08:01 144008     /usr/lib/jvm/java-7-openjdk-i386/jre/lib/i386/xawt/libmawt.so
b39ab000-b39ac000 rw-p 00000000 00:00 0 
b39ac000-b39e8000 r-xp 00000000 08:01 132344     /lib/i386-linux-gnu/libpcre.so.3.13.1
b39e8000-b39e9000 r--p 0003b000 08:01 132344     /lib/i386-linux-gnu/libpcre.so.3.13.1
b39e9000-b39ea000 rw-p 0003c000 08:01 132344     /lib/i386-linux-gnu/libpcre.so.3.13.1
b39ea000-b39ef000 r-xp 00000000 08:01 5644       /usr/lib/i386-linux-gnu/libffi.so.6.0.1
b39ef000-b39f0000 r--p 00005000 08:01 5644       /usr/lib/i386-linux-gnu/libffi.so.6.0.1
b39f0000-b39f1000 rw-p 00006000 08:01 5644       /usr/lib/i386-linux-gnu/libffi.so.6.0.1
b39f1000-b3a04000 r-xp 00000000 08:01 134538     /lib/i386-linux-gnu/libresolv-2.19.so
b3a04000-b3a05000 ---p 00013000 08:01 134538     /lib/i386-linux-gnu/libresolv-2.19.so
b3a05000-b3a06000 r--p 00013000 08:01 134538     /lib/i386-linux-gnu/libresolv-2.19.so
b3a06000-b3a07000 rw-p 00014000 08:01 134538     /lib/i386-linux-gnu/libresolv-2.19.so
b3a07000-b3a09000 rw-p 00000000 00:00 0 
b3a09000-b3a29000 r-xp 00000000 08:01 131406     /lib/i386-linux-gnu/libselinux.so.1
b3a29000-b3a2a000 r--p 0001f000 08:01 131406     /lib/i386-linux-gnu/libselinux.so.1
b3a2a000-b3a2b000 rw-p 00020000 08:01 131406     /lib/i386-linux-gnu/libselinux.so.1
b3a2b000-b3a2c000 rw-p 00000000 00:00 0 
b3a2c000-b3b36000 r-xp 00000000 08:01 136564     /lib/i386-linux-gnu/libglib-2.0.so.0.4002.0
b3b36000-b3b37000 r--p 00109000 08:01 136564     /lib/i386-linux-gnu/libglib-2.0.so.0.4002.0
b3b37000-b3b38000 rw-p 0010a000 08:01 136564     /lib/i386-linux-gnu/libglib-2.0.so.0.4002.0
b3b38000-b3b88000 r-xp 00000000 08:01 1672       /usr/lib/i386-linux-gnu/libgobject-2.0.so.0.4002.0
b3b88000-b3b89000 r--p 0004f000 08:01 1672       /usr/lib/i386-linux-gnu/libgobject-2.0.so.0.4002.0
b3b89000-b3b8a000 rw-p 00050000 08:01 1672       /usr/lib/i386-linux-gnu/libgobject-2.0.so.0.4002.0
b3b8a000-b3d07000 r-xp 00000000 08:01 1674       /usr/lib/i386-linux-gnu/libgio-2.0.so.0.4002.0
b3d07000-b3d09000 r--p 0017d000 08:01 1674       /usr/lib/i386-linux-gnu/libgio-2.0.so.0.4002.0
b3d09000-b3d0a000 rw-p 0017f000 08:01 1674       /usr/lib/i386-linux-gnu/libgio-2.0.so.0.4002.0
b3d0a000-b3d0b000 rw-p 00000000 00:00 0 
b3d0b000-b3d0c000 r--s 00000000 08:01 401797     /var/cache/fontconfig/3334a778d104e76d188e9df399bc24d2-le32d4.cache-4
b3d0c000-b3d0d000 r--s 00000000 08:01 401789     /var/cache/fontconfig/c277e94e32b20404286a1ddafa5a80f0-le32d4.cache-4
b3d0d000-b3d0e000 r--s 00000000 08:01 405570     /var/cache/fontconfig/16326683038b281783a0ef8c680e3a10-le32d4.cache-4
b3d0e000-b3d0f000 r--s 00000000 08:01 395718     /var/cache/fontconfig/e0aa53bcfa504e64f87823c16bc01eb6-le32d4.cache-4
b3d0f000-b3d25000 r--s 00000000 08:01 405427     /var/cache/fontconfig/467c019e582ee353435ea5c21d137ef6-le32d4.cache-4
b3d25000-b3d3d000 r-xp 00000000 08:01 158567     /usr/lib/jvm/java-7-openjdk-i386/jre/lib/i386/libnet.so
b3d3d000-b3d3e000 r--p 00017000 08:01 158567     /usr/lib/jvm/java-7-openjdk-i386/jre/lib/i386/libnet.so
b3d3e000-b3d3f000 rw-p 00018000 08:01 158567     /usr/lib/jvm/java-7-openjdk-i386/jre/lib/i386/libnet.so
b3d3f000-b3d50000 r-xp 00000000 08:01 144579     /usr/lib/jvm/java-7-openjdk-i386/jre/lib/i386/libnio.so
b3d50000-b3d51000 r--p 00010000 08:01 144579     /usr/lib/jvm/java-7-openjdk-i386/jre/lib/i386/libnio.so
b3d51000-b3d52000 rw-p 00011000 08:01 144579     /usr/lib/jvm/java-7-openjdk-i386/jre/lib/i386/libnio.so
b3d52000-b3d5c000 r--s 000ae000 08:01 144241     /usr/lib/jvm/java-7-openjdk-i386/jre/lib/resources.jar
b3d5c000-b3d5d000 ---p 00000000 00:00 0 
b3d5d000-b3ddd000 rw-p 00000000 00:00 0          [stack:19278]
b3ddd000-b3de0000 ---p 00000000 00:00 0 
b3de0000-b3e2e000 rw-p 00000000 00:00 0          [stack:19277]
b3e2e000-b3e31000 ---p 00000000 00:00 0 
b3e31000-b3eaf000 rw-p 00000000 00:00 0          [stack:19276]
b3eaf000-b3eb2000 ---p 00000000 00:00 0 
b3eb2000-b3f00000 rw-p 00000000 00:00 0          [stack:19275]
b3f00000-b4100000 r--p 00000000 08:01 369        /usr/lib/locale/locale-archive
b4100000-b41cb000 rw-p 00000000 00:00 0 
b41cb000-b4200000 ---p 00000000 00:00 0 
b4200000-b4203000 r-xp 00000000 08:01 1675       /usr/lib/i386-linux-gnu/libgmodule-2.0.so.0.4002.0
b4203000-b4204000 r--p 00002000 08:01 1675       /usr/lib/i386-linux-gnu/libgmodule-2.0.so.0.4002.0
b4204000-b4205000 rw-p 00003000 08:01 1675       /usr/lib/i386-linux-gnu/libgmodule-2.0.so.0.4002.0
b4205000-b4222000 r--s 0014f000 08:01 813877     /home/user/contiki3/contiki/tools/cooja/lib/swingx-all-1.6.4.jar
b4222000-b4229000 r--s 0005b000 08:01 813875     /home/user/contiki3/contiki/tools/cooja/lib/jsyntaxpane.jar
b4229000-b4230000 r--s 0004f000 08:01 813876     /home/user/contiki3/contiki/tools/cooja/lib/log4j.jar
b4230000-b4233000 r--s 00022000 08:01 813874     /home/user/contiki3/contiki/tools/cooja/lib/jdom.jar
b4233000-b4237000 r--s 00085000 08:01 144417     /usr/lib/jvm/java-7-openjdk-i386/jre/lib/ext/localedata.jar
b4237000-b4238000 r--s 00002000 08:01 144348     /usr/lib/jvm/java-7-openjdk-i386/jre/lib/ext/dnsns.jar
b4238000-b423c000 r--s 00034000 08:01 144305     /usr/lib/jvm/java-7-openjdk-i386/jre/lib/ext/sunjce_provider.jar
b423c000-b423f000 r--s 0000f000 08:01 144352     /usr/lib/jvm/java-7-openjdk-i386/jre/lib/ext/icedtea-sound.jar
b423f000-b4242000 r--s 0003d000 08:01 144267     /usr/lib/jvm/java-7-openjdk-i386/jre/lib/ext/sunpkcs11.jar
b4242000-b4244000 r--s 00006000 08:01 276693     /usr/share/java/java-atk-wrapper.jar
b4244000-b4247000 ---p 00000000 00:00 0 
b4247000-b4295000 rw-p 00000000 00:00 0          [stack:19274]
b4295000-b4298000 ---p 00000000 00:00 0 
b4298000-b42e6000 rw-p 00000000 00:00 0          [stack:19273]
b42e6000-b42e7000 ---p 00000000 00:00 0 
b42e7000-b43b0000 rw-p 00000000 00:00 0          [stack:19272]
b43b0000-b4563000 r--s 01d41000 08:01 144261     /usr/lib/jvm/java-7-openjdk-i386/jre/lib/rt.jar
b4563000-b456a000 rw-p 00000000 00:00 0 
b456a000-b4584000 rw-p 00000000 00:00 0 
b4584000-b45c2000 rw-p 00000000 00:00 0 
b45c2000-b462f000 rw-p 00000000 00:00 0 
b462f000-b464e000 rw-p 00000000 00:00 0 
b464e000-b4684000 rw-p 00000000 00:00 0 
b4684000-b46c2000 rw-p 00000000 00:00 0 
b46c2000-b472f000 rw-p 00000000 00:00 0 
b472f000-b4735000 rw-p 00000000 00:00 0 
b4735000-b474f000 rw-p 00000000 00:00 0 
b474f000-b4771000 rw-p 00000000 00:00 0 
b4771000-b47db000 rw-p 00000000 00:00 0 
b47db000-b4d3b000 rwxp 00000000 00:00 0 
b4d3b000-b67db000 rw-p 00000000 00:00 0 
b67db000-b67e5000 r-xp 00000000 08:01 134558     /lib/i386-linux-gnu/libnss_files-2.19.so
b67e5000-b67e6000 r--p 00009000 08:01 134558     /lib/i386-linux-gnu/libnss_files-2.19.so
b67e6000-b67e7000 rw-p 0000a000 08:01 134558     /lib/i386-linux-gnu/libnss_files-2.19.so
b67e7000-b67fc000 r-xp 00000000 08:01 134546     /lib/i386-linux-gnu/libnsl-2.19.so
b67fc000-b67fd000 r--p 00015000 08:01 134546     /lib/i386-linux-gnu/libnsl-2.19.so
b67fd000-b67fe000 rw-p 00016000 08:01 134546     /lib/i386-linux-gnu/libnsl-2.19.so
b67fe000-b6800000 rw-p 00000000 00:00 0 
b6800000-b68f6000 rw-p 00000000 00:00 0 
b68f6000-b6900000 ---p 00000000 00:00 0 
b6900000-b690a000 r-xp 00000000 08:01 134550     /lib/i386-linux-gnu/libnss_nis-2.19.so
b690a000-b690b000 r--p 00009000 08:01 134550     /lib/i386-linux-gnu/libnss_nis-2.19.so
b690b000-b690c000 rw-p 0000a000 08:01 134550     /lib/i386-linux-gnu/libnss_nis-2.19.so
b690c000-b6913000 r-xp 00000000 08:01 134545     /lib/i386-linux-gnu/libnss_compat-2.19.so
b6913000-b6914000 r--p 00006000 08:01 134545     /lib/i386-linux-gnu/libnss_compat-2.19.so
b6914000-b6915000 rw-p 00007000 08:01 134545     /lib/i386-linux-gnu/libnss_compat-2.19.so
b6915000-b6917000 r--s 00012000 08:01 144318     /usr/lib/jvm/java-7-openjdk-i386/jre/lib/ext/zipfs.jar
b6917000-b6918000 r--p 002c5000 08:01 369        /usr/lib/locale/locale-archive
b6918000-b6925000 rw-p 00000000 00:00 0 
b6925000-b692d000 r-xp 00000000 08:01 158564     /usr/lib/jvm/java-7-openjdk-i386/jre/lib/i386/libzip.so
b692d000-b692e000 r--p 00007000 08:01 158564     /usr/lib/jvm/java-7-openjdk-i386/jre/lib/i386/libzip.so
b692e000-b692f000 rw-p 00008000 08:01 158564     /usr/lib/jvm/java-7-openjdk-i386/jre/lib/i386/libzip.so
b692f000-b6956000 r-xp 00000000 08:01 158563     /usr/lib/jvm/java-7-openjdk-i386/jre/lib/i386/libjava.so
b6956000-b6957000 r--p 00026000 08:01 158563     /usr/lib/jvm/java-7-openjdk-i386/jre/lib/i386/libjava.so
b6957000-b6958000 rw-p 00027000 08:01 158563     /usr/lib/jvm/java-7-openjdk-i386/jre/lib/i386/libjava.so
b6958000-b695f000 r-xp 00000000 08:01 134554     /lib/i386-linux-gnu/librt-2.19.so
b695f000-b6960000 r--p 00006000 08:01 134554     /lib/i386-linux-gnu/librt-2.19.so
b6960000-b6961000 rw-p 00007000 08:01 134554     /lib/i386-linux-gnu/librt-2.19.so
b6961000-b6964000 ---p 00000000 00:00 0 
b6964000-b69b2000 rw-p 00000000 00:00 0          [stack:19268]
b69b2000-b69ce000 r-xp 00000000 08:01 131116     /lib/i386-linux-gnu/libgcc_s.so.1
b69ce000-b69cf000 rw-p 0001b000 08:01 131116     /lib/i386-linux-gnu/libgcc_s.so.1
b69cf000-b6a13000 r-xp 00000000 08:01 134540     /lib/i386-linux-gnu/libm-2.19.so
b6a13000-b6a14000 r--p 00043000 08:01 134540     /lib/i386-linux-gnu/libm-2.19.so
b6a14000-b6a15000 rw-p 00044000 08:01 134540     /lib/i386-linux-gnu/libm-2.19.so
b6a15000-b6af1000 r-xp 00000000 08:01 969        /usr/lib/i386-linux-gnu/libstdc++.so.6.0.19
b6af1000-b6af5000 r--p 000dc000 08:01 969        /usr/lib/i386-linux-gnu/libstdc++.so.6.0.19
b6af5000-b6af6000 rw-p 000e0000 08:01 969        /usr/lib/i386-linux-gnu/libstdc++.so.6.0.19
b6af6000-b6afd000 rw-p 00000000 00:00 0 
b6afd000-b7134000 r-xp 00000000 08:01 144786     /usr/lib/jvm/java-7-openjdk-i386/jre/lib/i386/client/libjvm.so
b7134000-b7135000 ---p 00637000 08:01 144786     /usr/lib/jvm/java-7-openjdk-i386/jre/lib/i386/client/libjvm.so
b7135000-b714b000 r--p 00637000 08:01 144786     /usr/lib/jvm/java-7-openjdk-i386/jre/lib/i386/client/libjvm.so
b714b000-b715a000 rw-p 0064d000 08:01 144786     /usr/lib/jvm/java-7-openjdk-i386/jre/lib/i386/client/libjvm.so
b715a000-b7576000 rw-p 00000000 00:00 0 
b7576000-b758e000 r-xp 00000000 08:01 158556     /lib/i386-linux-gnu/libz.so.1.2.8
b758e000-b758f000 r--p 00017000 08:01 158556     /lib/i386-linux-gnu/libz.so.1.2.8
b758f000-b7590000 rw-p 00018000 08:01 158556     /lib/i386-linux-gnu/libz.so.1.2.8
b7590000-b75a8000 r-xp 00000000 08:01 134547     /lib/i386-linux-gnu/libpthread-2.19.so
b75a8000-b75a9000 r--p 00018000 08:01 134547     /lib/i386-linux-gnu/libpthread-2.19.so
b75a9000-b75aa000 rw-p 00019000 08:01 134547     /lib/i386-linux-gnu/libpthread-2.19.so
b75aa000-b75ac000 rw-p 00000000 00:00 0 
b75ac000-b75af000 r-xp 00000000 08:01 134542     /lib/i386-linux-gnu/libdl-2.19.so
b75af000-b75b0000 r--p 00002000 08:01 134542     /lib/i386-linux-gnu/libdl-2.19.so
b75b0000-b75b1000 rw-p 00003000 08:01 134542     /lib/i386-linux-gnu/libdl-2.19.so
b75b1000-b7759000 r-xp 00000000 08:01 134555     /lib/i386-linux-gnu/libc-2.19.so
b7759000-b775a000 ---p 001a8000 08:01 134555     /lib/i386-linux-gnu/libc-2.19.so
b775a000-b775c000 r--p 001a8000 08:01 134555     /lib/i386-linux-gnu/libc-2.19.so
b775c000-b775d000 rw-p 001aa000 08:01 134555     /lib/i386-linux-gnu/libc-2.19.so
b775d000-b7760000 rw-p 00000000 00:00 0 
b7760000-b7768000 rw-s 00000000 08:01 434117     /tmp/hsperfdata_root/19266
b7768000-b7769000 rw-p 00000000 00:00 0 
b7769000-b776a000 ---p 00000000 00:00 0 
b776a000-b7778000 r-xp 00000000 08:01 158566     /usr/lib/jvm/java-7-openjdk-i386/jre/lib/i386/libverify.so
b7778000-b7779000 r--p 0000d000 08:01 158566     /usr/lib/jvm/java-7-openjdk-i386/jre/lib/i386/libverify.so
b7779000-b777a000 rw-p 0000e000 08:01 158566     /usr/lib/jvm/java-7-openjdk-i386/jre/lib/i386/libverify.so
b777a000-b7786000 r-xp 00000000 08:01 158573     /usr/lib/jvm/java-7-openjdk-i386/jre/lib/i386/jli/libjli.so
b7786000-b7787000 r--p 0000c000 08:01 158573     /usr/lib/jvm/java-7-openjdk-i386/jre/lib/i386/jli/libjli.so
b7787000-b7788000 rw-p 0000d000 08:01 158573     /usr/lib/jvm/java-7-openjdk-i386/jre/lib/i386/jli/libjli.so
b7788000-b778b000 rw-p 00000000 00:00 0 
b778b000-b778c000 r-xp 00000000 00:00 0          [vdso]
b778c000-b77ac000 r-xp 00000000 08:01 134548     /lib/i386-linux-gnu/ld-2.19.so
b77ac000-b77ad000 r--p 0001f000 08:01 134548     /lib/i386-linux-gnu/ld-2.19.so
b77ad000-b77ae000 rw-p 00020000 08:01 134548     /lib/i386-linux-gnu/ld-2.19.so
bfc2c000-bfc2d000 rwxp 00000000 00:00 0 
bfc5f000-bfc80000 rw-p 00000000 00:00 0          [stack]

VM Arguments:
jvm_args: -Xmx512m -Duser.language=en 
java_command: org.contikios.cooja.Cooja
Launcher Type: SUN_STANDARD

Environment Variables:
PATH=/usr/local/sbin:/usr/local/bin:/usr/sbin:/usr/bin:/sbin:/bin:/usr/local/msp430/bin
USERNAME=root
LD_LIBRARY_PATH=.
SHELL=/bin/bash
DISPLAY=:0.0

Signal Handlers:
SIGSEGV: [libjvm.so+0x4f0b20], sa_mask[0]=0x7ffbfeff, sa_flags=0x10000004
SIGBUS: [libjvm.so+0x4f0b20], sa_mask[0]=0x7ffbfeff, sa_flags=0x10000004
SIGFPE: [libjvm.so+0x3cc460], sa_mask[0]=0x7ffbfeff, sa_flags=0x10000004
SIGPIPE: [libjvm.so+0x3cc460], sa_mask[0]=0x7ffbfeff, sa_flags=0x10000004
SIGXFSZ: [libjvm.so+0x3cc460], sa_mask[0]=0x7ffbfeff, sa_flags=0x10000004
SIGILL: [libjvm.so+0x3cc460], sa_mask[0]=0x7ffbfeff, sa_flags=0x10000004
SIGUSR1: SIG_DFL, sa_mask[0]=0x00000000, sa_flags=0x00000000
SIGUSR2: [libjvm.so+0x3cc5c0], sa_mask[0]=0x00000004, sa_flags=0x10000004
SIGHUP: [libjvm.so+0x3cc520], sa_mask[0]=0x7ffbfeff, sa_flags=0x10000004
SIGINT: [libjvm.so+0x3cc520], sa_mask[0]=0x7ffbfeff, sa_flags=0x10000004
SIGTERM: [libjvm.so+0x3cc520], sa_mask[0]=0x7ffbfeff, sa_flags=0x10000004
SIGQUIT: [libjvm.so+0x3cc520], sa_mask[0]=0x7ffbfeff, sa_flags=0x10000004
SIGTRAP: SIG_DFL, sa_mask[0]=0x00000000, sa_flags=0x00000000


---------------  S Y S T E M  ---------------

OS:Ubuntu 14.04 (trusty)
uname:Linux 3.13.0-106-generic #153-Ubuntu SMP Tue Dec 6 15:45:13 UTC 2016 i686
libc:glibc 2.19 NPTL 2.19 
rlimit: STACK 8192k, CORE 0k, NPROC 7864, NOFILE 4096, AS infinity
load average:0.73 0.68 0.57

/proc/meminfo:
MemTotal:        1025900 kB
MemFree:           75632 kB
Buffers:             428 kB
Cached:            40656 kB
SwapCached:            0 kB
Active:           870080 kB
Inactive:          39364 kB
Active(anon):     869224 kB
Inactive(anon):    34248 kB
Active(file):        856 kB
Inactive(file):     5116 kB
Unevictable:          32 kB
Mlocked:              32 kB
HighTotal:        135112 kB
HighFree:           3528 kB
LowTotal:         890788 kB
LowFree:           72104 kB
SwapTotal:             0 kB
SwapFree:              0 kB
Dirty:                96 kB
Writeback:             0 kB
AnonPages:        868432 kB
Mapped:            35656 kB
Shmem:             35064 kB
Slab:              21844 kB
SReclaimable:       9484 kB
SUnreclaim:        12360 kB
KernelStack:        2960 kB
PageTables:         7884 kB
NFS_Unstable:          0 kB
Bounce:                0 kB
WritebackTmp:          0 kB
CommitLimit:      512948 kB
Committed_AS:    2958100 kB
VmallocTotal:     122880 kB
VmallocUsed:        4456 kB
VmallocChunk:     111232 kB
HardwareCorrupted:     0 kB
AnonHugePages:    442368 kB
HugePages_Total:       0
HugePages_Free:        0
HugePages_Rsvd:        0
HugePages_Surp:        0
Hugepagesize:       2048 kB
DirectMap4k:       24568 kB
DirectMap2M:      888832 kB


CPU:total 1 (1 cores per cpu, 1 threads per core) family 6 model 61 stepping 4, cmov, cx8, fxsr, mmx, sse, sse2, sse3, ssse3, sse4.1, sse4.2, popcnt, avx, aes, tsc, tscinvbit

/proc/cpuinfo:
processor	: 0
vendor_id	: GenuineIntel
cpu family	: 6
model		: 61
model name	: Intel(R) Core(TM) i7-5600U CPU @ 2.60GHz
stepping	: 4
cpu MHz		: 2593.998
cache size	: 4096 KB
physical id	: 0
siblings	: 1
core id		: 0
cpu cores	: 1
apicid		: 0
initial apicid	: 0
fdiv_bug	: no
f00f_bug	: no
coma_bug	: no
fpu		: yes
fpu_exception	: yes
cpuid level	: 20
wp		: yes
flags		: fpu vme de pse tsc msr pae mce cx8 apic sep mtrr pge mca cmov pat pse36 clflush mmx fxsr sse sse2 syscall nx rdtscp lm constant_tsc xtopology nonstop_tsc pni pclmulqdq monitor ssse3 cx16 sse4_1 sse4_2 movbe popcnt aes xsave avx rdrand hypervisor lahf_lm abm 3dnowprefetch rdseed
bogomips	: 5187.99
clflush size	: 64
cache_alignment	: 64
address sizes	: 39 bits physical, 48 bits virtual
power management:



Memory: 4k page, physical 1025900k(75632k free), swap 0k(0k free)

vm_info: OpenJDK Client VM (24.121-b00) for linux-x86 JRE (1.7.0_121-b00), built on Nov 16 2016 00:51:04 by "buildd" with gcc 4.8.4

time: Sat Jan  7 03:31:14 2017
elapsed time: 5023 seconds

