[11:40:40 - main] [Cooja.java:3177] [WARN] - JAVA_HOME environment variable not set, Cooja motes may not compile
[11:40:41 - AWT-EventQueue-0] [Cooja.java:2861] [INFO] - External tools default settings: /external_tools_linux.config
[11:40:41 - AWT-EventQueue-0] [Cooja.java:2891] [INFO] - External tools user settings: /root/.cooja.user.properties
[11:41:50 - Thread-0] [Simulation.java:420] [INFO] - Simulation random seed: 27309
[11:41:50 - Thread-0] [CompileContiki.java:140] [INFO] - > make root.sky TARGET=sky 
[11:41:51 - Thread-0] [CompileContiki.java:140] [INFO] - > make intermediate.sky TARGET=sky 
[11:41:51 - Thread-0] [CompileContiki.java:140] [INFO] - > make sink.sky TARGET=sky 
[11:41:52 - Thread-0] [MspMote.java:232] [INFO] - Loading firmware from: /home/user/BMRFcontiki_original/contiki/examples/ipv6/multicast/simulations-bmrf/sink.sky
[11:41:52 - Thread-0] [MspMote.java:232] [INFO] - Loading firmware from: /home/user/BMRFcontiki_original/contiki/examples/ipv6/multicast/simulations-bmrf/root.sky
[11:41:52 - Thread-0] [MspMote.java:232] [INFO] - Loading firmware from: /home/user/BMRFcontiki_original/contiki/examples/ipv6/multicast/simulations-bmrf/sink.sky
[11:41:52 - Thread-0] [MspMote.java:232] [INFO] - Loading firmware from: /home/user/BMRFcontiki_original/contiki/examples/ipv6/multicast/simulations-bmrf/sink.sky
[11:41:52 - Thread-0] [MspMote.java:232] [INFO] - Loading firmware from: /home/user/BMRFcontiki_original/contiki/examples/ipv6/multicast/simulations-bmrf/sink.sky
[11:41:52 - Thread-0] [MspMote.java:232] [INFO] - Loading firmware from: /home/user/BMRFcontiki_original/contiki/examples/ipv6/multicast/simulations-bmrf/sink.sky
[11:41:52 - Thread-0] [MspMote.java:232] [INFO] - Loading firmware from: /home/user/BMRFcontiki_original/contiki/examples/ipv6/multicast/simulations-bmrf/sink.sky
[11:41:52 - Thread-0] [MspMote.java:232] [INFO] - Loading firmware from: /home/user/BMRFcontiki_original/contiki/examples/ipv6/multicast/simulations-bmrf/sink.sky
[11:41:52 - Thread-0] [MspMote.java:232] [INFO] - Loading firmware from: /home/user/BMRFcontiki_original/contiki/examples/ipv6/multicast/simulations-bmrf/sink.sky
[11:41:52 - Thread-0] [MspMote.java:232] [INFO] - Loading firmware from: /home/user/BMRFcontiki_original/contiki/examples/ipv6/multicast/simulations-bmrf/sink.sky
[11:41:52 - Thread-0] [MspMote.java:232] [INFO] - Loading firmware from: /home/user/BMRFcontiki_original/contiki/examples/ipv6/multicast/simulations-bmrf/sink.sky
[11:41:52 - Thread-0] [MspMote.java:232] [INFO] - Loading firmware from: /home/user/BMRFcontiki_original/contiki/examples/ipv6/multicast/simulations-bmrf/sink.sky
[11:41:52 - Thread-0] [MspMote.java:232] [INFO] - Loading firmware from: /home/user/BMRFcontiki_original/contiki/examples/ipv6/multicast/simulations-bmrf/sink.sky
[11:41:52 - Thread-0] [MspMote.java:232] [INFO] - Loading firmware from: /home/user/BMRFcontiki_original/contiki/examples/ipv6/multicast/simulations-bmrf/sink.sky
[11:41:52 - Thread-0] [MspMote.java:232] [INFO] - Loading firmware from: /home/user/BMRFcontiki_original/contiki/examples/ipv6/multicast/simulations-bmrf/sink.sky
[11:41:52 - Thread-0] [MspMote.java:232] [INFO] - Loading firmware from: /home/user/BMRFcontiki_original/contiki/examples/ipv6/multicast/simulations-bmrf/sink.sky
[11:41:52 - Thread-0] [MspMote.java:232] [INFO] - Loading firmware from: /home/user/BMRFcontiki_original/contiki/examples/ipv6/multicast/simulations-bmrf/sink.sky
[11:41:52 - Thread-0] [MspMote.java:232] [INFO] - Loading firmware from: /home/user/BMRFcontiki_original/contiki/examples/ipv6/multicast/simulations-bmrf/sink.sky
[11:41:52 - Thread-0] [MspMote.java:232] [INFO] - Loading firmware from: /home/user/BMRFcontiki_original/contiki/examples/ipv6/multicast/simulations-bmrf/sink.sky
[11:41:52 - Thread-0] [MspMote.java:232] [INFO] - Loading firmware from: /home/user/BMRFcontiki_original/contiki/examples/ipv6/multicast/simulations-bmrf/sink.sky
[11:41:52 - Thread-0] [MspMote.java:232] [INFO] - Loading firmware from: /home/user/BMRFcontiki_original/contiki/examples/ipv6/multicast/simulations-bmrf/sink.sky
[11:41:52 - Thread-0] [MspMote.java:232] [INFO] - Loading firmware from: /home/user/BMRFcontiki_original/contiki/examples/ipv6/multicast/simulations-bmrf/sink.sky
[11:41:52 - Thread-0] [MspMote.java:232] [INFO] - Loading firmware from: /home/user/BMRFcontiki_original/contiki/examples/ipv6/multicast/simulations-bmrf/sink.sky
[11:41:52 - Thread-0] [MspMote.java:232] [INFO] - Loading firmware from: /home/user/BMRFcontiki_original/contiki/examples/ipv6/multicast/simulations-bmrf/sink.sky
[11:41:52 - Thread-0] [MspMote.java:232] [INFO] - Loading firmware from: /home/user/BMRFcontiki_original/contiki/examples/ipv6/multicast/simulations-bmrf/sink.sky
[11:41:52 - Thread-0] [MspMote.java:232] [INFO] - Loading firmware from: /home/user/BMRFcontiki_original/contiki/examples/ipv6/multicast/simulations-bmrf/sink.sky
[11:41:53 - Thread-0] [MspMote.java:232] [INFO] - Loading firmware from: /home/user/BMRFcontiki_original/contiki/examples/ipv6/multicast/simulations-bmrf/sink.sky
[11:41:53 - Thread-0] [MspMote.java:232] [INFO] - Loading firmware from: /home/user/BMRFcontiki_original/contiki/examples/ipv6/multicast/simulations-bmrf/sink.sky
[11:41:53 - Thread-0] [MspMote.java:232] [INFO] - Loading firmware from: /home/user/BMRFcontiki_original/contiki/examples/ipv6/multicast/simulations-bmrf/sink.sky
[11:41:53 - Thread-0] [MspMote.java:232] [INFO] - Loading firmware from: /home/user/BMRFcontiki_original/contiki/examples/ipv6/multicast/simulations-bmrf/sink.sky
[11:41:53 - Thread-0] [MspMote.java:232] [INFO] - Loading firmware from: /home/user/BMRFcontiki_original/contiki/examples/ipv6/multicast/simulations-bmrf/sink.sky
[11:41:53 - Thread-0] [MspMote.java:232] [INFO] - Loading firmware from: /home/user/BMRFcontiki_original/contiki/examples/ipv6/multicast/simulations-bmrf/sink.sky
[11:41:53 - Thread-0] [MspMote.java:232] [INFO] - Loading firmware from: /home/user/BMRFcontiki_original/contiki/examples/ipv6/multicast/simulations-bmrf/sink.sky
[11:41:53 - Thread-0] [MspMote.java:232] [INFO] - Loading firmware from: /home/user/BMRFcontiki_original/contiki/examples/ipv6/multicast/simulations-bmrf/sink.sky
[11:41:53 - Thread-0] [MspMote.java:232] [INFO] - Loading firmware from: /home/user/BMRFcontiki_original/contiki/examples/ipv6/multicast/simulations-bmrf/sink.sky
[11:41:53 - Thread-0] [MspMote.java:232] [INFO] - Loading firmware from: /home/user/BMRFcontiki_original/contiki/examples/ipv6/multicast/simulations-bmrf/sink.sky
[11:41:53 - Thread-0] [MspMote.java:232] [INFO] - Loading firmware from: /home/user/BMRFcontiki_original/contiki/examples/ipv6/multicast/simulations-bmrf/sink.sky
[11:41:53 - Thread-0] [MspMote.java:232] [INFO] - Loading firmware from: /home/user/BMRFcontiki_original/contiki/examples/ipv6/multicast/simulations-bmrf/sink.sky
[11:41:53 - Thread-0] [MspMote.java:232] [INFO] - Loading firmware from: /home/user/BMRFcontiki_original/contiki/examples/ipv6/multicast/simulations-bmrf/sink.sky
[11:41:53 - Thread-0] [MspMote.java:232] [INFO] - Loading firmware from: /home/user/BMRFcontiki_original/contiki/examples/ipv6/multicast/simulations-bmrf/sink.sky
[11:41:53 - Thread-0] [MspMote.java:232] [INFO] - Loading firmware from: /home/user/BMRFcontiki_original/contiki/examples/ipv6/multicast/simulations-bmrf/sink.sky
[11:41:53 - Thread-0] [MspMote.java:232] [INFO] - Loading firmware from: /home/user/BMRFcontiki_original/contiki/examples/ipv6/multicast/simulations-bmrf/sink.sky
[11:41:53 - Thread-0] [MspMote.java:232] [INFO] - Loading firmware from: /home/user/BMRFcontiki_original/contiki/examples/ipv6/multicast/simulations-bmrf/sink.sky
[11:41:53 - Thread-0] [MspMote.java:232] [INFO] - Loading firmware from: /home/user/BMRFcontiki_original/contiki/examples/ipv6/multicast/simulations-bmrf/sink.sky
[11:41:53 - Thread-0] [MspMote.java:232] [INFO] - Loading firmware from: /home/user/BMRFcontiki_original/contiki/examples/ipv6/multicast/simulations-bmrf/sink.sky
[11:41:53 - Thread-0] [MspMote.java:232] [INFO] - Loading firmware from: /home/user/BMRFcontiki_original/contiki/examples/ipv6/multicast/simulations-bmrf/sink.sky
[11:41:53 - Thread-0] [MspMote.java:232] [INFO] - Loading firmware from: /home/user/BMRFcontiki_original/contiki/examples/ipv6/multicast/simulations-bmrf/sink.sky
[11:41:53 - Thread-0] [MspMote.java:232] [INFO] - Loading firmware from: /home/user/BMRFcontiki_original/contiki/examples/ipv6/multicast/simulations-bmrf/sink.sky
[11:41:53 - Thread-0] [MspMote.java:232] [INFO] - Loading firmware from: /home/user/BMRFcontiki_original/contiki/examples/ipv6/multicast/simulations-bmrf/sink.sky
[11:41:53 - Thread-0] [MspMote.java:232] [INFO] - Loading firmware from: /home/user/BMRFcontiki_original/contiki/examples/ipv6/multicast/simulations-bmrf/sink.sky
[11:41:53 - Thread-0] [MspMote.java:232] [INFO] - Loading firmware from: /home/user/BMRFcontiki_original/contiki/examples/ipv6/multicast/simulations-bmrf/sink.sky
[11:41:53 - Thread-0] [Visualizer.java:250] [INFO] - Registered external visualizer: org.contikios.cooja.plugins.skins.DGRMVisualizerSkin
[11:41:56 - Thread-0] [ScriptRunner.java:421] [INFO] - Test script deactivated
[11:41:56 - Thread-0] [LogScriptEngine.java:265] [INFO] - Script timeout in 785000 ms
[11:41:56 - Thread-0] [ScriptRunner.java:378] [INFO] - Test script activated
[11:42:02 - Thread-3] [Simulation.java:252] [INFO] - Simulation main loop started, system time: 1489056122808
[11:42:11 - AWT-EventQueue-0] [TimeLine.java:567] [INFO] - Zoom level: 1000.0 microseconds/pixel 
[11:42:11 - AWT-EventQueue-0] [TimeLine.java:567] [INFO] - Zoom level: 2000.0 microseconds/pixel 
[11:42:11 - AWT-EventQueue-0] [TimeLine.java:567] [INFO] - Zoom level: 5000.0 microseconds/pixel 
[11:42:11 - AWT-EventQueue-0] [TimeLine.java:567] [INFO] - Zoom level: 10000.0 microseconds/pixel 
[11:42:11 - AWT-EventQueue-0] [TimeLine.java:567] [INFO] - Zoom level: 20000.0 microseconds/pixel 
[11:42:11 - AWT-EventQueue-0] [TimeLine.java:567] [INFO] - Zoom level: 50000.0 microseconds/pixel 
[11:42:11 - AWT-EventQueue-0] [TimeLine.java:567] [INFO] - Zoom level: 100000.0 microseconds/pixel  (MAX)
[11:42:11 - AWT-EventQueue-0] [TimeLine.java:567] [INFO] - Zoom level: 100000.0 microseconds/pixel  (MAX)
[11:42:11 - AWT-EventQueue-0] [TimeLine.java:567] [INFO] - Zoom level: 100000.0 microseconds/pixel  (MAX)
[11:42:11 - AWT-EventQueue-0] [TimeLine.java:567] [INFO] - Zoom level: 100000.0 microseconds/pixel  (MAX)
[11:42:11 - AWT-EventQueue-0] [TimeLine.java:567] [INFO] - Zoom level: 100000.0 microseconds/pixel  (MAX)
[11:42:11 - AWT-EventQueue-0] [TimeLine.java:567] [INFO] - Zoom level: 100000.0 microseconds/pixel  (MAX)
[11:42:11 - AWT-EventQueue-0] [TimeLine.java:567] [INFO] - Zoom level: 100000.0 microseconds/pixel  (MAX)
[11:42:11 - AWT-EventQueue-0] [TimeLine.java:567] [INFO] - Zoom level: 100000.0 microseconds/pixel  (MAX)
[11:42:11 - AWT-EventQueue-0] [TimeLine.java:567] [INFO] - Zoom level: 100000.0 microseconds/pixel  (MAX)
[11:42:12 - AWT-EventQueue-0] [TimeLine.java:567] [INFO] - Zoom level: 100000.0 microseconds/pixel  (MAX)
[11:42:12 - AWT-EventQueue-0] [TimeLine.java:567] [INFO] - Zoom level: 100000.0 microseconds/pixel  (MAX)
[11:42:12 - AWT-EventQueue-0] [TimeLine.java:567] [INFO] - Zoom level: 100000.0 microseconds/pixel  (MAX)
[11:42:12 - AWT-EventQueue-0] [TimeLine.java:567] [INFO] - Zoom level: 100000.0 microseconds/pixel  (MAX)
[11:42:12 - AWT-EventQueue-0] [TimeLine.java:567] [INFO] - Zoom level: 100000.0 microseconds/pixel  (MAX)
[11:42:12 - AWT-EventQueue-0] [TimeLine.java:567] [INFO] - Zoom level: 100000.0 microseconds/pixel  (MAX)
[11:42:12 - AWT-EventQueue-0] [TimeLine.java:567] [INFO] - Zoom level: 100000.0 microseconds/pixel  (MAX)
[11:42:12 - AWT-EventQueue-0] [TimeLine.java:567] [INFO] - Zoom level: 100000.0 microseconds/pixel  (MAX)
[11:42:12 - AWT-EventQueue-0] [TimeLine.java:567] [INFO] - Zoom level: 100000.0 microseconds/pixel  (MAX)
[11:42:12 - AWT-EventQueue-0] [TimeLine.java:567] [INFO] - Zoom level: 100000.0 microseconds/pixel  (MAX)
[11:42:12 - AWT-EventQueue-0] [TimeLine.java:567] [INFO] - Zoom level: 100000.0 microseconds/pixel  (MAX)
[11:42:12 - AWT-EventQueue-0] [TimeLine.java:567] [INFO] - Zoom level: 100000.0 microseconds/pixel  (MAX)
[11:42:12 - AWT-EventQueue-0] [TimeLine.java:567] [INFO] - Zoom level: 100000.0 microseconds/pixel  (MAX)
[11:42:12 - AWT-EventQueue-0] [TimeLine.java:567] [INFO] - Zoom level: 100000.0 microseconds/pixel  (MAX)
[11:42:12 - AWT-EventQueue-0] [TimeLine.java:567] [INFO] - Zoom level: 100000.0 microseconds/pixel  (MAX)
[11:42:12 - AWT-EventQueue-0] [TimeLine.java:567] [INFO] - Zoom level: 100000.0 microseconds/pixel  (MAX)
[11:42:12 - AWT-EventQueue-0] [TimeLine.java:567] [INFO] - Zoom level: 100000.0 microseconds/pixel  (MAX)
[11:42:12 - AWT-EventQueue-0] [TimeLine.java:567] [INFO] - Zoom level: 100000.0 microseconds/pixel  (MAX)
[11:42:12 - AWT-EventQueue-0] [TimeLine.java:567] [INFO] - Zoom level: 100000.0 microseconds/pixel  (MAX)
[11:42:12 - AWT-EventQueue-0] [TimeLine.java:567] [INFO] - Zoom level: 100000.0 microseconds/pixel  (MAX)
[11:42:12 - AWT-EventQueue-0] [TimeLine.java:567] [INFO] - Zoom level: 100000.0 microseconds/pixel  (MAX)
[11:42:12 - AWT-EventQueue-0] [TimeLine.java:567] [INFO] - Zoom level: 100000.0 microseconds/pixel  (MAX)
[11:42:13 - AWT-EventQueue-0] [TimeLine.java:567] [INFO] - Zoom level: 100000.0 microseconds/pixel  (MAX)
[11:42:13 - AWT-EventQueue-0] [TimeLine.java:567] [INFO] - Zoom level: 100000.0 microseconds/pixel  (MAX)
[11:42:13 - AWT-EventQueue-0] [TimeLine.java:567] [INFO] - Zoom level: 100000.0 microseconds/pixel  (MAX)
[11:42:13 - AWT-EventQueue-0] [TimeLine.java:567] [INFO] - Zoom level: 100000.0 microseconds/pixel  (MAX)
[11:42:13 - AWT-EventQueue-0] [TimeLine.java:567] [INFO] - Zoom level: 100000.0 microseconds/pixel  (MAX)
[11:42:13 - AWT-EventQueue-0] [TimeLine.java:567] [INFO] - Zoom level: 100000.0 microseconds/pixel  (MAX)
[11:42:13 - AWT-EventQueue-0] [TimeLine.java:567] [INFO] - Zoom level: 100000.0 microseconds/pixel  (MAX)
[11:42:13 - AWT-EventQueue-0] [TimeLine.java:567] [INFO] - Zoom level: 100000.0 microseconds/pixel  (MAX)
[11:42:13 - AWT-EventQueue-0] [TimeLine.java:567] [INFO] - Zoom level: 100000.0 microseconds/pixel  (MAX)
[11:42:13 - AWT-EventQueue-0] [TimeLine.java:567] [INFO] - Zoom level: 100000.0 microseconds/pixel  (MAX)
[11:42:13 - AWT-EventQueue-0] [TimeLine.java:567] [INFO] - Zoom level: 100000.0 microseconds/pixel  (MAX)
[11:42:13 - AWT-EventQueue-0] [TimeLine.java:567] [INFO] - Zoom level: 100000.0 microseconds/pixel  (MAX)
[11:42:13 - AWT-EventQueue-0] [TimeLine.java:567] [INFO] - Zoom level: 100000.0 microseconds/pixel  (MAX)
[11:42:13 - AWT-EventQueue-0] [TimeLine.java:567] [INFO] - Zoom level: 100000.0 microseconds/pixel  (MAX)
[11:42:13 - AWT-EventQueue-0] [TimeLine.java:567] [INFO] - Zoom level: 100000.0 microseconds/pixel  (MAX)
[11:42:13 - AWT-EventQueue-0] [TimeLine.java:567] [INFO] - Zoom level: 100000.0 microseconds/pixel  (MAX)
[11:42:13 - AWT-EventQueue-0] [TimeLine.java:567] [INFO] - Zoom level: 100000.0 microseconds/pixel  (MAX)
[11:42:13 - AWT-EventQueue-0] [TimeLine.java:567] [INFO] - Zoom level: 100000.0 microseconds/pixel  (MAX)
[11:42:14 - AWT-EventQueue-0] [TimeLine.java:567] [INFO] - Zoom level: 100000.0 microseconds/pixel  (MAX)
[11:42:14 - AWT-EventQueue-0] [TimeLine.java:567] [INFO] - Zoom level: 100000.0 microseconds/pixel  (MAX)
[11:42:14 - AWT-EventQueue-0] [TimeLine.java:567] [INFO] - Zoom level: 100000.0 microseconds/pixel  (MAX)
[11:42:14 - AWT-EventQueue-0] [TimeLine.java:567] [INFO] - Zoom level: 100000.0 microseconds/pixel  (MAX)
[11:42:14 - AWT-EventQueue-0] [TimeLine.java:567] [INFO] - Zoom level: 100000.0 microseconds/pixel  (MAX)
[11:42:14 - AWT-EventQueue-0] [TimeLine.java:567] [INFO] - Zoom level: 100000.0 microseconds/pixel  (MAX)
[11:53:46 - Thread-3] [LogScriptEngine.java:389] [INFO] - Test script at 5.00%, done in 13486.2 sec
[11:57:39 - Thread-3] [LogScriptEngine.java:389] [INFO] - Test script at 10.00%, done in 8480.4 sec
[12:01:02 - Thread-3] [LogScriptEngine.java:389] [INFO] - Test script at 15.00%, done in 6493.9 sec
[12:04:25 - Thread-3] [LogScriptEngine.java:389] [INFO] - Test script at 20.00%, done in 5396.0 sec
[12:07:26 - Thread-3] [LogScriptEngine.java:389] [INFO] - Test script at 25.00%, done in 4589.5 sec
[12:10:32 - Thread-3] [LogScriptEngine.java:389] [INFO] - Test script at 30.00%, done in 4003.5 sec
[12:13:39 - Thread-3] [LogScriptEngine.java:389] [INFO] - Test script at 35.00%, done in 3533.6 sec
[12:16:33 - Thread-3] [LogScriptEngine.java:389] [INFO] - Test script at 40.00%, done in 3115.1 sec
[12:19:27 - Thread-3] [LogScriptEngine.java:389] [INFO] - Test script at 45.00%, done in 2750.6 sec
[12:22:21 - Thread-3] [LogScriptEngine.java:389] [INFO] - Test script at 50.00%, done in 2425.0 sec
[12:25:36 - Thread-3] [LogScriptEngine.java:389] [INFO] - Test script at 55.00%, done in 2143.8 sec
[12:29:30 - Thread-3] [LogScriptEngine.java:389] [INFO] - Test script at 60.00%, done in 1902.2 sec
[12:33:37 - Thread-3] [LogScriptEngine.java:389] [INFO] - Test script at 65.00%, done in 1669.6 sec
[12:37:40 - Thread-3] [LogScriptEngine.java:389] [INFO] - Test script at 70.00%, done in 1432.9 sec
[12:41:39 - Thread-3] [LogScriptEngine.java:389] [INFO] - Test script at 75.00%, done in 1194.2 sec
[12:45:40 - Thread-3] [LogScriptEngine.java:389] [INFO] - Test script at 80.00%, done in 955.8 sec
[12:49:46 - Thread-3] [LogScriptEngine.java:389] [INFO] - Test script at 85.00%, done in 718.2 sec
[12:53:48 - Thread-3] [LogScriptEngine.java:389] [INFO] - Test script at 90.00%, done in 479.1 sec
[12:57:14 - Thread-3] [LogScriptEngine.java:389] [INFO] - Test script at 95.00%, done in 237.8 sec
[13:00:15 - Thread-3] [LogScriptEngine.java:375] [INFO] - Timeout event @ 785000000
[13:00:15 - Thread-3] [Simulation.java:311] [INFO] - Simulation main loop stopped, system time: 1489060815699	Duration: 4692891 ms	Simulated time 785003 ms	Ratio 0.16727492711848624
[13:00:15 - Thread-2] [LogScriptEngine.java:309] [INFO] - Test script finished
[14:17:15 - AWT-EventQueue-0] [TimeLine.java:567] [INFO] - Zoom level: 50000.0 microseconds/pixel 
[14:17:16 - AWT-EventQueue-0] [TimeLine.java:567] [INFO] - Zoom level: 20000.0 microseconds/pixel 
[14:17:16 - AWT-EventQueue-0] [TimeLine.java:567] [INFO] - Zoom level: 10000.0 microseconds/pixel 
[14:17:17 - AWT-EventQueue-0] [TimeLine.java:567] [INFO] - Zoom level: 5000.0 microseconds/pixel 
[14:17:17 - AWT-EventQueue-0] [TimeLine.java:567] [INFO] - Zoom level: 2000.0 microseconds/pixel 
[14:17:18 - AWT-EventQueue-0] [TimeLine.java:567] [INFO] - Zoom level: 1000.0 microseconds/pixel 
[14:17:28 - AWT-EventQueue-0] [TimeLine.java:567] [INFO] - Zoom level: 500.0 microseconds/pixel 
[14:17:29 - AWT-EventQueue-0] [TimeLine.java:567] [INFO] - Zoom level: 200.0 microseconds/pixel 
[16:14:19 - AWT-EventQueue-0] [TimeLine.java:260] [INFO] - Filtering shown log outputs by use of Mote output plugin
[16:16:35 - AWT-EventQueue-0] [TimeLine.java:567] [INFO] - Zoom level: 100.0 microseconds/pixel 
[16:16:35 - AWT-EventQueue-0] [TimeLine.java:567] [INFO] - Zoom level: 50.0 microseconds/pixel 
[16:17:13 - AWT-EventQueue-0] [TimeLine.java:567] [INFO] - Zoom level: 100.0 microseconds/pixel 
[16:17:14 - AWT-EventQueue-0] [TimeLine.java:567] [INFO] - Zoom level: 200.0 microseconds/pixel 
[12:56:35 - AWT-EventQueue-0] [TimeLine.java:567] [INFO] - Zoom level: 100.0 microseconds/pixel 
[12:59:26 - AWT-EventQueue-0] [Cooja.java:2643] [INFO] - Save command cancelled by user...
[12:59:28 - AWT-EventQueue-0] [ScriptRunner.java:421] [INFO] - Test script deactivated
