#
# There is insufficient memory for the Java Runtime Environment to continue.
# Native memory allocation (malloc) failed to allocate 121917440 bytes for committing reserved memory.
# Possible reasons:
#   The system is out of physical RAM or swap space
#   In 32 bit mode, the process size limit was hit
# Possible solutions:
#   Reduce memory load on the system
#   Increase physical memory or swap space
#   Check if swap backing store is full
#   Use 64 bit Java on a 64 bit OS
#   Decrease Java heap size (-Xmx/-Xms)
#   Decrease number of Java threads
#   Decrease Java thread stack sizes (-Xss)
#   Set larger code cache with -XX:ReservedCodeCacheSize=
# This output file may be truncated or incomplete.
#
#  Out of Memory Error (os_linux.cpp:2827), pid=15866, tid=3023616832
#
# JRE version: OpenJDK Runtime Environment (7.0_111-b01) (build 1.7.0_111-b01)
# Java VM: OpenJDK Client VM (24.111-b01 mixed mode, sharing linux-x86 )
# Derivative: IcedTea 2.6.7
# Distribution: Ubuntu 14.04 LTS, package 7u111-2.6.7-0ubuntu0.14.04.3
# Failed to write core dump. Core dumps have been disabled. To enable core dumping, try "ulimit -c unlimited" before starting Java again
#

---------------  T H R E A D  ---------------

Current thread (0xb6830400):  VMThread [stack: 0xb430b000,0xb438c000] [id=15872]

Stack: [0xb430b000,0xb438c000]
VM_Operation (0xb342ff30): GenCollectForAllocation, mode: safepoint, requested by thread 0xb3937800


---------------  P R O C E S S  ---------------

Java Threads: ( => current thread )
  0x09819c00 JavaThread "Thread-4" [_thread_blocked, id=16019, stack(0xb300c000,0xb305d000)]
  0x093fb000 JavaThread "TimerQueue" daemon [_thread_blocked, id=15885, stack(0xb32ef000,0xb3340000)]
  0xb6807800 JavaThread "DestroyJavaVM" [_thread_blocked, id=15868, stack(0xb69a0000,0xb69f1000)]
  0xb3937800 JavaThread "AWT-EventQueue-0" [_thread_blocked, id=15882, stack(0xb33e2000,0xb3433000)]
  0xb3936400 JavaThread "AWT-Shutdown" [_thread_blocked, id=15881, stack(0xb3433000,0xb3484000)]
  0xb3931c00 JavaThread "AWT-XAWT" daemon [_thread_blocked, id=15880, stack(0xb3484000,0xb34d5000)]
  0xb3923000 JavaThread "Java2D Disposer" daemon [_thread_blocked, id=15879, stack(0xb34e6000,0xb3537000)]
  0xb684cc00 JavaThread "Service Thread" daemon [_thread_blocked, id=15877, stack(0xb3e3b000,0xb3e8c000)]
  0xb684ac00 JavaThread "C1 CompilerThread0" daemon [_thread_blocked, id=15876, stack(0xb3e8c000,0xb3f0d000)]
  0xb6849000 JavaThread "Signal Dispatcher" daemon [_thread_blocked, id=15875, stack(0xb3f0d000,0xb3f5e000)]
  0xb6833400 JavaThread "Finalizer" daemon [_thread_blocked, id=15874, stack(0xb415e000,0xb41af000)]
  0xb6831c00 JavaThread "Reference Handler" daemon [_thread_blocked, id=15873, stack(0xb41af000,0xb4200000)]

Other Threads:
=>0xb6830400 VMThread [stack: 0xb430b000,0xb438c000] [id=15872]
  0xb684f000 WatcherThread [stack: 0xb3dba000,0xb3e3b000] [id=15878]

VM state:at safepoint (normal execution)

VM Mutex/Monitor currently owned by a thread:  ([mutex/lock_event])
[0xb6804fc0] Threads_lock - owner thread: 0xb6830400
[0xb68053d0] Heap_lock - owner thread: 0xb3937800

Heap
 def new generation   total 73152K, used 7219K [0x6e800000, 0x73750000, 0x792a0000)
  eden space 65088K,  11% used [0x6e800000, 0x6ef0cff8, 0x72790000)
  from space 8064K,   0% used [0x72790000, 0x72790000, 0x72f70000)
  to   space 8064K,   0% used [0x72f70000, 0x72f70000, 0x73750000)
 tenured generation   total 178956K, used 178808K [0x792a0000, 0x84163000, 0x8e800000)
   the space 178956K,  99% used [0x792a0000, 0x8413e298, 0x8413e400, 0x84163000)
 compacting perm gen  total 12288K, used 8396K [0x8e800000, 0x8f400000, 0x92800000)
   the space 12288K,  68% used [0x8e800000, 0x8f0330a0, 0x8f033200, 0x8f400000)
    ro space 10240K,  59% used [0x92800000, 0x92dfe3d8, 0x92dfe400, 0x93200000)
    rw space 12288K,  59% used [0x93200000, 0x9391c2b0, 0x9391c400, 0x93e00000)

Card table byte_map: [0xb4654000,0xb4780000] byte_map_base: 0xb42e0000

Polling page: 0xb77a6000

Code Cache  [0xb4800000, 0xb4c20000, 0xb6800000)
 total_blobs=2537 nmethods=2243 adapters=229 free_code_cache=28576Kb largest_free_block=29261504

Compilation events (10 events):
Event: 266.074 Thread 0xb684ac00 2245             org.contikios.cooja.SimEventCentral::moteWasAdded (74 bytes)
Event: 266.074 Thread 0xb684ac00 nmethod 2245 0xb4c14788 code [0xb4c148f0, 0xb4c14c58]
Event: 266.144 Thread 0xb684ac00 2246             java.util.Formatter$FormatSpecifier::localizedMagnitude (327 bytes)
Event: 266.145 Thread 0xb684ac00 nmethod 2246 0xb4c150c8 code [0xb4c15290, 0xb4c15944]
Event: 266.146 Thread 0xb684ac00 2247             java.util.Formatter::checkText (58 bytes)
Event: 266.147 Thread 0xb684ac00 nmethod 2247 0xb4c16688 code [0xb4c167f0, 0xb4c16b70]
Event: 266.151 Thread 0xb684ac00 2248             javax.swing.text.BoxView::paint (249 bytes)
Event: 266.151 Thread 0xb684ac00 nmethod 2248 0xb4c16f88 code [0xb4c170f0, 0xb4c17448]
Event: 266.198 Thread 0xb684ac00 2249             javax.swing.SwingUtilities::getRootPane (43 bytes)
Event: 266.198 Thread 0xb684ac00 nmethod 2249 0xb4c17d88 code [0xb4c17ec0, 0xb4c18074]

GC Heap History (10 events):
Event: 39.496 GC heap after
Heap after GC invocations=26 (full 6):
 def new generation   total 72896K, used 110K [0x6e800000, 0x73710000, 0x792a0000)
  eden space 64832K,   0% used [0x6e800000, 0x6e800000, 0x72750000)
  from space 8064K,   1% used [0x72750000, 0x7276bae8, 0x72f30000)
  to   space 8064K,   0% used [0x72f30000, 0x72f30000, 0x73710000)
 tenured generation   total 161888K, used 97130K [0x792a0000, 0x830b8000, 0x8e800000)
   the space 161888K,  59% used [0x792a0000, 0x7f17aaf0, 0x7f17ac00, 0x830b8000)
 compacting perm gen  total 12288K, used 8368K [0x8e800000, 0x8f400000, 0x92800000)
   the space 12288K,  68% used [0x8e800000, 0x8f02c2e8, 0x8f02c400, 0x8f400000)
    ro space 10240K,  59% used [0x92800000, 0x92dfe3d8, 0x92dfe400, 0x93200000)
    rw space 12288K,  59% used [0x93200000, 0x9391c2b0, 0x9391c400, 0x93e00000)
}
Event: 40.390 GC heap before
{Heap before GC invocations=26 (full 6):
 def new generation   total 72896K, used 32669K [0x6e800000, 0x73710000, 0x792a0000)
  eden space 64832K,  50% used [0x6e800000, 0x707cbc30, 0x72750000)
  from space 8064K,   1% used [0x72750000, 0x7276bae8, 0x72f30000)
  to   space 8064K,   0% used [0x72f30000, 0x72f30000, 0x73710000)
 tenured generation   total 161888K, used 97130K [0x792a0000, 0x830b8000, 0x8e800000)
   the space 161888K,  59% used [0x792a0000, 0x7f17aaf0, 0x7f17ac00, 0x830b8000)
 compacting perm gen  total 12288K, used 8385K [0x8e800000, 0x8f400000, 0x92800000)
   the space 12288K,  68% used [0x8e800000, 0x8f0306b8, 0x8f030800, 0x8f400000)
    ro space 10240K,  59% used [0x92800000, 0x92dfe3d8, 0x92dfe400, 0x93200000)
    rw space 12288K,  59% used [0x93200000, 0x9391c2b0, 0x9391c400, 0x93e00000)
Event: 40.453 GC heap after
Heap after GC invocations=27 (full 7):
 def new generation   total 73152K, used 0K [0x6e800000, 0x73750000, 0x792a0000)
  eden space 65088K,   0% used [0x6e800000, 0x6e800000, 0x72790000)
  from space 8064K,   0% used [0x72790000, 0x72790000, 0x72f70000)
  to   space 8064K,   0% used [0x72f70000, 0x72f70000, 0x73750000)
 tenured generation   total 162316K, used 97388K [0x792a0000, 0x83123000, 0x8e800000)
   the space 162316K,  59% used [0x792a0000, 0x7f1bb178, 0x7f1bb200, 0x83123000)
 compacting perm gen  total 12288K, used 8385K [0x8e800000, 0x8f400000, 0x92800000)
   the space 12288K,  68% used [0x8e800000, 0x8f0306b8, 0x8f030800, 0x8f400000)
    ro space 10240K,  59% used [0x92800000, 0x92dfe3d8, 0x92dfe400, 0x93200000)
    rw space 12288K,  59% used [0x93200000, 0x9391c2b0, 0x9391c400, 0x93e00000)
}
Event: 172.748 GC heap before
{Heap before GC invocations=27 (full 7):
 def new generation   total 73152K, used 65088K [0x6e800000, 0x73750000, 0x792a0000)
  eden space 65088K, 100% used [0x6e800000, 0x72790000, 0x72790000)
  from space 8064K,   0% used [0x72790000, 0x72790000, 0x72f70000)
  to   space 8064K,   0% used [0x72f70000, 0x72f70000, 0x73750000)
 tenured generation   total 162316K, used 97388K [0x792a0000, 0x83123000, 0x8e800000)
   the space 162316K,  59% used [0x792a0000, 0x7f1bb178, 0x7f1bb200, 0x83123000)
 compacting perm gen  total 12288K, used 8395K [0x8e800000, 0x8f400000, 0x92800000)
   the space 12288K,  68% used [0x8e800000, 0x8f032e30, 0x8f033000, 0x8f400000)
    ro space 10240K,  59% used [0x92800000, 0x92dfe3d8, 0x92dfe400, 0x93200000)
    rw space 12288K,  59% used [0x93200000, 0x9391c2b0, 0x9391c400, 0x93e00000)
Event: 172.751 GC heap after
Heap after GC invocations=28 (full 7):
 def new generation   total 73152K, used 646K [0x6e800000, 0x73750000, 0x792a0000)
  eden space 65088K,   0% used [0x6e800000, 0x6e800000, 0x72790000)
  from space 8064K,   8% used [0x72f70000, 0x73011a00, 0x73750000)
  to   space 8064K,   0% used [0x72790000, 0x72790000, 0x72f70000)
 tenured generation   total 162316K, used 97388K [0x792a0000, 0x83123000, 0x8e800000)
   the space 162316K,  59% used [0x792a0000, 0x7f1bb178, 0x7f1bb200, 0x83123000)
 compacting perm gen  total 12288K, used 8395K [0x8e800000, 0x8f400000, 0x92800000)
   the space 12288K,  68% used [0x8e800000, 0x8f032e30, 0x8f033000, 0x8f400000)
    ro space 10240K,  59% used [0x92800000, 0x92dfe3d8, 0x92dfe400, 0x93200000)
    rw space 12288K,  59% used [0x93200000, 0x9391c2b0, 0x9391c400, 0x93e00000)
}
Event: 265.689 GC heap before
{Heap before GC invocations=28 (full 7):
 def new generation   total 73152K, used 65734K [0x6e800000, 0x73750000, 0x792a0000)
  eden space 65088K, 100% used [0x6e800000, 0x72790000, 0x72790000)
  from space 8064K,   8% used [0x72f70000, 0x73011a00, 0x73750000)
  to   space 8064K,   0% used [0x72790000, 0x72790000, 0x72f70000)
 tenured generation   total 162316K, used 97388K [0x792a0000, 0x83123000, 0x8e800000)
   the space 162316K,  59% used [0x792a0000, 0x7f1bb178, 0x7f1bb200, 0x83123000)
 compacting perm gen  total 12288K, used 8398K [0x8e800000, 0x8f400000, 0x92800000)
   the space 12288K,  68% used [0x8e800000, 0x8f033ab8, 0x8f033c00, 0x8f400000)
    ro space 10240K,  59% used [0x92800000, 0x92dfe3d8, 0x92dfe400, 0x93200000)
    rw space 12288K,  59% used [0x93200000, 0x9391c2b0, 0x9391c400, 0x93e00000)
Event: 265.712 GC heap after
Heap after GC invocations=29 (full 7):
 def new generation   total 73152K, used 8064K [0x6e800000, 0x73750000, 0x792a0000)
  eden space 65088K,   0% used [0x6e800000, 0x6e800000, 0x72790000)
  from space 8064K, 100% used [0x72790000, 0x72f70000, 0x72f70000)
  to   space 8064K,   0% used [0x72f70000, 0x72f70000, 0x73750000)
 tenured generation   total 162316K, used 109304K [0x792a0000, 0x83123000, 0x8e800000)
   the space 162316K,  67% used [0x792a0000, 0x7fd5e0d0, 0x7fd5e200, 0x83123000)
 compacting perm gen  total 12288K, used 8398K [0x8e800000, 0x8f400000, 0x92800000)
   the space 12288K,  68% used [0x8e800000, 0x8f033ab8, 0x8f033c00, 0x8f400000)
    ro space 10240K,  59% used [0x92800000, 0x92dfe3d8, 0x92dfe400, 0x93200000)
    rw space 12288K,  59% used [0x93200000, 0x9391c2b0, 0x9391c400, 0x93e00000)
}
Event: 265.809 GC heap before
{Heap before GC invocations=29 (full 7):
 def new generation   total 73152K, used 73152K [0x6e800000, 0x73750000, 0x792a0000)
  eden space 65088K, 100% used [0x6e800000, 0x72790000, 0x72790000)
  from space 8064K, 100% used [0x72790000, 0x72f70000, 0x72f70000)
  to   space 8064K,   0% used [0x72f70000, 0x72f70000, 0x73750000)
 tenured generation   total 162316K, used 109304K [0x792a0000, 0x83123000, 0x8e800000)
   the space 162316K,  67% used [0x792a0000, 0x7fd5e0d0, 0x7fd5e200, 0x83123000)
 compacting perm gen  total 12288K, used 8398K [0x8e800000, 0x8f400000, 0x92800000)
   the space 12288K,  68% used [0x8e800000, 0x8f033ad8, 0x8f033c00, 0x8f400000)
    ro space 10240K,  59% used [0x92800000, 0x92dfe3d8, 0x92dfe400, 0x93200000)
    rw space 12288K,  59% used [0x93200000, 0x9391c2b0, 0x9391c400, 0x93e00000)
Event: 265.957 GC heap after
Heap after GC invocations=30 (full 7):
 def new generation   total 73152K, used 8064K [0x6e800000, 0x73750000, 0x792a0000)
  eden space 65088K,   0% used [0x6e800000, 0x6e800000, 0x72790000)
  from space 8064K, 100% used [0x72f70000, 0x73750000, 0x73750000)
  to   space 8064K,   0% used [0x72790000, 0x72790000, 0x72f70000)
 tenured generation   total 162316K, used 161445K [0x792a0000, 0x83123000, 0x8e800000)
   the space 162316K,  99% used [0x792a0000, 0x83049680, 0x83049800, 0x83123000)
 compacting perm gen  total 12288K, used 8398K [0x8e800000, 0x8f400000, 0x92800000)
   the space 12288K,  68% used [0x8e800000, 0x8f033ad8, 0x8f033c00, 0x8f400000)
    ro space 10240K,  59% used [0x92800000, 0x92dfe3d8, 0x92dfe400, 0x93200000)
    rw space 12288K,  59% used [0x93200000, 0x9391c2b0, 0x9391c400, 0x93e00000)
}
Event: 266.992 GC heap before
{Heap before GC invocations=30 (full 7):
 def new generation   total 73152K, used 73152K [0x6e800000, 0x73750000, 0x792a0000)
  eden space 65088K, 100% used [0x6e800000, 0x72790000, 0x72790000)
  from space 8064K, 100% used [0x72f70000, 0x73750000, 0x73750000)
  to   space 8064K,   0% used [0x72790000, 0x72790000, 0x72f70000)
 tenured generation   total 162316K, used 161445K [0x792a0000, 0x83123000, 0x8e800000)
   the space 162316K,  99% used [0x792a0000, 0x83049680, 0x83049800, 0x83123000)
 compacting perm gen  total 12288K, used 8398K [0x8e800000, 0x8f400000, 0x92800000)
   the space 12288K,  68% used [0x8e800000, 0x8f033b68, 0x8f033c00, 0x8f400000)
    ro space 10240K,  59% used [0x92800000, 0x92dfe3d8, 0x92dfe400, 0x93200000)
    rw space 12288K,  59% used [0x93200000, 0x9391c2b0, 0x9391c400, 0x93e00000)

Deoptimization events (0 events):
No events

Internal exceptions (10 events):
Event: 40.661 Thread 0x095cc800 Threw 0x6e95a590 at /build/openjdk-7-Ylwexc/openjdk-7-7u111-2.6.7/build/openjdk/hotspot/src/share/vm/prims/jvm.cpp:1322
Event: 40.833 Thread 0x095cc800 Threw 0x6e9bbe30 at /build/openjdk-7-Ylwexc/openjdk-7-7u111-2.6.7/build/openjdk/hotspot/src/share/vm/prims/jvm.cpp:1322
Event: 40.833 Thread 0x095cc800 Threw 0x6e9bd1e0 at /build/openjdk-7-Ylwexc/openjdk-7-7u111-2.6.7/build/openjdk/hotspot/src/share/vm/prims/jvm.cpp:1322
Event: 40.834 Thread 0x095cc800 Threw 0x6e9bdfc8 at /build/openjdk-7-Ylwexc/openjdk-7-7u111-2.6.7/build/openjdk/hotspot/src/share/vm/prims/jvm.cpp:1322
Event: 40.834 Thread 0x095cc800 Threw 0x6e9bf378 at /build/openjdk-7-Ylwexc/openjdk-7-7u111-2.6.7/build/openjdk/hotspot/src/share/vm/prims/jvm.cpp:1322
Event: 41.133 Thread 0x095cc800 Threw 0x6eacbc50 at /build/openjdk-7-Ylwexc/openjdk-7-7u111-2.6.7/build/openjdk/hotspot/src/share/vm/prims/jvm.cpp:1322
Event: 41.133 Thread 0x095cc800 Threw 0x6eaccb98 at /build/openjdk-7-Ylwexc/openjdk-7-7u111-2.6.7/build/openjdk/hotspot/src/share/vm/prims/jvm.cpp:1322
Event: 41.133 Thread 0x095cc800 Threw 0x6eacd298 at /build/openjdk-7-Ylwexc/openjdk-7-7u111-2.6.7/build/openjdk/hotspot/src/share/vm/prims/jvm.cpp:1322
Event: 41.133 Thread 0x095cc800 Threw 0x6eace1e0 at /build/openjdk-7-Ylwexc/openjdk-7-7u111-2.6.7/build/openjdk/hotspot/src/share/vm/prims/jvm.cpp:1322
Event: 247.080 Thread 0xb3937800 Threw 0x7063b0f0 at /build/openjdk-7-Ylwexc/openjdk-7-7u111-2.6.7/build/openjdk/hotspot/src/share/vm/prims/jni.cpp:747

Events (10 events):
Event: 266.075 Executing VM operation: RevokeBias done
Event: 266.147 Executing VM operation: RevokeBias
Event: 266.147 Executing VM operation: RevokeBias done
Event: 266.147 Executing VM operation: RevokeBias
Event: 266.147 Executing VM operation: RevokeBias done
Event: 266.147 Executing VM operation: RevokeBias
Event: 266.147 Executing VM operation: RevokeBias done
Event: 266.230 Executing VM operation: RevokeBias
Event: 266.230 Executing VM operation: RevokeBias done
Event: 266.992 Executing VM operation: GenCollectForAllocation


Dynamic libraries:
08048000-08049000 r-xp 00000000 08:01 277188     /usr/lib/jvm/java-7-openjdk-i386/jre/bin/java
08049000-0804a000 r--p 00000000 08:01 277188     /usr/lib/jvm/java-7-openjdk-i386/jre/bin/java
0804a000-0804b000 rw-p 00001000 08:01 277188     /usr/lib/jvm/java-7-openjdk-i386/jre/bin/java
09302000-098eb000 rw-p 00000000 00:00 0          [heap]
6e800000-73750000 rw-p 00000000 00:00 0 
73750000-792a0000 rw-p 00000000 00:00 0 
792a0000-84163000 rw-p 00000000 00:00 0 
8b5a8000-8e800000 rw-p 00000000 00:00 0 
8e800000-8f400000 rw-p 00000000 00:00 0 
8f400000-92800000 rw-p 00000000 00:00 0 
92800000-92dff000 r--p 00001000 08:01 138891     /usr/lib/jvm/java-7-openjdk-i386/jre/lib/i386/client/classes.jsa
92dff000-93200000 rw-p 00000000 00:00 0 
93200000-9391d000 rw-p 00600000 08:01 138891     /usr/lib/jvm/java-7-openjdk-i386/jre/lib/i386/client/classes.jsa
9391d000-93e00000 rw-p 00000000 00:00 0 
93e00000-94114000 rw-p 00d1d000 08:01 138891     /usr/lib/jvm/java-7-openjdk-i386/jre/lib/i386/client/classes.jsa
94114000-94200000 rw-p 00000000 00:00 0 
94200000-94209000 r-xp 01031000 08:01 138891     /usr/lib/jvm/java-7-openjdk-i386/jre/lib/i386/client/classes.jsa
94209000-94600000 rw-p 00000000 00:00 0 
b2f00000-b2f56000 rw-p 00000000 00:00 0 
b2f56000-b3000000 ---p 00000000 00:00 0 
b3003000-b3008000 rw-s 00000000 00:04 41975821   /SYSV00000000 (deleted)
b300c000-b300f000 ---p 00000000 00:00 0 
b300f000-b305d000 rw-p 00000000 00:00 0          [stack:16019]
b305d000-b306b000 r--s 0010f000 08:01 228051     /usr/lib/jvm/java-7-openjdk-i386/jre/lib/rhino.jar
b306b000-b306c000 r--s 00000000 08:01 398509     /var/cache/fontconfig/087e1975ba9a574b140bb1df193bf770-le32d4.cache-4
b306c000-b3076000 r--s 00000000 08:01 405424     /var/cache/fontconfig/6aa41aa22e18b8fa06a12da28ea9c28b-le32d4.cache-4
b3076000-b3077000 r--s 00000000 08:01 405413     /var/cache/fontconfig/c05880de57d1f5e948fdfacc138775d9-le32d4.cache-4
b3077000-b307f000 r--s 00000000 08:01 404392     /var/cache/fontconfig/945677eb7aeaf62f1d50efc3fb3ec7d8-le32d4.cache-4
b307f000-b3081000 r--s 00000000 08:01 405411     /var/cache/fontconfig/99e8ed0e538f840c565b6ed5dad60d56-le32d4.cache-4
b3081000-b3085000 r--s 00000000 08:01 405410     /var/cache/fontconfig/2cd17615ca594fa2959ae173292e504c-le32d4.cache-4
b3085000-b3086000 r--s 00000000 08:01 405409     /var/cache/fontconfig/e7071f4a29fa870f4323321c154eba04-le32d4.cache-4
b3086000-b3087000 r--s 00000000 08:01 405407     /var/cache/fontconfig/0d8c3b2ac0904cb8a57a757ad11a4a08-le32d4.cache-4
b3087000-b308c000 r--s 00000000 08:01 405406     /var/cache/fontconfig/a755afe4a08bf5b97852ceb7400b47bc-le32d4.cache-4
b308c000-b3095000 r--s 00000000 08:01 405394     /var/cache/fontconfig/6d41288fd70b0be22e8c3a91e032eec0-le32d4.cache-4
b3095000-b30a4000 r--s 00000000 08:01 405342     /var/cache/fontconfig/04aabc0a78ac019cf9454389977116d2-le32d4.cache-4
b30a4000-b30a5000 r--s 00000000 08:01 405341     /var/cache/fontconfig/1ac9eb803944fde146138c791f5cc56a-le32d4.cache-4
b30a5000-b30a6000 r--s 00000000 08:01 405340     /var/cache/fontconfig/b95bc8ffbebda2bbdae4265e45b8178d-le32d4.cache-4
b30a6000-b30a9000 r--s 00000000 08:01 405339     /var/cache/fontconfig/385c0604a188198f04d133e54aba7fe7-le32d4.cache-4
b30a9000-b30aa000 r--s 00000000 08:01 405338     /var/cache/fontconfig/9c956a7723ca69a44b382d9179c9802f-le32d4.cache-4
b30aa000-b30ab000 r--s 00000000 08:01 405337     /var/cache/fontconfig/dc05db6664285cc2f12bf69c139ae4c3-le32d4.cache-4
b30ab000-b30ac000 r--s 00000000 08:01 405336     /var/cache/fontconfig/5d1cca7074f29429a8d18692746c2426-le32d4.cache-4
b30ac000-b30ae000 r--s 00000000 08:01 397884     /var/cache/fontconfig/767a8244fc0220cfb567a839d0392e0b-le32d4.cache-4
b30ae000-b30af000 r--s 00000000 08:01 405335     /var/cache/fontconfig/4794a0821666d79190d59a36cb4f44b5-le32d4.cache-4
b30af000-b30b0000 r--s 00000000 08:01 405334     /var/cache/fontconfig/9eae20f1ff8cc0a7d125749e875856bd-le32d4.cache-4
b30b0000-b30b2000 r--s 00000000 08:01 405322     /var/cache/fontconfig/bf2c1853a9e9b00bb02fe2e9bcf1e201-le32d4.cache-4
b30b2000-b30b6000 r--s 00000000 08:01 405321     /var/cache/fontconfig/8801497958630a81b71ace7c5f9b32a8-le32d4.cache-4
b30b6000-b30bb000 r--s 00000000 08:01 405320     /var/cache/fontconfig/3047814df9a2f067bd2d96a2b9c36e5a-le32d4.cache-4
b30bb000-b30be000 r--s 00000000 08:01 405318     /var/cache/fontconfig/bf3b770c553c462765856025a94f1ce6-le32d4.cache-4
b30be000-b30bf000 r--s 00000000 08:01 405317     /var/cache/fontconfig/56cf4f4769d0f4abc89a4895d7bd3ae1-le32d4.cache-4
b30bf000-b30c0000 r--s 00000000 08:01 405316     /var/cache/fontconfig/b9d506c9ac06c20b433354fa67a72993-le32d4.cache-4
b30c0000-b30c4000 r--s 00000000 08:01 405315     /var/cache/fontconfig/b47c4e1ecd0709278f4910c18777a504-le32d4.cache-4
b30c4000-b30c6000 r--s 00000000 08:01 405314     /var/cache/fontconfig/14d493b97896515cad3840ba4896e372-le32d4.cache-4
b30c6000-b30c7000 r--s 00000000 08:01 405313     /var/cache/fontconfig/89034621ae2a8922916bb6bfa5799546-le32d4.cache-4
b30c7000-b30ca000 r--s 00000000 08:01 405312     /var/cache/fontconfig/e49e89034d371f0f9de17aab02136486-le32d4.cache-4
b30ca000-b30cc000 r--s 00000000 08:01 405311     /var/cache/fontconfig/4b14b093aebc79c320de5e86ae1d3314-le32d4.cache-4
b30cc000-b30cd000 r--s 00000000 08:01 405309     /var/cache/fontconfig/8aec10f4cc8391dcef22ca549f1e4354-le32d4.cache-4
b30cd000-b30dd000 r--s 00000000 08:01 405308     /var/cache/fontconfig/d52a8644073d54c13679302ca1180695-le32d4.cache-4
b30dd000-b30de000 r--s 00000000 08:01 405294     /var/cache/fontconfig/8a687c406b77f27d99abfeeba937fcce-le32d4.cache-4
b30de000-b30e5000 r--s 00000000 08:01 405293     /var/cache/fontconfig/3f7329c5293ffd510edef78f73874cfd-le32d4.cache-4
b30e5000-b30e6000 r--s 00000000 08:01 405292     /var/cache/fontconfig/ac2cf712d852da827a87a9baf682f5b9-le32d4.cache-4
b30e6000-b30e8000 r--s 00000000 08:01 405286     /var/cache/fontconfig/65f976e5259cbe6dc7697b8648396239-le32d4.cache-4
b30e8000-b30f1000 r--s 00000000 08:01 404393     /var/cache/fontconfig/d589a48862398ed80a3d6066f4f56f4c-le32d4.cache-4
b30f1000-b30f2000 r--s 00000000 08:01 404293     /var/cache/fontconfig/94f7fe9bd33aadfac165873bd010d595-le32d4.cache-4
b30f2000-b30f3000 r--s 00000000 08:01 404277     /var/cache/fontconfig/423767150eb258c59035de29db6fca84-le32d4.cache-4
b30f3000-b30f4000 r--s 00000000 08:01 404276     /var/cache/fontconfig/845c20fd2c4814bcec78e05d37a63ccc-le32d4.cache-4
b30f4000-b30f5000 r--s 00000000 08:01 404275     /var/cache/fontconfig/e7de81b01590fb7e12b38e274e17d0db-le32d4.cache-4
b30f5000-b30f6000 r--s 00000000 08:01 403278     /var/cache/fontconfig/406a1d2d2bf3ed7664fbadefac0b2f66-le32d4.cache-4
b30f6000-b30f8000 r--s 00000000 08:01 401899     /var/cache/fontconfig/67709b7835c0f764c1135060c9575660-le32d4.cache-4
b30f8000-b3100000 r--s 00000000 08:01 401898     /var/cache/fontconfig/198d8fcf01c96d0cf813f74fd759bdb7-le32d4.cache-4
b3100000-b3101000 r--s 00000000 08:01 401866     /var/cache/fontconfig/0c9eb80ebd1c36541ebe2852d3bb0c49-le32d4.cache-4
b3101000-b310a000 r--s 00000000 08:01 401800     /var/cache/fontconfig/83bf95040141907cd45bb53cf7c1c148-le32d4.cache-4
b310a000-b310c000 r--s 00000000 08:01 401799     /var/cache/fontconfig/6e6b34ae150a7ad95e82fb4a522f0bda-le32d4.cache-4
b310c000-b310d000 r--s 00000000 08:01 401797     /var/cache/fontconfig/3334a778d104e76d188e9df399bc24d2-le32d4.cache-4
b310d000-b3113000 r--s 00000000 08:01 401796     /var/cache/fontconfig/53d14c92082a93e67d5078324eb314ca-le32d4.cache-4
b3113000-b3116000 r--s 00000000 08:01 401795     /var/cache/fontconfig/6c08beecf0dac481ec92e759e0c2e6d7-le32d4.cache-4
b3116000-b3119000 r--s 00000000 08:01 401794     /var/cache/fontconfig/4d6aee6d44eccb37054d3216e945f618-le32d4.cache-4
b3119000-b311c000 r--s 00000000 08:01 401793     /var/cache/fontconfig/d6c6df98c3df5faf9bd0f8ef4d91efe5-le32d4.cache-4
b311c000-b311f000 r--s 00000000 08:01 401792     /var/cache/fontconfig/9fb319ef52839f11ee26ab8b4cffa12b-le32d4.cache-4
b311f000-b312f000 r--s 00000000 08:01 401791     /var/cache/fontconfig/4ac51e5cfbc76fc3f983e470323a16d3-le32d4.cache-4
b312f000-b3131000 r--s 00000000 08:01 401790     /var/cache/fontconfig/c19b55eb3b4c5b40ea175e31682068a5-le32d4.cache-4
b3131000-b3132000 r--s 00000000 08:01 401789     /var/cache/fontconfig/c277e94e32b20404286a1ddafa5a80f0-le32d4.cache-4
b3132000-b3143000 r--s 00000000 08:01 396169     /var/cache/fontconfig/e13b20fdb08344e0e664864cc2ede53d-le32d4.cache-4
b3143000-b3147000 r--s 00000000 08:01 401865     /var/cache/fontconfig/7ef2298fde41cc6eeb7af42e48b7d293-le32d4.cache-4
b3147000-b3151000 r--s 00000000 08:01 405428     /var/cache/fontconfig/8f02d4cb045bd6ce15663e43f347c9f8-le32d4.cache-4
b3151000-b3167000 r--s 00000000 08:01 405427     /var/cache/fontconfig/467c019e582ee353435ea5c21d137ef6-le32d4.cache-4
b316b000-b316e000 ---p 00000000 00:00 0 
b316e000-b31bc000 rw-p 00000000 00:00 0 
b31bc000-b31bf000 ---p 00000000 00:00 0 
b31bf000-b320d000 rw-p 00000000 00:00 0 
b320d000-b3210000 ---p 00000000 00:00 0 
b3210000-b325e000 rw-p 00000000 00:00 0 
b325e000-b3261000 r--s 00000000 08:01 401788     /var/cache/fontconfig/de83a0a961185c8bd1f159015d56c039-le32d4.cache-4
b3261000-b3262000 r--s 00000000 08:01 405570     /var/cache/fontconfig/16326683038b281783a0ef8c680e3a10-le32d4.cache-4
b3262000-b32b2000 r-xp 00000000 08:01 227978     /usr/lib/jvm/java-7-openjdk-i386/jre/lib/i386/libfontmanager.so
b32b2000-b32b4000 r--p 0004f000 08:01 227978     /usr/lib/jvm/java-7-openjdk-i386/jre/lib/i386/libfontmanager.so
b32b4000-b32b5000 rw-p 00051000 08:01 227978     /usr/lib/jvm/java-7-openjdk-i386/jre/lib/i386/libfontmanager.so
b32b5000-b32ef000 r--s 001e1000 08:01 23932      /home/user/BMRFcontiki_original/contiki/tools/cooja/apps/avrora/lib/avrora-small.jar
b32ef000-b32f2000 ---p 00000000 00:00 0 
b32f2000-b3340000 rw-p 00000000 00:00 0          [stack:15885]
b3340000-b3343000 ---p 00000000 00:00 0 
b3343000-b3391000 rw-p 00000000 00:00 0 
b3391000-b3394000 ---p 00000000 00:00 0 
b3394000-b33e2000 rw-p 00000000 00:00 0 
b33e2000-b33e5000 ---p 00000000 00:00 0 
b33e5000-b3433000 rw-p 00000000 00:00 0          [stack:15882]
b3433000-b3436000 ---p 00000000 00:00 0 
b3436000-b3484000 rw-p 00000000 00:00 0          [stack:15881]
b3484000-b3487000 ---p 00000000 00:00 0 
b3487000-b34d5000 rw-p 00000000 00:00 0          [stack:15880]
b34d5000-b34d9000 r-xp 00000000 08:01 7640       /usr/lib/i386-linux-gnu/libXfixes.so.3.1.0
b34d9000-b34da000 r--p 00003000 08:01 7640       /usr/lib/i386-linux-gnu/libXfixes.so.3.1.0
b34da000-b34db000 rw-p 00004000 08:01 7640       /usr/lib/i386-linux-gnu/libXfixes.so.3.1.0
b34db000-b34e4000 r-xp 00000000 08:01 9790       /usr/lib/i386-linux-gnu/libXcursor.so.1.0.2
b34e4000-b34e5000 r--p 00008000 08:01 9790       /usr/lib/i386-linux-gnu/libXcursor.so.1.0.2
b34e5000-b34e6000 rw-p 00009000 08:01 9790       /usr/lib/i386-linux-gnu/libXcursor.so.1.0.2
b34e6000-b34e9000 ---p 00000000 00:00 0 
b34e9000-b3537000 rw-p 00000000 00:00 0          [stack:15879]
b3537000-b355d000 r-xp 00000000 08:01 158416     /lib/i386-linux-gnu/libpng12.so.0.50.0
b355d000-b355e000 r--p 00025000 08:01 158416     /lib/i386-linux-gnu/libpng12.so.0.50.0
b355e000-b355f000 rw-p 00026000 08:01 158416     /lib/i386-linux-gnu/libpng12.so.0.50.0
b355f000-b3564000 r-xp 00000000 08:01 5406       /usr/lib/i386-linux-gnu/libXdmcp.so.6.0.0
b3564000-b3565000 r--p 00004000 08:01 5406       /usr/lib/i386-linux-gnu/libXdmcp.so.6.0.0
b3565000-b3566000 rw-p 00005000 08:01 5406       /usr/lib/i386-linux-gnu/libXdmcp.so.6.0.0
b3566000-b3568000 r-xp 00000000 08:01 5352       /usr/lib/i386-linux-gnu/libXau.so.6.0.0
b3568000-b3569000 r--p 00001000 08:01 5352       /usr/lib/i386-linux-gnu/libXau.so.6.0.0
b3569000-b356a000 rw-p 00002000 08:01 5352       /usr/lib/i386-linux-gnu/libXau.so.6.0.0
b356a000-b358f000 r-xp 00000000 08:01 131421     /lib/i386-linux-gnu/libexpat.so.1.6.0
b358f000-b3590000 ---p 00025000 08:01 131421     /lib/i386-linux-gnu/libexpat.so.1.6.0
b3590000-b3592000 r--p 00025000 08:01 131421     /lib/i386-linux-gnu/libexpat.so.1.6.0
b3592000-b3593000 rw-p 00027000 08:01 131421     /lib/i386-linux-gnu/libexpat.so.1.6.0
b3593000-b362e000 r-xp 00000000 08:01 9131       /usr/lib/i386-linux-gnu/libfreetype.so.6.11.1
b362e000-b3632000 r--p 0009a000 08:01 9131       /usr/lib/i386-linux-gnu/libfreetype.so.6.11.1
b3632000-b3633000 rw-p 0009e000 08:01 9131       /usr/lib/i386-linux-gnu/libfreetype.so.6.11.1
b3633000-b3653000 r-xp 00000000 08:01 66655      /usr/lib/i386-linux-gnu/libxcb.so.1.1.0
b3653000-b3654000 r--p 0001f000 08:01 66655      /usr/lib/i386-linux-gnu/libxcb.so.1.1.0
b3654000-b3655000 rw-p 00020000 08:01 66655      /usr/lib/i386-linux-gnu/libxcb.so.1.1.0
b3655000-b368e000 r-xp 00000000 08:01 11084      /usr/lib/i386-linux-gnu/libfontconfig.so.1.8.0
b368e000-b368f000 r--p 00039000 08:01 11084      /usr/lib/i386-linux-gnu/libfontconfig.so.1.8.0
b368f000-b3690000 rw-p 0003a000 08:01 11084      /usr/lib/i386-linux-gnu/libfontconfig.so.1.8.0
b3690000-b369e000 r-xp 00000000 08:01 7577       /usr/lib/i386-linux-gnu/libXi.so.6.1.0
b369e000-b369f000 r--p 0000e000 08:01 7577       /usr/lib/i386-linux-gnu/libXi.so.6.1.0
b369f000-b36a0000 rw-p 0000f000 08:01 7577       /usr/lib/i386-linux-gnu/libXi.so.6.1.0
b36a0000-b36a5000 r-xp 00000000 08:01 10292      /usr/lib/i386-linux-gnu/libXtst.so.6.1.0
b36a5000-b36a6000 r--p 00004000 08:01 10292      /usr/lib/i386-linux-gnu/libXtst.so.6.1.0
b36a6000-b36a7000 rw-p 00005000 08:01 10292      /usr/lib/i386-linux-gnu/libXtst.so.6.1.0
b36a7000-b36b0000 r-xp 00000000 08:01 6199       /usr/lib/i386-linux-gnu/libXrender.so.1.3.0
b36b0000-b36b1000 r--p 00008000 08:01 6199       /usr/lib/i386-linux-gnu/libXrender.so.1.3.0
b36b1000-b36b2000 rw-p 00009000 08:01 6199       /usr/lib/i386-linux-gnu/libXrender.so.1.3.0
b36b2000-b37e2000 r-xp 00000000 08:01 10842      /usr/lib/i386-linux-gnu/libX11.so.6.3.0
b37e2000-b37e3000 r--p 00130000 08:01 10842      /usr/lib/i386-linux-gnu/libX11.so.6.3.0
b37e3000-b37e5000 rw-p 00131000 08:01 10842      /usr/lib/i386-linux-gnu/libX11.so.6.3.0
b37e5000-b37e6000 rw-p 00000000 00:00 0 
b37e6000-b37f7000 r-xp 00000000 08:01 6183       /usr/lib/i386-linux-gnu/libXext.so.6.4.0
b37f7000-b37f8000 r--p 00010000 08:01 6183       /usr/lib/i386-linux-gnu/libXext.so.6.4.0
b37f8000-b37f9000 rw-p 00011000 08:01 6183       /usr/lib/i386-linux-gnu/libXext.so.6.4.0
b37f9000-b3841000 r-xp 00000000 08:01 136656     /usr/lib/jvm/java-7-openjdk-i386/jre/lib/i386/xawt/libmawt.so
b3841000-b3842000 r--p 00048000 08:01 136656     /usr/lib/jvm/java-7-openjdk-i386/jre/lib/i386/xawt/libmawt.so
b3842000-b3844000 rw-p 00049000 08:01 136656     /usr/lib/jvm/java-7-openjdk-i386/jre/lib/i386/xawt/libmawt.so
b3844000-b3845000 rw-p 00000000 00:00 0 
b3845000-b38d4000 r-xp 00000000 08:01 227988     /usr/lib/jvm/java-7-openjdk-i386/jre/lib/i386/libawt.so
b38d4000-b38d5000 r--p 0008f000 08:01 227988     /usr/lib/jvm/java-7-openjdk-i386/jre/lib/i386/libawt.so
b38d5000-b38dc000 rw-p 00090000 08:01 227988     /usr/lib/jvm/java-7-openjdk-i386/jre/lib/i386/libawt.so
b38dc000-b3900000 rw-p 00000000 00:00 0 
b3900000-b394e000 rw-p 00000000 00:00 0 
b394e000-b3a00000 ---p 00000000 00:00 0 
b3a00000-b3a01000 r--s 00000000 08:01 395718     /var/cache/fontconfig/e0aa53bcfa504e64f87823c16bc01eb6-le32d4.cache-4
b3a01000-b3a02000 r--s 00003000 08:01 52046      /home/user/BMRFcontiki_original/contiki/tools/cooja/apps/powertracker/lib/powertracker.jar
b3a02000-b3a03000 r--s 00002000 08:01 23946      /home/user/BMRFcontiki_original/contiki/tools/cooja/apps/collect-view/cooja-collect-view.jar
b3a03000-b3a3f000 r-xp 00000000 08:01 132344     /lib/i386-linux-gnu/libpcre.so.3.13.1
b3a3f000-b3a40000 r--p 0003b000 08:01 132344     /lib/i386-linux-gnu/libpcre.so.3.13.1
b3a40000-b3a41000 rw-p 0003c000 08:01 132344     /lib/i386-linux-gnu/libpcre.so.3.13.1
b3a41000-b3a46000 r-xp 00000000 08:01 5644       /usr/lib/i386-linux-gnu/libffi.so.6.0.1
b3a46000-b3a47000 r--p 00005000 08:01 5644       /usr/lib/i386-linux-gnu/libffi.so.6.0.1
b3a47000-b3a48000 rw-p 00006000 08:01 5644       /usr/lib/i386-linux-gnu/libffi.so.6.0.1
b3a48000-b3a5b000 r-xp 00000000 08:01 134538     /lib/i386-linux-gnu/libresolv-2.19.so
b3a5b000-b3a5c000 ---p 00013000 08:01 134538     /lib/i386-linux-gnu/libresolv-2.19.so
b3a5c000-b3a5d000 r--p 00013000 08:01 134538     /lib/i386-linux-gnu/libresolv-2.19.so
b3a5d000-b3a5e000 rw-p 00014000 08:01 134538     /lib/i386-linux-gnu/libresolv-2.19.so
b3a5e000-b3a60000 rw-p 00000000 00:00 0 
b3a60000-b3a80000 r-xp 00000000 08:01 131406     /lib/i386-linux-gnu/libselinux.so.1
b3a80000-b3a81000 r--p 0001f000 08:01 131406     /lib/i386-linux-gnu/libselinux.so.1
b3a81000-b3a82000 rw-p 00020000 08:01 131406     /lib/i386-linux-gnu/libselinux.so.1
b3a82000-b3a83000 rw-p 00000000 00:00 0 
b3a83000-b3b8d000 r-xp 00000000 08:01 136564     /lib/i386-linux-gnu/libglib-2.0.so.0.4002.0
b3b8d000-b3b8e000 r--p 00109000 08:01 136564     /lib/i386-linux-gnu/libglib-2.0.so.0.4002.0
b3b8e000-b3b8f000 rw-p 0010a000 08:01 136564     /lib/i386-linux-gnu/libglib-2.0.so.0.4002.0
b3b8f000-b3bdf000 r-xp 00000000 08:01 1672       /usr/lib/i386-linux-gnu/libgobject-2.0.so.0.4002.0
b3bdf000-b3be0000 r--p 0004f000 08:01 1672       /usr/lib/i386-linux-gnu/libgobject-2.0.so.0.4002.0
b3be0000-b3be1000 rw-p 00050000 08:01 1672       /usr/lib/i386-linux-gnu/libgobject-2.0.so.0.4002.0
b3be1000-b3d5e000 r-xp 00000000 08:01 1674       /usr/lib/i386-linux-gnu/libgio-2.0.so.0.4002.0
b3d5e000-b3d60000 r--p 0017d000 08:01 1674       /usr/lib/i386-linux-gnu/libgio-2.0.so.0.4002.0
b3d60000-b3d61000 rw-p 0017f000 08:01 1674       /usr/lib/i386-linux-gnu/libgio-2.0.so.0.4002.0
b3d61000-b3d62000 rw-p 00000000 00:00 0 
b3d62000-b3d63000 r--s 00003000 08:01 51754      /home/user/BMRFcontiki_original/contiki/tools/cooja/apps/serial_socket/lib/serial_socket.jar
b3d63000-b3d65000 r--s 00007000 08:01 23933      /home/user/BMRFcontiki_original/contiki/tools/cooja/apps/avrora/lib/cooja_avrora.jar
b3d65000-b3d67000 r--s 00010000 08:01 51109      /home/user/BMRFcontiki_original/contiki/tools/cooja/apps/mspsim/lib/jipv6.jar
b3d67000-b3d73000 r--s 000ea000 08:01 51108      /home/user/BMRFcontiki_original/contiki/tools/cooja/apps/mspsim/lib/mspsim.jar
b3d73000-b3d79000 r--s 00065000 08:01 51690      /home/user/BMRFcontiki_original/contiki/tools/cooja/apps/mspsim/lib/cooja_mspsim.jar
b3d79000-b3d7c000 r--s 0001e000 08:01 49725      /home/user/BMRFcontiki_original/contiki/tools/cooja/apps/mrm/lib/mrm.jar
b3d7c000-b3d94000 r-xp 00000000 08:01 153627     /usr/lib/jvm/java-7-openjdk-i386/jre/lib/i386/libnet.so
b3d94000-b3d95000 r--p 00017000 08:01 153627     /usr/lib/jvm/java-7-openjdk-i386/jre/lib/i386/libnet.so
b3d95000-b3d96000 rw-p 00018000 08:01 153627     /usr/lib/jvm/java-7-openjdk-i386/jre/lib/i386/libnet.so
b3d96000-b3da7000 r-xp 00000000 08:01 227965     /usr/lib/jvm/java-7-openjdk-i386/jre/lib/i386/libnio.so
b3da7000-b3da8000 r--p 00010000 08:01 227965     /usr/lib/jvm/java-7-openjdk-i386/jre/lib/i386/libnio.so
b3da8000-b3da9000 rw-p 00011000 08:01 227965     /usr/lib/jvm/java-7-openjdk-i386/jre/lib/i386/libnio.so
b3da9000-b3db3000 r--s 000ae000 08:01 136821     /usr/lib/jvm/java-7-openjdk-i386/jre/lib/resources.jar
b3db3000-b3dba000 r--s 0005b000 08:01 24253      /home/user/BMRFcontiki_original/contiki/tools/cooja/lib/jsyntaxpane.jar
b3dba000-b3dbb000 ---p 00000000 00:00 0 
b3dbb000-b3e3b000 rw-p 00000000 00:00 0          [stack:15878]
b3e3b000-b3e3e000 ---p 00000000 00:00 0 
b3e3e000-b3e8c000 rw-p 00000000 00:00 0          [stack:15877]
b3e8c000-b3e8f000 ---p 00000000 00:00 0 
b3e8f000-b3f0d000 rw-p 00000000 00:00 0          [stack:15876]
b3f0d000-b3f10000 ---p 00000000 00:00 0 
b3f10000-b3f5e000 rw-p 00000000 00:00 0          [stack:15875]
b3f5e000-b415e000 r--p 00000000 08:01 369        /usr/lib/locale/locale-archive
b415e000-b4161000 ---p 00000000 00:00 0 
b4161000-b41af000 rw-p 00000000 00:00 0          [stack:15874]
b41af000-b41b2000 ---p 00000000 00:00 0 
b41b2000-b4200000 rw-p 00000000 00:00 0          [stack:15873]
b4200000-b42f8000 rw-p 00000000 00:00 0 
b42f8000-b4300000 ---p 00000000 00:00 0 
b4300000-b4302000 r-xp 00000000 08:01 3489       /usr/lib/i386-linux-gnu/libXcomposite.so.1.0.0
b4302000-b4303000 r--p 00001000 08:01 3489       /usr/lib/i386-linux-gnu/libXcomposite.so.1.0.0
b4303000-b4304000 rw-p 00002000 08:01 3489       /usr/lib/i386-linux-gnu/libXcomposite.so.1.0.0
b4304000-b430b000 r--s 0004f000 08:01 24254      /home/user/BMRFcontiki_original/contiki/tools/cooja/lib/log4j.jar
b430b000-b430c000 ---p 00000000 00:00 0 
b430c000-b43d5000 rw-p 00000000 00:00 0          [stack:15872]
b43d5000-b4588000 r--s 01d3d000 08:01 136792     /usr/lib/jvm/java-7-openjdk-i386/jre/lib/rt.jar
b4588000-b458f000 rw-p 00000000 00:00 0 
b458f000-b45a9000 rw-p 00000000 00:00 0 
b45a9000-b4601000 rw-p 00000000 00:00 0 
b4601000-b4654000 rw-p 00000000 00:00 0 
b4654000-b467c000 rw-p 00000000 00:00 0 
b467c000-b46a9000 rw-p 00000000 00:00 0 
b46a9000-b4701000 rw-p 00000000 00:00 0 
b4701000-b4754000 rw-p 00000000 00:00 0 
b4754000-b475a000 rw-p 00000000 00:00 0 
b475a000-b4774000 rw-p 00000000 00:00 0 
b4774000-b4791000 rw-p 00000000 00:00 0 
b4791000-b4800000 rw-p 00000000 00:00 0 
b4800000-b4c20000 rwxp 00000000 00:00 0 
b4c20000-b68ff000 rw-p 00000000 00:00 0 
b68ff000-b6900000 ---p 00000000 00:00 0 
b6900000-b6901000 r--s 00004000 08:01 51146      /home/user/BMRFcontiki_original/contiki/tools/cooja/apps/mspsim/lib/coffee.jar
b6901000-b6904000 r-xp 00000000 08:01 1675       /usr/lib/i386-linux-gnu/libgmodule-2.0.so.0.4002.0
b6904000-b6905000 r--p 00002000 08:01 1675       /usr/lib/i386-linux-gnu/libgmodule-2.0.so.0.4002.0
b6905000-b6906000 rw-p 00003000 08:01 1675       /usr/lib/i386-linux-gnu/libgmodule-2.0.so.0.4002.0
b6906000-b6909000 r--s 00022000 08:01 24252      /home/user/BMRFcontiki_original/contiki/tools/cooja/lib/jdom.jar
b6909000-b690d000 r--s 00085000 08:01 228070     /usr/lib/jvm/java-7-openjdk-i386/jre/lib/ext/localedata.jar
b690d000-b690e000 r--s 00002000 08:01 228075     /usr/lib/jvm/java-7-openjdk-i386/jre/lib/ext/dnsns.jar
b690e000-b6912000 r--s 00034000 08:01 228073     /usr/lib/jvm/java-7-openjdk-i386/jre/lib/ext/sunjce_provider.jar
b6912000-b6915000 r--s 0000f000 08:01 228068     /usr/lib/jvm/java-7-openjdk-i386/jre/lib/ext/icedtea-sound.jar
b6915000-b6918000 r--s 0003d000 08:01 228066     /usr/lib/jvm/java-7-openjdk-i386/jre/lib/ext/sunpkcs11.jar
b6918000-b691a000 r--s 00006000 08:01 276693     /usr/share/java/java-atk-wrapper.jar
b691a000-b6924000 r-xp 00000000 08:01 134558     /lib/i386-linux-gnu/libnss_files-2.19.so
b6924000-b6925000 r--p 00009000 08:01 134558     /lib/i386-linux-gnu/libnss_files-2.19.so
b6925000-b6926000 rw-p 0000a000 08:01 134558     /lib/i386-linux-gnu/libnss_files-2.19.so
b6926000-b6930000 r-xp 00000000 08:01 134550     /lib/i386-linux-gnu/libnss_nis-2.19.so
b6930000-b6931000 r--p 00009000 08:01 134550     /lib/i386-linux-gnu/libnss_nis-2.19.so
b6931000-b6932000 rw-p 0000a000 08:01 134550     /lib/i386-linux-gnu/libnss_nis-2.19.so
b6932000-b6947000 r-xp 00000000 08:01 134546     /lib/i386-linux-gnu/libnsl-2.19.so
b6947000-b6948000 r--p 00015000 08:01 134546     /lib/i386-linux-gnu/libnsl-2.19.so
b6948000-b6949000 rw-p 00016000 08:01 134546     /lib/i386-linux-gnu/libnsl-2.19.so
b6949000-b694b000 rw-p 00000000 00:00 0 
b694b000-b6952000 r-xp 00000000 08:01 134545     /lib/i386-linux-gnu/libnss_compat-2.19.so
b6952000-b6953000 r--p 00006000 08:01 134545     /lib/i386-linux-gnu/libnss_compat-2.19.so
b6953000-b6954000 rw-p 00007000 08:01 134545     /lib/i386-linux-gnu/libnss_compat-2.19.so
b6954000-b6956000 r--s 00012000 08:01 228079     /usr/lib/jvm/java-7-openjdk-i386/jre/lib/ext/zipfs.jar
b6956000-b6957000 r--p 002c5000 08:01 369        /usr/lib/locale/locale-archive
b6957000-b6964000 rw-p 00000000 00:00 0 
b6964000-b696c000 r-xp 00000000 08:01 228022     /usr/lib/jvm/java-7-openjdk-i386/jre/lib/i386/libzip.so
b696c000-b696d000 r--p 00007000 08:01 228022     /usr/lib/jvm/java-7-openjdk-i386/jre/lib/i386/libzip.so
b696d000-b696e000 rw-p 00008000 08:01 228022     /usr/lib/jvm/java-7-openjdk-i386/jre/lib/i386/libzip.so
b696e000-b6995000 r-xp 00000000 08:01 136827     /usr/lib/jvm/java-7-openjdk-i386/jre/lib/i386/libjava.so
b6995000-b6996000 r--p 00026000 08:01 136827     /usr/lib/jvm/java-7-openjdk-i386/jre/lib/i386/libjava.so
b6996000-b6997000 rw-p 00027000 08:01 136827     /usr/lib/jvm/java-7-openjdk-i386/jre/lib/i386/libjava.so
b6997000-b699e000 r-xp 00000000 08:01 134554     /lib/i386-linux-gnu/librt-2.19.so
b699e000-b699f000 r--p 00006000 08:01 134554     /lib/i386-linux-gnu/librt-2.19.so
b699f000-b69a0000 rw-p 00007000 08:01 134554     /lib/i386-linux-gnu/librt-2.19.so
b69a0000-b69a3000 ---p 00000000 00:00 0 
b69a3000-b69f1000 rw-p 00000000 00:00 0          [stack:15868]
b69f1000-b6a0d000 r-xp 00000000 08:01 131116     /lib/i386-linux-gnu/libgcc_s.so.1
b6a0d000-b6a0e000 rw-p 0001b000 08:01 131116     /lib/i386-linux-gnu/libgcc_s.so.1
b6a0e000-b6a52000 r-xp 00000000 08:01 134540     /lib/i386-linux-gnu/libm-2.19.so
b6a52000-b6a53000 r--p 00043000 08:01 134540     /lib/i386-linux-gnu/libm-2.19.so
b6a53000-b6a54000 rw-p 00044000 08:01 134540     /lib/i386-linux-gnu/libm-2.19.so
b6a54000-b6b30000 r-xp 00000000 08:01 969        /usr/lib/i386-linux-gnu/libstdc++.so.6.0.19
b6b30000-b6b34000 r--p 000dc000 08:01 969        /usr/lib/i386-linux-gnu/libstdc++.so.6.0.19
b6b34000-b6b35000 rw-p 000e0000 08:01 969        /usr/lib/i386-linux-gnu/libstdc++.so.6.0.19
b6b35000-b6b3c000 rw-p 00000000 00:00 0 
b6b3c000-b7172000 r-xp 00000000 08:01 228005     /usr/lib/jvm/java-7-openjdk-i386/jre/lib/i386/client/libjvm.so
b7172000-b7188000 r--p 00635000 08:01 228005     /usr/lib/jvm/java-7-openjdk-i386/jre/lib/i386/client/libjvm.so
b7188000-b7197000 rw-p 0064b000 08:01 228005     /usr/lib/jvm/java-7-openjdk-i386/jre/lib/i386/client/libjvm.so
b7197000-b75b3000 rw-p 00000000 00:00 0 
b75b3000-b75cb000 r-xp 00000000 08:01 158556     /lib/i386-linux-gnu/libz.so.1.2.8
b75cb000-b75cc000 r--p 00017000 08:01 158556     /lib/i386-linux-gnu/libz.so.1.2.8
b75cc000-b75cd000 rw-p 00018000 08:01 158556     /lib/i386-linux-gnu/libz.so.1.2.8
b75cd000-b75e5000 r-xp 00000000 08:01 134547     /lib/i386-linux-gnu/libpthread-2.19.so
b75e5000-b75e6000 r--p 00018000 08:01 134547     /lib/i386-linux-gnu/libpthread-2.19.so
b75e6000-b75e7000 rw-p 00019000 08:01 134547     /lib/i386-linux-gnu/libpthread-2.19.so
b75e7000-b75e9000 rw-p 00000000 00:00 0 
b75e9000-b75ec000 r-xp 00000000 08:01 134542     /lib/i386-linux-gnu/libdl-2.19.so
b75ec000-b75ed000 r--p 00002000 08:01 134542     /lib/i386-linux-gnu/libdl-2.19.so
b75ed000-b75ee000 rw-p 00003000 08:01 134542     /lib/i386-linux-gnu/libdl-2.19.so
b75ee000-b7796000 r-xp 00000000 08:01 134555     /lib/i386-linux-gnu/libc-2.19.so
b7796000-b7797000 ---p 001a8000 08:01 134555     /lib/i386-linux-gnu/libc-2.19.so
b7797000-b7799000 r--p 001a8000 08:01 134555     /lib/i386-linux-gnu/libc-2.19.so
b7799000-b779a000 rw-p 001aa000 08:01 134555     /lib/i386-linux-gnu/libc-2.19.so
b779a000-b779d000 rw-p 00000000 00:00 0 
b779d000-b77a5000 rw-s 00000000 08:01 542611     /tmp/hsperfdata_root/15866
b77a5000-b77a6000 rw-p 00000000 00:00 0 
b77a6000-b77a7000 ---p 00000000 00:00 0 
b77a7000-b77b5000 r-xp 00000000 08:01 136824     /usr/lib/jvm/java-7-openjdk-i386/jre/lib/i386/libverify.so
b77b5000-b77b6000 r--p 0000d000 08:01 136824     /usr/lib/jvm/java-7-openjdk-i386/jre/lib/i386/libverify.so
b77b6000-b77b7000 rw-p 0000e000 08:01 136824     /usr/lib/jvm/java-7-openjdk-i386/jre/lib/i386/libverify.so
b77b7000-b77c3000 r-xp 00000000 08:01 136926     /usr/lib/jvm/java-7-openjdk-i386/jre/lib/i386/jli/libjli.so
b77c3000-b77c4000 r--p 0000c000 08:01 136926     /usr/lib/jvm/java-7-openjdk-i386/jre/lib/i386/jli/libjli.so
b77c4000-b77c5000 rw-p 0000d000 08:01 136926     /usr/lib/jvm/java-7-openjdk-i386/jre/lib/i386/jli/libjli.so
b77c5000-b77c8000 rw-p 00000000 00:00 0 
b77c8000-b77c9000 r-xp 00000000 00:00 0          [vdso]
b77c9000-b77e9000 r-xp 00000000 08:01 134548     /lib/i386-linux-gnu/ld-2.19.so
b77e9000-b77ea000 r--p 0001f000 08:01 134548     /lib/i386-linux-gnu/ld-2.19.so
b77ea000-b77eb000 rw-p 00020000 08:01 134548     /lib/i386-linux-gnu/ld-2.19.so
bfbce000-bfbcf000 rwxp 00000000 00:00 0 
bfc01000-bfc22000 rw-p 00000000 00:00 0          [stack]

VM Arguments:
jvm_args: -Xmx512m -Duser.language=en 
java_command: org.contikios.cooja.Cooja
Launcher Type: SUN_STANDARD

Environment Variables:
PATH=/usr/local/sbin:/usr/local/bin:/usr/sbin:/usr/bin:/sbin:/bin:/usr/local/msp430/bin
USERNAME=root
LD_LIBRARY_PATH=.
SHELL=/bin/bash
DISPLAY=:0.0

Signal Handlers:
SIGSEGV: [libjvm.so+0x4efa90], sa_mask[0]=0x7ffbfeff, sa_flags=0x10000004
SIGBUS: [libjvm.so+0x4efa90], sa_mask[0]=0x7ffbfeff, sa_flags=0x10000004
SIGFPE: [libjvm.so+0x3cb5a0], sa_mask[0]=0x7ffbfeff, sa_flags=0x10000004
SIGPIPE: [libjvm.so+0x3cb5a0], sa_mask[0]=0x7ffbfeff, sa_flags=0x10000004
SIGXFSZ: [libjvm.so+0x3cb5a0], sa_mask[0]=0x7ffbfeff, sa_flags=0x10000004
SIGILL: [libjvm.so+0x3cb5a0], sa_mask[0]=0x7ffbfeff, sa_flags=0x10000004
SIGUSR1: SIG_DFL, sa_mask[0]=0x00000000, sa_flags=0x00000000
SIGUSR2: [libjvm.so+0x3cb700], sa_mask[0]=0x00000004, sa_flags=0x10000004
SIGHUP: [libjvm.so+0x3cb660], sa_mask[0]=0x7ffbfeff, sa_flags=0x10000004
SIGINT: [libjvm.so+0x3cb660], sa_mask[0]=0x7ffbfeff, sa_flags=0x10000004
SIGTERM: [libjvm.so+0x3cb660], sa_mask[0]=0x7ffbfeff, sa_flags=0x10000004
SIGQUIT: [libjvm.so+0x3cb660], sa_mask[0]=0x7ffbfeff, sa_flags=0x10000004
SIGTRAP: SIG_DFL, sa_mask[0]=0x00000000, sa_flags=0x00000000


---------------  S Y S T E M  ---------------

OS:Ubuntu 14.04 (trusty)
uname:Linux 3.13.0-101-generic #148-Ubuntu SMP Thu Oct 20 22:09:17 UTC 2016 i686
libc:glibc 2.19 NPTL 2.19 
rlimit: STACK 8192k, CORE 0k, NPROC 5836, NOFILE 4096, AS infinity
load average:0.01 0.07 0.06

/proc/meminfo:
MemTotal:         766328 kB
MemFree:           59616 kB
Buffers:             824 kB
Cached:            37884 kB
SwapCached:            0 kB
Active:           640504 kB
Inactive:          25180 kB
Active(anon):     627804 kB
Inactive(anon):    12528 kB
Active(file):      12700 kB
Inactive(file):    12652 kB
Unevictable:          32 kB
Mlocked:              32 kB
HighTotal:             0 kB
HighFree:              0 kB
LowTotal:         766328 kB
LowFree:           59616 kB
SwapTotal:             0 kB
SwapFree:              0 kB
Dirty:               100 kB
Writeback:             0 kB
AnonPages:        627016 kB
Mapped:            33680 kB
Shmem:             13348 kB
Slab:              21920 kB
SReclaimable:       9932 kB
SUnreclaim:        11988 kB
KernelStack:        3224 kB
PageTables:         6928 kB
NFS_Unstable:          0 kB
Bounce:                0 kB
WritebackTmp:          0 kB
CommitLimit:      383164 kB
Committed_AS:    2599280 kB
VmallocTotal:     249912 kB
VmallocUsed:       21044 kB
VmallocChunk:     222656 kB
HardwareCorrupted:     0 kB
AnonHugePages:    229376 kB
HugePages_Total:       0
HugePages_Free:        0
HugePages_Rsvd:        0
HugePages_Surp:        0
Hugepagesize:       2048 kB
DirectMap4k:       34752 kB
DirectMap2M:      751616 kB


CPU:total 1 (1 cores per cpu, 1 threads per core) family 6 model 61 stepping 4, cmov, cx8, fxsr, mmx, sse, sse2, sse3, ssse3, sse4.1, sse4.2, popcnt, avx, aes, tsc, tscinvbit

/proc/cpuinfo:
processor	: 0
vendor_id	: GenuineIntel
cpu family	: 6
model		: 61
model name	: Intel(R) Core(TM) i7-5600U CPU @ 2.60GHz
stepping	: 4
cpu MHz		: 2593.990
cache size	: 4096 KB
physical id	: 0
siblings	: 1
core id		: 0
cpu cores	: 1
apicid		: 0
initial apicid	: 0
fdiv_bug	: no
f00f_bug	: no
coma_bug	: no
fpu		: yes
fpu_exception	: yes
cpuid level	: 20
wp		: yes
flags		: fpu vme de pse tsc msr pae mce cx8 apic sep mtrr pge mca cmov pat pse36 clflush mmx fxsr sse sse2 syscall nx rdtscp lm constant_tsc xtopology nonstop_tsc pni pclmulqdq monitor ssse3 cx16 sse4_1 sse4_2 movbe popcnt aes xsave avx rdrand hypervisor lahf_lm abm 3dnowprefetch rdseed
bogomips	: 5187.98
clflush size	: 64
cache_alignment	: 64
address sizes	: 39 bits physical, 48 bits virtual
power management:



Memory: 4k page, physical 766328k(59616k free), swap 0k(0k free)

vm_info: OpenJDK Client VM (24.111-b01) for linux-x86 JRE (1.7.0_111-b01), built on Aug 12 2016 05:36:14 by "buildd" with gcc 4.8.4

time: Mon Nov 21 14:58:52 2016
elapsed time: 267 seconds

