#
# There is insufficient memory for the Java Runtime Environment to continue.
# Native memory allocation (malloc) failed to allocate 153862144 bytes for committing reserved memory.
# Possible reasons:
#   The system is out of physical RAM or swap space
#   In 32 bit mode, the process size limit was hit
# Possible solutions:
#   Reduce memory load on the system
#   Increase physical memory or swap space
#   Check if swap backing store is full
#   Use 64 bit Java on a 64 bit OS
#   Decrease Java heap size (-Xmx/-Xms)
#   Decrease number of Java threads
#   Decrease Java thread stack sizes (-Xss)
#   Set larger code cache with -XX:ReservedCodeCacheSize=
# This output file may be truncated or incomplete.
#
#  Out of Memory Error (os_linux.cpp:2827), pid=6023, tid=3019205440
#
# JRE version: OpenJDK Runtime Environment (7.0_121) (build 1.7.0_121-b00)
# Java VM: OpenJDK Client VM (24.121-b00 mixed mode, sharing linux-x86 )
# Derivative: IcedTea 2.6.8
# Distribution: Ubuntu 14.04 LTS, package 7u121-2.6.8-1ubuntu0.14.04.1
# Failed to write core dump. Core dumps have been disabled. To enable core dumping, try "ulimit -c unlimited" before starting Java again
#

---------------  T H R E A D  ---------------

Current thread (0xb6730400):  VMThread [stack: 0xb3ed6000,0xb3f57000] [id=6029]

Stack: [0xb3ed6000,0xb3f57000]
VM_Operation (0xb2e75b84): GenCollectForAllocation, mode: safepoint, requested by thread 0x083c6800


---------------  P R O C E S S  ---------------

Java Threads: ( => current thread )
  0xb1d06000 JavaThread "Thread-14" [_thread_blocked, id=9348, stack(0xb2ec8000,0xb2f19000)]
  0xb1d05800 JavaThread "Thread-13" [_thread_blocked, id=9347, stack(0xb22e8000,0xb2339000)]
  0x083c6800 JavaThread "TimerQueue" daemon [_thread_blocked, id=6044, stack(0xb2e26000,0xb2e77000)]
  0xb6707800 JavaThread "DestroyJavaVM" [_thread_blocked, id=6027, stack(0xb68cf000,0xb6920000)]
  0xb344ac00 JavaThread "AWT-EventQueue-0" [_thread_blocked, id=6039, stack(0xb2fbb000,0xb300c000)]
  0xb344d400 JavaThread "AWT-Shutdown" [_thread_blocked, id=6038, stack(0xb300c000,0xb305d000)]
  0xb3448c00 JavaThread "AWT-XAWT" daemon [_thread_blocked, id=6037, stack(0xb305d000,0xb30ae000)]
  0xb343b000 JavaThread "Java2D Disposer" daemon [_thread_blocked, id=6036, stack(0xb30bf000,0xb3110000)]
  0xb674c800 JavaThread "Service Thread" daemon [_thread_blocked, id=6034, stack(0xb39dd000,0xb3a2e000)]
  0xb674ac00 JavaThread "C1 CompilerThread0" daemon [_thread_blocked, id=6033, stack(0xb3a2e000,0xb3aaf000)]
  0xb6749000 JavaThread "Signal Dispatcher" daemon [_thread_blocked, id=6032, stack(0xb3aaf000,0xb3b00000)]
  0xb6733400 JavaThread "Finalizer" daemon [_thread_blocked, id=6031, stack(0xb3e34000,0xb3e85000)]
  0xb6731c00 JavaThread "Reference Handler" daemon [_thread_blocked, id=6030, stack(0xb3e85000,0xb3ed6000)]

Other Threads:
=>0xb6730400 VMThread [stack: 0xb3ed6000,0xb3f57000] [id=6029]
  0xb674f000 WatcherThread [stack: 0xb395c000,0xb39dd000] [id=6035]

VM state:at safepoint (normal execution)

VM Mutex/Monitor currently owned by a thread:  ([mutex/lock_event])
[0xb6704f40] Threads_lock - owner thread: 0xb6730400
[0xb6705350] Heap_lock - owner thread: 0x083c6800

Heap
 def new generation   total 392512K, used 0K [0x2e800000, 0x491e0000, 0x4e800000)
  eden space 348928K,   0% used [0x2e800000, 0x2e800000, 0x43cc0000)
  from space 43584K,   0% used [0x43cc0000, 0x43cc0000, 0x46750000)
  to   space 43584K,   0% used [0x46750000, 0x46750000, 0x491e0000)
 tenured generation   total 898320K, used 881345K [0x4e800000, 0x85544000, 0x8e800000)
   the space 898320K,  98% used [0x4e800000, 0x844b04d0, 0x844b0600, 0x85544000)
 compacting perm gen  total 12288K, used 8847K [0x8e800000, 0x8f400000, 0x92800000)
   the space 12288K,  71% used [0x8e800000, 0x8f0a3d48, 0x8f0a3e00, 0x8f400000)
    ro space 10240K,  60% used [0x92800000, 0x92e00d38, 0x92e00e00, 0x93200000)
    rw space 12288K,  59% used [0x93200000, 0x9391e858, 0x9391ea00, 0x93e00000)

Card table byte_map: [0xb4354000,0xb4680000] byte_map_base: 0xb41e0000

Polling page: 0xb76d7000

Code Cache  [0xb4700000, 0xb4e50000, 0xb6700000)
 total_blobs=3930 nmethods=3629 adapters=235 free_code_cache=25311Kb largest_free_block=25917696

Compilation events (10 events):
Event: 6132.113 Thread 0xb674ac00 3640             javax.swing.text.html.BlockView::getMinimumSpan (6 bytes)
Event: 6132.113 Thread 0xb674ac00 nmethod 3640 0xb4e47608 code [0xb4e47700, 0xb4e4778c]
Event: 6132.245 Thread 0xb674ac00 3641             javax.swing.plaf.basic.BasicTextUI$RootView::getMinimumSpan (19 bytes)
Event: 6132.245 Thread 0xb674ac00 nmethod 3641 0xb4e47808 code [0xb4e47920, 0xb4e479cc]
Event: 6132.334 Thread 0xb674ac00 3642             java.awt.event.InputEvent::getMaskForButton (47 bytes)
Event: 6132.334 Thread 0xb674ac00 nmethod 3642 0xb4e47a48 code [0xb4e47ba0, 0xb4e47e38]
Event: 6133.122 Thread 0xb674ac00 3643             javax.swing.JViewport::needsRepaintAfterBlit (59 bytes)
Event: 6133.124 Thread 0xb674ac00 nmethod 3643 0xb4e48048 code [0xb4e48180, 0xb4e48300]
Event: 65625.484 Thread 0xb674ac00 3644             se.sics.mspsim.chip.CC2420::rejectFrame (37 bytes)
Event: 65625.484 Thread 0xb674ac00 nmethod 3644 0xb4e48408 code [0xb4e48520, 0xb4e48620]

GC Heap History (10 events):
Event: 65867.888 GC heap after
Heap after GC invocations=1912 (full 12):
 def new generation   total 392512K, used 13475K [0x2e800000, 0x491e0000, 0x4e800000)
  eden space 348928K,   0% used [0x2e800000, 0x2e800000, 0x43cc0000)
  from space 43584K,  30% used [0x46750000, 0x47478ed8, 0x491e0000)
  to   space 43584K,   0% used [0x43cc0000, 0x43cc0000, 0x46750000)
 tenured generation   total 872072K, used 803805K [0x4e800000, 0x83ba2000, 0x8e800000)
   the space 872072K,  92% used [0x4e800000, 0x7f8f7540, 0x7f8f7600, 0x83ba2000)
 compacting perm gen  total 12288K, used 8847K [0x8e800000, 0x8f400000, 0x92800000)
   the space 12288K,  71% used [0x8e800000, 0x8f0a3d48, 0x8f0a3e00, 0x8f400000)
    ro space 10240K,  60% used [0x92800000, 0x92e00d38, 0x92e00e00, 0x93200000)
    rw space 12288K,  59% used [0x93200000, 0x9391e858, 0x9391ea00, 0x93e00000)
}
Event: 65969.830 GC heap before
{Heap before GC invocations=1912 (full 12):
 def new generation   total 392512K, used 362403K [0x2e800000, 0x491e0000, 0x4e800000)
  eden space 348928K, 100% used [0x2e800000, 0x43cc0000, 0x43cc0000)
  from space 43584K,  30% used [0x46750000, 0x47478ed8, 0x491e0000)
  to   space 43584K,   0% used [0x43cc0000, 0x43cc0000, 0x46750000)
 tenured generation   total 872072K, used 803805K [0x4e800000, 0x83ba2000, 0x8e800000)
   the space 872072K,  92% used [0x4e800000, 0x7f8f7540, 0x7f8f7600, 0x83ba2000)
 compacting perm gen  total 12288K, used 8847K [0x8e800000, 0x8f400000, 0x92800000)
   the space 12288K,  71% used [0x8e800000, 0x8f0a3d48, 0x8f0a3e00, 0x8f400000)
    ro space 10240K,  60% used [0x92800000, 0x92e00d38, 0x92e00e00, 0x93200000)
    rw space 12288K,  59% used [0x93200000, 0x9391e858, 0x9391ea00, 0x93e00000)
Event: 65969.928 GC heap after
Heap after GC invocations=1913 (full 12):
 def new generation   total 392512K, used 27020K [0x2e800000, 0x491e0000, 0x4e800000)
  eden space 348928K,   0% used [0x2e800000, 0x2e800000, 0x43cc0000)
  from space 43584K,  61% used [0x43cc0000, 0x457230e8, 0x46750000)
  to   space 43584K,   0% used [0x46750000, 0x46750000, 0x491e0000)
 tenured generation   total 872072K, used 803805K [0x4e800000, 0x83ba2000, 0x8e800000)
   the space 872072K,  92% used [0x4e800000, 0x7f8f7540, 0x7f8f7600, 0x83ba2000)
 compacting perm gen  total 12288K, used 8847K [0x8e800000, 0x8f400000, 0x92800000)
   the space 12288K,  71% used [0x8e800000, 0x8f0a3d48, 0x8f0a3e00, 0x8f400000)
    ro space 10240K,  60% used [0x92800000, 0x92e00d38, 0x92e00e00, 0x93200000)
    rw space 12288K,  59% used [0x93200000, 0x9391e858, 0x9391ea00, 0x93e00000)
}
Event: 66070.445 GC heap before
{Heap before GC invocations=1913 (full 12):
 def new generation   total 392512K, used 375948K [0x2e800000, 0x491e0000, 0x4e800000)
  eden space 348928K, 100% used [0x2e800000, 0x43cc0000, 0x43cc0000)
  from space 43584K,  61% used [0x43cc0000, 0x457230e8, 0x46750000)
  to   space 43584K,   0% used [0x46750000, 0x46750000, 0x491e0000)
 tenured generation   total 872072K, used 803805K [0x4e800000, 0x83ba2000, 0x8e800000)
   the space 872072K,  92% used [0x4e800000, 0x7f8f7540, 0x7f8f7600, 0x83ba2000)
 compacting perm gen  total 12288K, used 8847K [0x8e800000, 0x8f400000, 0x92800000)
   the space 12288K,  71% used [0x8e800000, 0x8f0a3d48, 0x8f0a3e00, 0x8f400000)
    ro space 10240K,  60% used [0x92800000, 0x92e00d38, 0x92e00e00, 0x93200000)
    rw space 12288K,  59% used [0x93200000, 0x9391e858, 0x9391ea00, 0x93e00000)
Event: 66070.564 GC heap after
Heap after GC invocations=1914 (full 12):
 def new generation   total 392512K, used 26991K [0x2e800000, 0x491e0000, 0x4e800000)
  eden space 348928K,   0% used [0x2e800000, 0x2e800000, 0x43cc0000)
  from space 43584K,  61% used [0x46750000, 0x481abf80, 0x491e0000)
  to   space 43584K,   0% used [0x43cc0000, 0x43cc0000, 0x46750000)
 tenured generation   total 872072K, used 817279K [0x4e800000, 0x83ba2000, 0x8e800000)
   the space 872072K,  93% used [0x4e800000, 0x8061fc68, 0x8061fe00, 0x83ba2000)
 compacting perm gen  total 12288K, used 8847K [0x8e800000, 0x8f400000, 0x92800000)
   the space 12288K,  71% used [0x8e800000, 0x8f0a3d48, 0x8f0a3e00, 0x8f400000)
    ro space 10240K,  60% used [0x92800000, 0x92e00d38, 0x92e00e00, 0x93200000)
    rw space 12288K,  59% used [0x93200000, 0x9391e858, 0x9391ea00, 0x93e00000)
}
Event: 66172.040 GC heap before
{Heap before GC invocations=1914 (full 12):
 def new generation   total 392512K, used 375919K [0x2e800000, 0x491e0000, 0x4e800000)
  eden space 348928K, 100% used [0x2e800000, 0x43cc0000, 0x43cc0000)
  from space 43584K,  61% used [0x46750000, 0x481abf80, 0x491e0000)
  to   space 43584K,   0% used [0x43cc0000, 0x43cc0000, 0x46750000)
 tenured generation   total 872072K, used 817279K [0x4e800000, 0x83ba2000, 0x8e800000)
   the space 872072K,  93% used [0x4e800000, 0x8061fc68, 0x8061fe00, 0x83ba2000)
 compacting perm gen  total 12288K, used 8847K [0x8e800000, 0x8f400000, 0x92800000)
   the space 12288K,  71% used [0x8e800000, 0x8f0a3d48, 0x8f0a3e00, 0x8f400000)
    ro space 10240K,  60% used [0x92800000, 0x92e00d38, 0x92e00e00, 0x93200000)
    rw space 12288K,  59% used [0x93200000, 0x9391e858, 0x9391ea00, 0x93e00000)
Event: 66172.135 GC heap after
Heap after GC invocations=1915 (full 12):
 def new generation   total 392512K, used 29223K [0x2e800000, 0x491e0000, 0x4e800000)
  eden space 348928K,   0% used [0x2e800000, 0x2e800000, 0x43cc0000)
  from space 43584K,  67% used [0x43cc0000, 0x45949e18, 0x46750000)
  to   space 43584K,   0% used [0x46750000, 0x46750000, 0x491e0000)
 tenured generation   total 872072K, used 830823K [0x4e800000, 0x83ba2000, 0x8e800000)
   the space 872072K,  95% used [0x4e800000, 0x81359e80, 0x8135a000, 0x83ba2000)
 compacting perm gen  total 12288K, used 8847K [0x8e800000, 0x8f400000, 0x92800000)
   the space 12288K,  71% used [0x8e800000, 0x8f0a3d48, 0x8f0a3e00, 0x8f400000)
    ro space 10240K,  60% used [0x92800000, 0x92e00d38, 0x92e00e00, 0x93200000)
    rw space 12288K,  59% used [0x93200000, 0x9391e858, 0x9391ea00, 0x93e00000)
}
Event: 66266.391 GC heap before
{Heap before GC invocations=1915 (full 12):
 def new generation   total 392512K, used 378151K [0x2e800000, 0x491e0000, 0x4e800000)
  eden space 348928K, 100% used [0x2e800000, 0x43cc0000, 0x43cc0000)
  from space 43584K,  67% used [0x43cc0000, 0x45949e18, 0x46750000)
  to   space 43584K,   0% used [0x46750000, 0x46750000, 0x491e0000)
 tenured generation   total 872072K, used 830823K [0x4e800000, 0x83ba2000, 0x8e800000)
   the space 872072K,  95% used [0x4e800000, 0x81359e80, 0x8135a000, 0x83ba2000)
 compacting perm gen  total 12288K, used 8847K [0x8e800000, 0x8f400000, 0x92800000)
   the space 12288K,  71% used [0x8e800000, 0x8f0a3d48, 0x8f0a3e00, 0x8f400000)
    ro space 10240K,  60% used [0x92800000, 0x92e00d38, 0x92e00e00, 0x93200000)
    rw space 12288K,  59% used [0x93200000, 0x9391e858, 0x9391ea00, 0x93e00000)
Event: 66266.495 GC heap after
Heap after GC invocations=1916 (full 12):
 def new generation   total 392512K, used 43584K [0x2e800000, 0x491e0000, 0x4e800000)
  eden space 348928K,   0% used [0x2e800000, 0x2e800000, 0x43cc0000)
  from space 43584K, 100% used [0x46750000, 0x491e0000, 0x491e0000)
  to   space 43584K,   0% used [0x43cc0000, 0x43cc0000, 0x46750000)
 tenured generation   total 872072K, used 854577K [0x4e800000, 0x83ba2000, 0x8e800000)
   the space 872072K,  97% used [0x4e800000, 0x82a8c4a0, 0x82a8c600, 0x83ba2000)
 compacting perm gen  total 12288K, used 8847K [0x8e800000, 0x8f400000, 0x92800000)
   the space 12288K,  71% used [0x8e800000, 0x8f0a3d48, 0x8f0a3e00, 0x8f400000)
    ro space 10240K,  60% used [0x92800000, 0x92e00d38, 0x92e00e00, 0x93200000)
    rw space 12288K,  59% used [0x93200000, 0x9391e858, 0x9391ea00, 0x93e00000)
}
Event: 66368.390 GC heap before
{Heap before GC invocations=1916 (full 12):
 def new generation   total 392512K, used 392512K [0x2e800000, 0x491e0000, 0x4e800000)
  eden space 348928K, 100% used [0x2e800000, 0x43cc0000, 0x43cc0000)
  from space 43584K, 100% used [0x46750000, 0x491e0000, 0x491e0000)
  to   space 43584K,   0% used [0x43cc0000, 0x43cc0000, 0x46750000)
 tenured generation   total 872072K, used 854577K [0x4e800000, 0x83ba2000, 0x8e800000)
   the space 872072K,  97% used [0x4e800000, 0x82a8c4a0, 0x82a8c600, 0x83ba2000)
 compacting perm gen  total 12288K, used 8847K [0x8e800000, 0x8f400000, 0x92800000)
   the space 12288K,  71% used [0x8e800000, 0x8f0a3d48, 0x8f0a3e00, 0x8f400000)
    ro space 10240K,  60% used [0x92800000, 0x92e00d38, 0x92e00e00, 0x93200000)
    rw space 12288K,  59% used [0x93200000, 0x9391e858, 0x9391ea00, 0x93e00000)

Deoptimization events (0 events):
No events

Internal exceptions (10 events):
Event: 5413.303 Thread 0xb1d05800 Threw 0x3792d2b0 at /build/openjdk-7-mks0zz/openjdk-7-7u121-2.6.8/build/openjdk/hotspot/src/share/vm/prims/jvm.cpp:1322
Event: 5413.303 Thread 0xb1d05800 Threw 0x3792ff28 at /build/openjdk-7-mks0zz/openjdk-7-7u121-2.6.8/build/openjdk/hotspot/src/share/vm/prims/jvm.cpp:1322
Event: 5413.303 Thread 0xb1d05800 Threw 0x37930fe0 at /build/openjdk-7-mks0zz/openjdk-7-7u121-2.6.8/build/openjdk/hotspot/src/share/vm/prims/jvm.cpp:1322
Event: 5413.549 Thread 0xb1d05800 Threw 0x37931c00 at /build/openjdk-7-mks0zz/openjdk-7-7u121-2.6.8/build/openjdk/hotspot/src/share/vm/prims/jvm.cpp:1322
Event: 5413.549 Thread 0xb1d05800 Threw 0x37932c20 at /build/openjdk-7-mks0zz/openjdk-7-7u121-2.6.8/build/openjdk/hotspot/src/share/vm/prims/jvm.cpp:1322
Event: 5413.550 Thread 0xb1d05800 Threw 0x3793e670 at /build/openjdk-7-mks0zz/openjdk-7-7u121-2.6.8/build/openjdk/hotspot/src/share/vm/prims/jvm.cpp:1322
Event: 5413.550 Thread 0xb1d05800 Threw 0x3793f7d0 at /build/openjdk-7-mks0zz/openjdk-7-7u121-2.6.8/build/openjdk/hotspot/src/share/vm/prims/jvm.cpp:1322
Event: 5413.550 Thread 0xb1d05800 Threw 0x379400f0 at /build/openjdk-7-mks0zz/openjdk-7-7u121-2.6.8/build/openjdk/hotspot/src/share/vm/prims/jvm.cpp:1322
Event: 5413.550 Thread 0xb1d05800 Threw 0x37941108 at /build/openjdk-7-mks0zz/openjdk-7-7u121-2.6.8/build/openjdk/hotspot/src/share/vm/prims/jvm.cpp:1322
Event: 5415.671 Thread 0xb344ac00 Threw 0x3895ebf8 at /build/openjdk-7-mks0zz/openjdk-7-7u121-2.6.8/build/openjdk/hotspot/src/share/vm/prims/jni.cpp:747

Events (10 events):
Event: 65867.892 Executing VM operation: GenCollectForAllocation done
Event: 65969.828 Executing VM operation: GenCollectForAllocation
Event: 65969.932 Executing VM operation: GenCollectForAllocation done
Event: 66070.443 Executing VM operation: GenCollectForAllocation
Event: 66070.574 Executing VM operation: GenCollectForAllocation done
Event: 66172.039 Executing VM operation: GenCollectForAllocation
Event: 66172.139 Executing VM operation: GenCollectForAllocation done
Event: 66266.391 Executing VM operation: GenCollectForAllocation
Event: 66266.507 Executing VM operation: GenCollectForAllocation done
Event: 66368.387 Executing VM operation: GenCollectForAllocation


Dynamic libraries:
08048000-08049000 r-xp 00000000 08:01 298549     /usr/lib/jvm/java-7-openjdk-i386/jre/bin/java
08049000-0804a000 r--p 00000000 08:01 298549     /usr/lib/jvm/java-7-openjdk-i386/jre/bin/java
0804a000-0804b000 rw-p 00001000 08:01 298549     /usr/lib/jvm/java-7-openjdk-i386/jre/bin/java
082ca000-08c6d000 rw-p 00000000 00:00 0          [heap]
2e800000-491e0000 rw-p 00000000 00:00 0 
491e0000-4e800000 rw-p 00000000 00:00 0 
4e800000-85544000 rw-p 00000000 00:00 0 
8e800000-8f400000 rw-p 00000000 00:00 0 
8f400000-92800000 rw-p 00000000 00:00 0 
92800000-92e01000 r--p 00001000 08:01 138997     /usr/lib/jvm/java-7-openjdk-i386/jre/lib/i386/client/classes.jsa
92e01000-93200000 rw-p 00000000 00:00 0 
93200000-9391f000 rw-p 00602000 08:01 138997     /usr/lib/jvm/java-7-openjdk-i386/jre/lib/i386/client/classes.jsa
9391f000-93e00000 rw-p 00000000 00:00 0 
93e00000-94115000 rw-p 00d21000 08:01 138997     /usr/lib/jvm/java-7-openjdk-i386/jre/lib/i386/client/classes.jsa
94115000-94200000 rw-p 00000000 00:00 0 
94200000-94209000 r-xp 01036000 08:01 138997     /usr/lib/jvm/java-7-openjdk-i386/jre/lib/i386/client/classes.jsa
94209000-94600000 rw-p 00000000 00:00 0 
b1cf2000-b1d00000 r--s 0010f000 08:01 144228     /usr/lib/jvm/java-7-openjdk-i386/jre/lib/rhino.jar
b1d00000-b1dfa000 rw-p 00000000 00:00 0 
b1dfa000-b1e00000 ---p 00000000 00:00 0 
b1e54000-b1faa000 rw-s 00000000 00:04 398032918  /SYSV00000000 (deleted)
b1faa000-b2100000 rw-s 00000000 00:04 383057940  /SYSV00000000 (deleted)
b2100000-b2129000 rw-p 00000000 00:00 0 
b2129000-b2200000 ---p 00000000 00:00 0 
b22c6000-b22d4000 rw-s 00000000 00:04 398196754  /SYSV00000000 (deleted)
b22e8000-b22eb000 ---p 00000000 00:00 0 
b22eb000-b2339000 rw-p 00000000 00:00 0          [stack:9347]
b26ae000-b2ae5000 rw-s 00000000 00:04 399048728  /SYSV00000000 (deleted)
b2ae5000-b2c3b000 rw-s 00000000 00:04 149323795  /SYSV00000000 (deleted)
b2c40000-b2c44000 rw-s 00000000 00:04 399081497  /SYSV00000000 (deleted)
b2c44000-b2c45000 r--s 00000000 08:01 398509     /var/cache/fontconfig/087e1975ba9a574b140bb1df193bf770-le32d4.cache-4
b2c45000-b2c4f000 r--s 00000000 08:01 405424     /var/cache/fontconfig/6aa41aa22e18b8fa06a12da28ea9c28b-le32d4.cache-4
b2c4f000-b2c50000 r--s 00000000 08:01 405413     /var/cache/fontconfig/c05880de57d1f5e948fdfacc138775d9-le32d4.cache-4
b2c50000-b2c58000 r--s 00000000 08:01 404392     /var/cache/fontconfig/945677eb7aeaf62f1d50efc3fb3ec7d8-le32d4.cache-4
b2c58000-b2c5a000 r--s 00000000 08:01 405411     /var/cache/fontconfig/99e8ed0e538f840c565b6ed5dad60d56-le32d4.cache-4
b2c5a000-b2c5e000 r--s 00000000 08:01 405410     /var/cache/fontconfig/2cd17615ca594fa2959ae173292e504c-le32d4.cache-4
b2c5e000-b2c5f000 r--s 00000000 08:01 405409     /var/cache/fontconfig/e7071f4a29fa870f4323321c154eba04-le32d4.cache-4
b2c5f000-b2c60000 r--s 00000000 08:01 405407     /var/cache/fontconfig/0d8c3b2ac0904cb8a57a757ad11a4a08-le32d4.cache-4
b2c60000-b2c65000 r--s 00000000 08:01 405406     /var/cache/fontconfig/a755afe4a08bf5b97852ceb7400b47bc-le32d4.cache-4
b2c65000-b2c6e000 r--s 00000000 08:01 405394     /var/cache/fontconfig/6d41288fd70b0be22e8c3a91e032eec0-le32d4.cache-4
b2c6e000-b2c7d000 r--s 00000000 08:01 405342     /var/cache/fontconfig/04aabc0a78ac019cf9454389977116d2-le32d4.cache-4
b2c7d000-b2c7e000 r--s 00000000 08:01 405341     /var/cache/fontconfig/1ac9eb803944fde146138c791f5cc56a-le32d4.cache-4
b2c7e000-b2c7f000 r--s 00000000 08:01 405340     /var/cache/fontconfig/b95bc8ffbebda2bbdae4265e45b8178d-le32d4.cache-4
b2c7f000-b2c82000 r--s 00000000 08:01 405339     /var/cache/fontconfig/385c0604a188198f04d133e54aba7fe7-le32d4.cache-4
b2c82000-b2c83000 r--s 00000000 08:01 405338     /var/cache/fontconfig/9c956a7723ca69a44b382d9179c9802f-le32d4.cache-4
b2c83000-b2c84000 r--s 00000000 08:01 405337     /var/cache/fontconfig/dc05db6664285cc2f12bf69c139ae4c3-le32d4.cache-4
b2c84000-b2c85000 r--s 00000000 08:01 405336     /var/cache/fontconfig/5d1cca7074f29429a8d18692746c2426-le32d4.cache-4
b2c85000-b2c87000 r--s 00000000 08:01 397884     /var/cache/fontconfig/767a8244fc0220cfb567a839d0392e0b-le32d4.cache-4
b2c87000-b2c88000 r--s 00000000 08:01 405335     /var/cache/fontconfig/4794a0821666d79190d59a36cb4f44b5-le32d4.cache-4
b2c88000-b2c89000 r--s 00000000 08:01 405334     /var/cache/fontconfig/9eae20f1ff8cc0a7d125749e875856bd-le32d4.cache-4
b2c89000-b2c8b000 r--s 00000000 08:01 405322     /var/cache/fontconfig/bf2c1853a9e9b00bb02fe2e9bcf1e201-le32d4.cache-4
b2c8b000-b2c8f000 r--s 00000000 08:01 405321     /var/cache/fontconfig/8801497958630a81b71ace7c5f9b32a8-le32d4.cache-4
b2c8f000-b2c94000 r--s 00000000 08:01 405320     /var/cache/fontconfig/3047814df9a2f067bd2d96a2b9c36e5a-le32d4.cache-4
b2c94000-b2c97000 r--s 00000000 08:01 405318     /var/cache/fontconfig/bf3b770c553c462765856025a94f1ce6-le32d4.cache-4
b2c97000-b2c98000 r--s 00000000 08:01 405317     /var/cache/fontconfig/56cf4f4769d0f4abc89a4895d7bd3ae1-le32d4.cache-4
b2c98000-b2c99000 r--s 00000000 08:01 405316     /var/cache/fontconfig/b9d506c9ac06c20b433354fa67a72993-le32d4.cache-4
b2c99000-b2c9d000 r--s 00000000 08:01 405315     /var/cache/fontconfig/b47c4e1ecd0709278f4910c18777a504-le32d4.cache-4
b2c9d000-b2c9f000 r--s 00000000 08:01 405314     /var/cache/fontconfig/14d493b97896515cad3840ba4896e372-le32d4.cache-4
b2c9f000-b2ca0000 r--s 00000000 08:01 405313     /var/cache/fontconfig/89034621ae2a8922916bb6bfa5799546-le32d4.cache-4
b2ca0000-b2ca3000 r--s 00000000 08:01 405312     /var/cache/fontconfig/e49e89034d371f0f9de17aab02136486-le32d4.cache-4
b2ca3000-b2ca5000 r--s 00000000 08:01 405311     /var/cache/fontconfig/4b14b093aebc79c320de5e86ae1d3314-le32d4.cache-4
b2ca5000-b2ca6000 r--s 00000000 08:01 405309     /var/cache/fontconfig/8aec10f4cc8391dcef22ca549f1e4354-le32d4.cache-4
b2ca6000-b2cb6000 r--s 00000000 08:01 405308     /var/cache/fontconfig/d52a8644073d54c13679302ca1180695-le32d4.cache-4
b2cb6000-b2cb7000 r--s 00000000 08:01 405294     /var/cache/fontconfig/8a687c406b77f27d99abfeeba937fcce-le32d4.cache-4
b2cb7000-b2cbe000 r--s 00000000 08:01 405293     /var/cache/fontconfig/3f7329c5293ffd510edef78f73874cfd-le32d4.cache-4
b2cbe000-b2cbf000 r--s 00000000 08:01 405292     /var/cache/fontconfig/ac2cf712d852da827a87a9baf682f5b9-le32d4.cache-4
b2cbf000-b2cc1000 r--s 00000000 08:01 405286     /var/cache/fontconfig/65f976e5259cbe6dc7697b8648396239-le32d4.cache-4
b2cc1000-b2cca000 r--s 00000000 08:01 404393     /var/cache/fontconfig/d589a48862398ed80a3d6066f4f56f4c-le32d4.cache-4
b2cca000-b2ccb000 r--s 00000000 08:01 404293     /var/cache/fontconfig/94f7fe9bd33aadfac165873bd010d595-le32d4.cache-4
b2ccb000-b2ccc000 r--s 00000000 08:01 404277     /var/cache/fontconfig/423767150eb258c59035de29db6fca84-le32d4.cache-4
b2ccc000-b2ccd000 r--s 00000000 08:01 404276     /var/cache/fontconfig/845c20fd2c4814bcec78e05d37a63ccc-le32d4.cache-4
b2ccd000-b2cce000 r--s 00000000 08:01 404275     /var/cache/fontconfig/e7de81b01590fb7e12b38e274e17d0db-le32d4.cache-4
b2cce000-b2ccf000 r--s 00000000 08:01 403278     /var/cache/fontconfig/406a1d2d2bf3ed7664fbadefac0b2f66-le32d4.cache-4
b2ccf000-b2cd1000 r--s 00000000 08:01 401899     /var/cache/fontconfig/67709b7835c0f764c1135060c9575660-le32d4.cache-4
b2cd1000-b2cd9000 r--s 00000000 08:01 401898     /var/cache/fontconfig/198d8fcf01c96d0cf813f74fd759bdb7-le32d4.cache-4
b2cd9000-b2cda000 r--s 00000000 08:01 401866     /var/cache/fontconfig/0c9eb80ebd1c36541ebe2852d3bb0c49-le32d4.cache-4
b2cda000-b2ce3000 r--s 00000000 08:01 401800     /var/cache/fontconfig/83bf95040141907cd45bb53cf7c1c148-le32d4.cache-4
b2ce3000-b2ce5000 r--s 00000000 08:01 401799     /var/cache/fontconfig/6e6b34ae150a7ad95e82fb4a522f0bda-le32d4.cache-4
b2ce5000-b2ce6000 r--s 00000000 08:01 401797     /var/cache/fontconfig/3334a778d104e76d188e9df399bc24d2-le32d4.cache-4
b2ce6000-b2cec000 r--s 00000000 08:01 401796     /var/cache/fontconfig/53d14c92082a93e67d5078324eb314ca-le32d4.cache-4
b2cec000-b2cef000 r--s 00000000 08:01 401795     /var/cache/fontconfig/6c08beecf0dac481ec92e759e0c2e6d7-le32d4.cache-4
b2cef000-b2cf2000 r--s 00000000 08:01 401794     /var/cache/fontconfig/4d6aee6d44eccb37054d3216e945f618-le32d4.cache-4
b2cf2000-b2cf5000 r--s 00000000 08:01 401793     /var/cache/fontconfig/d6c6df98c3df5faf9bd0f8ef4d91efe5-le32d4.cache-4
b2cf5000-b2cf8000 r--s 00000000 08:01 401792     /var/cache/fontconfig/9fb319ef52839f11ee26ab8b4cffa12b-le32d4.cache-4
b2cf8000-b2d08000 r--s 00000000 08:01 401791     /var/cache/fontconfig/4ac51e5cfbc76fc3f983e470323a16d3-le32d4.cache-4
b2d08000-b2d0a000 r--s 00000000 08:01 401790     /var/cache/fontconfig/c19b55eb3b4c5b40ea175e31682068a5-le32d4.cache-4
b2d0a000-b2d0b000 r--s 00000000 08:01 401789     /var/cache/fontconfig/c277e94e32b20404286a1ddafa5a80f0-le32d4.cache-4
b2d0b000-b2d0e000 r--s 00000000 08:01 401788     /var/cache/fontconfig/de83a0a961185c8bd1f159015d56c039-le32d4.cache-4
b2d0e000-b2d1f000 r--s 00000000 08:01 396169     /var/cache/fontconfig/e13b20fdb08344e0e664864cc2ede53d-le32d4.cache-4
b2d1f000-b2d23000 r--s 00000000 08:01 401865     /var/cache/fontconfig/7ef2298fde41cc6eeb7af42e48b7d293-le32d4.cache-4
b2d23000-b2d24000 r--s 00000000 08:01 405570     /var/cache/fontconfig/16326683038b281783a0ef8c680e3a10-le32d4.cache-4
b2d24000-b2d2e000 r--s 00000000 08:01 405428     /var/cache/fontconfig/8f02d4cb045bd6ce15663e43f347c9f8-le32d4.cache-4
b2d2e000-b2d44000 r--s 00000000 08:01 405427     /var/cache/fontconfig/467c019e582ee353435ea5c21d137ef6-le32d4.cache-4
b2d44000-b2d47000 ---p 00000000 00:00 0 
b2d47000-b2d95000 rw-p 00000000 00:00 0 
b2d99000-b2de9000 r-xp 00000000 08:01 144521     /usr/lib/jvm/java-7-openjdk-i386/jre/lib/i386/libfontmanager.so
b2de9000-b2deb000 r--p 0004f000 08:01 144521     /usr/lib/jvm/java-7-openjdk-i386/jre/lib/i386/libfontmanager.so
b2deb000-b2dec000 rw-p 00051000 08:01 144521     /usr/lib/jvm/java-7-openjdk-i386/jre/lib/i386/libfontmanager.so
b2dec000-b2e26000 r--s 001e1000 08:01 23932      /home/user/BMRFcontiki_original/contiki/tools/cooja/apps/avrora/lib/avrora-small.jar
b2e26000-b2e29000 ---p 00000000 00:00 0 
b2e29000-b2e77000 rw-p 00000000 00:00 0          [stack:6044]
b2e77000-b2e7a000 ---p 00000000 00:00 0 
b2e7a000-b2ec8000 rw-p 00000000 00:00 0 
b2ec8000-b2ecb000 ---p 00000000 00:00 0 
b2ecb000-b2f19000 rw-p 00000000 00:00 0          [stack:9348]
b2f19000-b2f1c000 ---p 00000000 00:00 0 
b2f1c000-b2f6a000 rw-p 00000000 00:00 0 
b2f6a000-b2f6d000 ---p 00000000 00:00 0 
b2f6d000-b2fbb000 rw-p 00000000 00:00 0 
b2fbb000-b2fbe000 ---p 00000000 00:00 0 
b2fbe000-b300c000 rw-p 00000000 00:00 0          [stack:6039]
b300c000-b300f000 ---p 00000000 00:00 0 
b300f000-b305d000 rw-p 00000000 00:00 0          [stack:6038]
b305d000-b3060000 ---p 00000000 00:00 0 
b3060000-b30ae000 rw-p 00000000 00:00 0          [stack:6037]
b30ae000-b30b2000 r-xp 00000000 08:01 7640       /usr/lib/i386-linux-gnu/libXfixes.so.3.1.0
b30b2000-b30b3000 r--p 00003000 08:01 7640       /usr/lib/i386-linux-gnu/libXfixes.so.3.1.0
b30b3000-b30b4000 rw-p 00004000 08:01 7640       /usr/lib/i386-linux-gnu/libXfixes.so.3.1.0
b30b4000-b30bd000 r-xp 00000000 08:01 9790       /usr/lib/i386-linux-gnu/libXcursor.so.1.0.2
b30bd000-b30be000 r--p 00008000 08:01 9790       /usr/lib/i386-linux-gnu/libXcursor.so.1.0.2
b30be000-b30bf000 rw-p 00009000 08:01 9790       /usr/lib/i386-linux-gnu/libXcursor.so.1.0.2
b30bf000-b30c2000 ---p 00000000 00:00 0 
b30c2000-b3110000 rw-p 00000000 00:00 0          [stack:6036]
b3110000-b3136000 r-xp 00000000 08:01 158416     /lib/i386-linux-gnu/libpng12.so.0.50.0
b3136000-b3137000 r--p 00025000 08:01 158416     /lib/i386-linux-gnu/libpng12.so.0.50.0
b3137000-b3138000 rw-p 00026000 08:01 158416     /lib/i386-linux-gnu/libpng12.so.0.50.0
b3138000-b313d000 r-xp 00000000 08:01 5406       /usr/lib/i386-linux-gnu/libXdmcp.so.6.0.0
b313d000-b313e000 r--p 00004000 08:01 5406       /usr/lib/i386-linux-gnu/libXdmcp.so.6.0.0
b313e000-b313f000 rw-p 00005000 08:01 5406       /usr/lib/i386-linux-gnu/libXdmcp.so.6.0.0
b313f000-b3141000 r-xp 00000000 08:01 5352       /usr/lib/i386-linux-gnu/libXau.so.6.0.0
b3141000-b3142000 r--p 00001000 08:01 5352       /usr/lib/i386-linux-gnu/libXau.so.6.0.0
b3142000-b3143000 rw-p 00002000 08:01 5352       /usr/lib/i386-linux-gnu/libXau.so.6.0.0
b3143000-b3168000 r-xp 00000000 08:01 131421     /lib/i386-linux-gnu/libexpat.so.1.6.0
b3168000-b3169000 ---p 00025000 08:01 131421     /lib/i386-linux-gnu/libexpat.so.1.6.0
b3169000-b316b000 r--p 00025000 08:01 131421     /lib/i386-linux-gnu/libexpat.so.1.6.0
b316b000-b316c000 rw-p 00027000 08:01 131421     /lib/i386-linux-gnu/libexpat.so.1.6.0
b316c000-b3207000 r-xp 00000000 08:01 9131       /usr/lib/i386-linux-gnu/libfreetype.so.6.11.1
b3207000-b320b000 r--p 0009a000 08:01 9131       /usr/lib/i386-linux-gnu/libfreetype.so.6.11.1
b320b000-b320c000 rw-p 0009e000 08:01 9131       /usr/lib/i386-linux-gnu/libfreetype.so.6.11.1
b320c000-b322c000 r-xp 00000000 08:01 66655      /usr/lib/i386-linux-gnu/libxcb.so.1.1.0
b322c000-b322d000 r--p 0001f000 08:01 66655      /usr/lib/i386-linux-gnu/libxcb.so.1.1.0
b322d000-b322e000 rw-p 00020000 08:01 66655      /usr/lib/i386-linux-gnu/libxcb.so.1.1.0
b322e000-b3267000 r-xp 00000000 08:01 11084      /usr/lib/i386-linux-gnu/libfontconfig.so.1.8.0
b3267000-b3268000 r--p 00039000 08:01 11084      /usr/lib/i386-linux-gnu/libfontconfig.so.1.8.0
b3268000-b3269000 rw-p 0003a000 08:01 11084      /usr/lib/i386-linux-gnu/libfontconfig.so.1.8.0
b3269000-b3277000 r-xp 00000000 08:01 7577       /usr/lib/i386-linux-gnu/libXi.so.6.1.0
b3277000-b3278000 r--p 0000e000 08:01 7577       /usr/lib/i386-linux-gnu/libXi.so.6.1.0
b3278000-b3279000 rw-p 0000f000 08:01 7577       /usr/lib/i386-linux-gnu/libXi.so.6.1.0
b3279000-b327e000 r-xp 00000000 08:01 10292      /usr/lib/i386-linux-gnu/libXtst.so.6.1.0
b327e000-b327f000 r--p 00004000 08:01 10292      /usr/lib/i386-linux-gnu/libXtst.so.6.1.0
b327f000-b3280000 rw-p 00005000 08:01 10292      /usr/lib/i386-linux-gnu/libXtst.so.6.1.0
b3280000-b33b0000 r-xp 00000000 08:01 10842      /usr/lib/i386-linux-gnu/libX11.so.6.3.0
b33b0000-b33b1000 r--p 00130000 08:01 10842      /usr/lib/i386-linux-gnu/libX11.so.6.3.0
b33b1000-b33b3000 rw-p 00131000 08:01 10842      /usr/lib/i386-linux-gnu/libX11.so.6.3.0
b33b3000-b33b4000 rw-p 00000000 00:00 0 
b33b4000-b33fc000 r-xp 00000000 08:01 144008     /usr/lib/jvm/java-7-openjdk-i386/jre/lib/i386/xawt/libmawt.so
b33fc000-b33fd000 r--p 00048000 08:01 144008     /usr/lib/jvm/java-7-openjdk-i386/jre/lib/i386/xawt/libmawt.so
b33fd000-b33ff000 rw-p 00049000 08:01 144008     /usr/lib/jvm/java-7-openjdk-i386/jre/lib/i386/xawt/libmawt.so
b33ff000-b3400000 rw-p 00000000 00:00 0 
b3400000-b3459000 rw-p 00000000 00:00 0 
b3459000-b3500000 ---p 00000000 00:00 0 
b3500000-b3501000 r--s 00000000 08:01 395718     /var/cache/fontconfig/e0aa53bcfa504e64f87823c16bc01eb6-le32d4.cache-4
b3501000-b3502000 r--s 00003000 08:01 52046      /home/user/BMRFcontiki_original/contiki/tools/cooja/apps/powertracker/lib/powertracker.jar
b3502000-b3513000 r-xp 00000000 08:01 6183       /usr/lib/i386-linux-gnu/libXext.so.6.4.0
b3513000-b3514000 r--p 00010000 08:01 6183       /usr/lib/i386-linux-gnu/libXext.so.6.4.0
b3514000-b3515000 rw-p 00011000 08:01 6183       /usr/lib/i386-linux-gnu/libXext.so.6.4.0
b3515000-b35a4000 r-xp 00000000 08:01 158574     /usr/lib/jvm/java-7-openjdk-i386/jre/lib/i386/libawt.so
b35a4000-b35a5000 r--p 0008f000 08:01 158574     /usr/lib/jvm/java-7-openjdk-i386/jre/lib/i386/libawt.so
b35a5000-b35ac000 rw-p 00090000 08:01 158574     /usr/lib/jvm/java-7-openjdk-i386/jre/lib/i386/libawt.so
b35ac000-b35d0000 rw-p 00000000 00:00 0 
b35d0000-b360c000 r-xp 00000000 08:01 132344     /lib/i386-linux-gnu/libpcre.so.3.13.1
b360c000-b360d000 r--p 0003b000 08:01 132344     /lib/i386-linux-gnu/libpcre.so.3.13.1
b360d000-b360e000 rw-p 0003c000 08:01 132344     /lib/i386-linux-gnu/libpcre.so.3.13.1
b360e000-b3621000 r-xp 00000000 08:01 134538     /lib/i386-linux-gnu/libresolv-2.19.so
b3621000-b3622000 ---p 00013000 08:01 134538     /lib/i386-linux-gnu/libresolv-2.19.so
b3622000-b3623000 r--p 00013000 08:01 134538     /lib/i386-linux-gnu/libresolv-2.19.so
b3623000-b3624000 rw-p 00014000 08:01 134538     /lib/i386-linux-gnu/libresolv-2.19.so
b3624000-b3626000 rw-p 00000000 00:00 0 
b3626000-b3646000 r-xp 00000000 08:01 131406     /lib/i386-linux-gnu/libselinux.so.1
b3646000-b3647000 r--p 0001f000 08:01 131406     /lib/i386-linux-gnu/libselinux.so.1
b3647000-b3648000 rw-p 00020000 08:01 131406     /lib/i386-linux-gnu/libselinux.so.1
b3648000-b3649000 rw-p 00000000 00:00 0 
b3649000-b3753000 r-xp 00000000 08:01 136564     /lib/i386-linux-gnu/libglib-2.0.so.0.4002.0
b3753000-b3754000 r--p 00109000 08:01 136564     /lib/i386-linux-gnu/libglib-2.0.so.0.4002.0
b3754000-b3755000 rw-p 0010a000 08:01 136564     /lib/i386-linux-gnu/libglib-2.0.so.0.4002.0
b3755000-b37a5000 r-xp 00000000 08:01 1672       /usr/lib/i386-linux-gnu/libgobject-2.0.so.0.4002.0
b37a5000-b37a6000 r--p 0004f000 08:01 1672       /usr/lib/i386-linux-gnu/libgobject-2.0.so.0.4002.0
b37a6000-b37a7000 rw-p 00050000 08:01 1672       /usr/lib/i386-linux-gnu/libgobject-2.0.so.0.4002.0
b37a7000-b3924000 r-xp 00000000 08:01 1674       /usr/lib/i386-linux-gnu/libgio-2.0.so.0.4002.0
b3924000-b3926000 r--p 0017d000 08:01 1674       /usr/lib/i386-linux-gnu/libgio-2.0.so.0.4002.0
b3926000-b3927000 rw-p 0017f000 08:01 1674       /usr/lib/i386-linux-gnu/libgio-2.0.so.0.4002.0
b3927000-b3928000 rw-p 00000000 00:00 0 
b3928000-b3929000 r--s 00002000 08:01 23946      /home/user/BMRFcontiki_original/contiki/tools/cooja/apps/collect-view/cooja-collect-view.jar
b3929000-b392b000 r--s 00007000 08:01 23933      /home/user/BMRFcontiki_original/contiki/tools/cooja/apps/avrora/lib/cooja_avrora.jar
b392b000-b392d000 r--s 00010000 08:01 51109      /home/user/BMRFcontiki_original/contiki/tools/cooja/apps/mspsim/lib/jipv6.jar
b392d000-b3939000 r--s 000ea000 08:01 51108      /home/user/BMRFcontiki_original/contiki/tools/cooja/apps/mspsim/lib/mspsim.jar
b3939000-b393f000 r--s 00065000 08:01 51690      /home/user/BMRFcontiki_original/contiki/tools/cooja/apps/mspsim/lib/cooja_mspsim.jar
b393f000-b3942000 r--s 0001e000 08:01 49725      /home/user/BMRFcontiki_original/contiki/tools/cooja/apps/mrm/lib/mrm.jar
b3942000-b395a000 r-xp 00000000 08:01 158567     /usr/lib/jvm/java-7-openjdk-i386/jre/lib/i386/libnet.so
b395a000-b395b000 r--p 00017000 08:01 158567     /usr/lib/jvm/java-7-openjdk-i386/jre/lib/i386/libnet.so
b395b000-b395c000 rw-p 00018000 08:01 158567     /usr/lib/jvm/java-7-openjdk-i386/jre/lib/i386/libnet.so
b395c000-b395d000 ---p 00000000 00:00 0 
b395d000-b39dd000 rw-p 00000000 00:00 0          [stack:6035]
b39dd000-b39e0000 ---p 00000000 00:00 0 
b39e0000-b3a2e000 rw-p 00000000 00:00 0          [stack:6034]
b3a2e000-b3a31000 ---p 00000000 00:00 0 
b3a31000-b3aaf000 rw-p 00000000 00:00 0          [stack:6033]
b3aaf000-b3ab2000 ---p 00000000 00:00 0 
b3ab2000-b3b00000 rw-p 00000000 00:00 0          [stack:6032]
b3b00000-b3d00000 r--p 00000000 08:01 369        /usr/lib/locale/locale-archive
b3d00000-b3e00000 rw-p 00000000 00:00 0 
b3e00000-b3e01000 r--s 00003000 08:01 51754      /home/user/BMRFcontiki_original/contiki/tools/cooja/apps/serial_socket/lib/serial_socket.jar
b3e01000-b3e03000 r-xp 00000000 08:01 3489       /usr/lib/i386-linux-gnu/libXcomposite.so.1.0.0
b3e03000-b3e04000 r--p 00001000 08:01 3489       /usr/lib/i386-linux-gnu/libXcomposite.so.1.0.0
b3e04000-b3e05000 rw-p 00002000 08:01 3489       /usr/lib/i386-linux-gnu/libXcomposite.so.1.0.0
b3e05000-b3e0e000 r-xp 00000000 08:01 6199       /usr/lib/i386-linux-gnu/libXrender.so.1.3.0
b3e0e000-b3e0f000 r--p 00008000 08:01 6199       /usr/lib/i386-linux-gnu/libXrender.so.1.3.0
b3e0f000-b3e10000 rw-p 00009000 08:01 6199       /usr/lib/i386-linux-gnu/libXrender.so.1.3.0
b3e10000-b3e15000 r-xp 00000000 08:01 5644       /usr/lib/i386-linux-gnu/libffi.so.6.0.1
b3e15000-b3e16000 r--p 00005000 08:01 5644       /usr/lib/i386-linux-gnu/libffi.so.6.0.1
b3e16000-b3e17000 rw-p 00006000 08:01 5644       /usr/lib/i386-linux-gnu/libffi.so.6.0.1
b3e17000-b3e28000 r-xp 00000000 08:01 144579     /usr/lib/jvm/java-7-openjdk-i386/jre/lib/i386/libnio.so
b3e28000-b3e29000 r--p 00010000 08:01 144579     /usr/lib/jvm/java-7-openjdk-i386/jre/lib/i386/libnio.so
b3e29000-b3e2a000 rw-p 00011000 08:01 144579     /usr/lib/jvm/java-7-openjdk-i386/jre/lib/i386/libnio.so
b3e2a000-b3e34000 r--s 000ae000 08:01 144241     /usr/lib/jvm/java-7-openjdk-i386/jre/lib/resources.jar
b3e34000-b3e37000 ---p 00000000 00:00 0 
b3e37000-b3e85000 rw-p 00000000 00:00 0          [stack:6031]
b3e85000-b3e88000 ---p 00000000 00:00 0 
b3e88000-b3ed6000 rw-p 00000000 00:00 0          [stack:6030]
b3ed6000-b3ed7000 ---p 00000000 00:00 0 
b3ed7000-b3fa0000 rw-p 00000000 00:00 0          [stack:6029]
b3fa0000-b4153000 r--s 01d41000 08:01 144261     /usr/lib/jvm/java-7-openjdk-i386/jre/lib/rt.jar
b4153000-b430a000 rw-p 00000000 00:00 0 
b430a000-b4354000 rw-p 00000000 00:00 0 
b4354000-b4429000 rw-p 00000000 00:00 0 
b4429000-b4454000 rw-p 00000000 00:00 0 
b4454000-b460b000 rw-p 00000000 00:00 0 
b460b000-b4654000 rw-p 00000000 00:00 0 
b4654000-b465a000 rw-p 00000000 00:00 0 
b465a000-b4674000 rw-p 00000000 00:00 0 
b4674000-b469e000 rw-p 00000000 00:00 0 
b469e000-b4700000 rw-p 00000000 00:00 0 
b4700000-b4e50000 rwxp 00000000 00:00 0 
b4e50000-b67f0000 rw-p 00000000 00:00 0 
b67f0000-b6800000 ---p 00000000 00:00 0 
b6800000-b6801000 r--s 00004000 08:01 51146      /home/user/BMRFcontiki_original/contiki/tools/cooja/apps/mspsim/lib/coffee.jar
b6801000-b6804000 r-xp 00000000 08:01 1675       /usr/lib/i386-linux-gnu/libgmodule-2.0.so.0.4002.0
b6804000-b6805000 r--p 00002000 08:01 1675       /usr/lib/i386-linux-gnu/libgmodule-2.0.so.0.4002.0
b6805000-b6806000 rw-p 00003000 08:01 1675       /usr/lib/i386-linux-gnu/libgmodule-2.0.so.0.4002.0
b6806000-b680d000 r--s 0005b000 08:01 24253      /home/user/BMRFcontiki_original/contiki/tools/cooja/lib/jsyntaxpane.jar
b680d000-b6814000 r--s 0004f000 08:01 24254      /home/user/BMRFcontiki_original/contiki/tools/cooja/lib/log4j.jar
b6814000-b6817000 r--s 00022000 08:01 24252      /home/user/BMRFcontiki_original/contiki/tools/cooja/lib/jdom.jar
b6817000-b681b000 r--s 00085000 08:01 144417     /usr/lib/jvm/java-7-openjdk-i386/jre/lib/ext/localedata.jar
b681b000-b681c000 r--s 00002000 08:01 144348     /usr/lib/jvm/java-7-openjdk-i386/jre/lib/ext/dnsns.jar
b681c000-b6820000 r--s 00034000 08:01 144305     /usr/lib/jvm/java-7-openjdk-i386/jre/lib/ext/sunjce_provider.jar
b6820000-b6823000 r--s 0000f000 08:01 144352     /usr/lib/jvm/java-7-openjdk-i386/jre/lib/ext/icedtea-sound.jar
b6823000-b6826000 r--s 0003d000 08:01 144267     /usr/lib/jvm/java-7-openjdk-i386/jre/lib/ext/sunpkcs11.jar
b6826000-b6828000 r--s 00006000 08:01 276693     /usr/share/java/java-atk-wrapper.jar
b6828000-b682f000 rw-p 00000000 00:00 0 
b682f000-b6849000 rw-p 00000000 00:00 0 
b6849000-b6853000 r-xp 00000000 08:01 134558     /lib/i386-linux-gnu/libnss_files-2.19.so
b6853000-b6854000 r--p 00009000 08:01 134558     /lib/i386-linux-gnu/libnss_files-2.19.so
b6854000-b6855000 rw-p 0000a000 08:01 134558     /lib/i386-linux-gnu/libnss_files-2.19.so
b6855000-b685f000 r-xp 00000000 08:01 134550     /lib/i386-linux-gnu/libnss_nis-2.19.so
b685f000-b6860000 r--p 00009000 08:01 134550     /lib/i386-linux-gnu/libnss_nis-2.19.so
b6860000-b6861000 rw-p 0000a000 08:01 134550     /lib/i386-linux-gnu/libnss_nis-2.19.so
b6861000-b6876000 r-xp 00000000 08:01 134546     /lib/i386-linux-gnu/libnsl-2.19.so
b6876000-b6877000 r--p 00015000 08:01 134546     /lib/i386-linux-gnu/libnsl-2.19.so
b6877000-b6878000 rw-p 00016000 08:01 134546     /lib/i386-linux-gnu/libnsl-2.19.so
b6878000-b687a000 rw-p 00000000 00:00 0 
b687a000-b6881000 r-xp 00000000 08:01 134545     /lib/i386-linux-gnu/libnss_compat-2.19.so
b6881000-b6882000 r--p 00006000 08:01 134545     /lib/i386-linux-gnu/libnss_compat-2.19.so
b6882000-b6883000 rw-p 00007000 08:01 134545     /lib/i386-linux-gnu/libnss_compat-2.19.so
b6883000-b6885000 r--s 00012000 08:01 144318     /usr/lib/jvm/java-7-openjdk-i386/jre/lib/ext/zipfs.jar
b6885000-b6886000 r--p 002c5000 08:01 369        /usr/lib/locale/locale-archive
b6886000-b6893000 rw-p 00000000 00:00 0 
b6893000-b689b000 r-xp 00000000 08:01 158564     /usr/lib/jvm/java-7-openjdk-i386/jre/lib/i386/libzip.so
b689b000-b689c000 r--p 00007000 08:01 158564     /usr/lib/jvm/java-7-openjdk-i386/jre/lib/i386/libzip.so
b689c000-b689d000 rw-p 00008000 08:01 158564     /usr/lib/jvm/java-7-openjdk-i386/jre/lib/i386/libzip.so
b689d000-b68c4000 r-xp 00000000 08:01 158563     /usr/lib/jvm/java-7-openjdk-i386/jre/lib/i386/libjava.so
b68c4000-b68c5000 r--p 00026000 08:01 158563     /usr/lib/jvm/java-7-openjdk-i386/jre/lib/i386/libjava.so
b68c5000-b68c6000 rw-p 00027000 08:01 158563     /usr/lib/jvm/java-7-openjdk-i386/jre/lib/i386/libjava.so
b68c6000-b68cd000 r-xp 00000000 08:01 134554     /lib/i386-linux-gnu/librt-2.19.so
b68cd000-b68ce000 r--p 00006000 08:01 134554     /lib/i386-linux-gnu/librt-2.19.so
b68ce000-b68cf000 rw-p 00007000 08:01 134554     /lib/i386-linux-gnu/librt-2.19.so
b68cf000-b68d2000 ---p 00000000 00:00 0 
b68d2000-b6920000 rw-p 00000000 00:00 0          [stack:6027]
b6920000-b693c000 r-xp 00000000 08:01 131116     /lib/i386-linux-gnu/libgcc_s.so.1
b693c000-b693d000 rw-p 0001b000 08:01 131116     /lib/i386-linux-gnu/libgcc_s.so.1
b693d000-b6981000 r-xp 00000000 08:01 134540     /lib/i386-linux-gnu/libm-2.19.so
b6981000-b6982000 r--p 00043000 08:01 134540     /lib/i386-linux-gnu/libm-2.19.so
b6982000-b6983000 rw-p 00044000 08:01 134540     /lib/i386-linux-gnu/libm-2.19.so
b6983000-b6a5f000 r-xp 00000000 08:01 969        /usr/lib/i386-linux-gnu/libstdc++.so.6.0.19
b6a5f000-b6a63000 r--p 000dc000 08:01 969        /usr/lib/i386-linux-gnu/libstdc++.so.6.0.19
b6a63000-b6a64000 rw-p 000e0000 08:01 969        /usr/lib/i386-linux-gnu/libstdc++.so.6.0.19
b6a64000-b6a6b000 rw-p 00000000 00:00 0 
b6a6b000-b70a2000 r-xp 00000000 08:01 144786     /usr/lib/jvm/java-7-openjdk-i386/jre/lib/i386/client/libjvm.so
b70a2000-b70a3000 ---p 00637000 08:01 144786     /usr/lib/jvm/java-7-openjdk-i386/jre/lib/i386/client/libjvm.so
b70a3000-b70b9000 r--p 00637000 08:01 144786     /usr/lib/jvm/java-7-openjdk-i386/jre/lib/i386/client/libjvm.so
b70b9000-b70c8000 rw-p 0064d000 08:01 144786     /usr/lib/jvm/java-7-openjdk-i386/jre/lib/i386/client/libjvm.so
b70c8000-b74e4000 rw-p 00000000 00:00 0 
b74e4000-b74fc000 r-xp 00000000 08:01 158556     /lib/i386-linux-gnu/libz.so.1.2.8
b74fc000-b74fd000 r--p 00017000 08:01 158556     /lib/i386-linux-gnu/libz.so.1.2.8
b74fd000-b74fe000 rw-p 00018000 08:01 158556     /lib/i386-linux-gnu/libz.so.1.2.8
b74fe000-b7516000 r-xp 00000000 08:01 134547     /lib/i386-linux-gnu/libpthread-2.19.so
b7516000-b7517000 r--p 00018000 08:01 134547     /lib/i386-linux-gnu/libpthread-2.19.so
b7517000-b7518000 rw-p 00019000 08:01 134547     /lib/i386-linux-gnu/libpthread-2.19.so
b7518000-b751a000 rw-p 00000000 00:00 0 
b751a000-b751d000 r-xp 00000000 08:01 134542     /lib/i386-linux-gnu/libdl-2.19.so
b751d000-b751e000 r--p 00002000 08:01 134542     /lib/i386-linux-gnu/libdl-2.19.so
b751e000-b751f000 rw-p 00003000 08:01 134542     /lib/i386-linux-gnu/libdl-2.19.so
b751f000-b76c7000 r-xp 00000000 08:01 134555     /lib/i386-linux-gnu/libc-2.19.so
b76c7000-b76c8000 ---p 001a8000 08:01 134555     /lib/i386-linux-gnu/libc-2.19.so
b76c8000-b76ca000 r--p 001a8000 08:01 134555     /lib/i386-linux-gnu/libc-2.19.so
b76ca000-b76cb000 rw-p 001aa000 08:01 134555     /lib/i386-linux-gnu/libc-2.19.so
b76cb000-b76ce000 rw-p 00000000 00:00 0 
b76ce000-b76d6000 rw-s 00000000 08:01 564571     /tmp/hsperfdata_root/6023
b76d6000-b76d7000 rw-p 00000000 00:00 0 
b76d7000-b76d8000 ---p 00000000 00:00 0 
b76d8000-b76e6000 r-xp 00000000 08:01 158566     /usr/lib/jvm/java-7-openjdk-i386/jre/lib/i386/libverify.so
b76e6000-b76e7000 r--p 0000d000 08:01 158566     /usr/lib/jvm/java-7-openjdk-i386/jre/lib/i386/libverify.so
b76e7000-b76e8000 rw-p 0000e000 08:01 158566     /usr/lib/jvm/java-7-openjdk-i386/jre/lib/i386/libverify.so
b76e8000-b76f4000 r-xp 00000000 08:01 158573     /usr/lib/jvm/java-7-openjdk-i386/jre/lib/i386/jli/libjli.so
b76f4000-b76f5000 r--p 0000c000 08:01 158573     /usr/lib/jvm/java-7-openjdk-i386/jre/lib/i386/jli/libjli.so
b76f5000-b76f6000 rw-p 0000d000 08:01 158573     /usr/lib/jvm/java-7-openjdk-i386/jre/lib/i386/jli/libjli.so
b76f6000-b76f9000 rw-p 00000000 00:00 0 
b76f9000-b76fa000 r-xp 00000000 00:00 0          [vdso]
b76fa000-b771a000 r-xp 00000000 08:01 134548     /lib/i386-linux-gnu/ld-2.19.so
b771a000-b771b000 r--p 0001f000 08:01 134548     /lib/i386-linux-gnu/ld-2.19.so
b771b000-b771c000 rw-p 00020000 08:01 134548     /lib/i386-linux-gnu/ld-2.19.so
bfb4f000-bfb50000 rwxp 00000000 00:00 0 
bfb82000-bfba3000 rw-p 00000000 00:00 0          [stack]

VM Arguments:
jvm_args: -Xmx1536m 
java_command: org.contikios.cooja.Cooja
Launcher Type: SUN_STANDARD

Environment Variables:
PATH=/usr/local/sbin:/usr/local/bin:/usr/sbin:/usr/bin:/sbin:/bin:/usr/local/msp430/bin
USERNAME=root
LD_LIBRARY_PATH=.
SHELL=/bin/bash
DISPLAY=:0.0

Signal Handlers:
SIGSEGV: [libjvm.so+0x4f0b20], sa_mask[0]=0x7ffbfeff, sa_flags=0x10000004
SIGBUS: [libjvm.so+0x4f0b20], sa_mask[0]=0x7ffbfeff, sa_flags=0x10000004
SIGFPE: [libjvm.so+0x3cc460], sa_mask[0]=0x7ffbfeff, sa_flags=0x10000004
SIGPIPE: [libjvm.so+0x3cc460], sa_mask[0]=0x7ffbfeff, sa_flags=0x10000004
SIGXFSZ: [libjvm.so+0x3cc460], sa_mask[0]=0x7ffbfeff, sa_flags=0x10000004
SIGILL: [libjvm.so+0x3cc460], sa_mask[0]=0x7ffbfeff, sa_flags=0x10000004
SIGUSR1: SIG_DFL, sa_mask[0]=0x00000000, sa_flags=0x00000000
SIGUSR2: [libjvm.so+0x3cc5c0], sa_mask[0]=0x00000004, sa_flags=0x10000004
SIGHUP: [libjvm.so+0x3cc520], sa_mask[0]=0x7ffbfeff, sa_flags=0x10000004
SIGINT: [libjvm.so+0x3cc520], sa_mask[0]=0x7ffbfeff, sa_flags=0x10000004
SIGTERM: [libjvm.so+0x3cc520], sa_mask[0]=0x7ffbfeff, sa_flags=0x10000004
SIGQUIT: [libjvm.so+0x3cc520], sa_mask[0]=0x7ffbfeff, sa_flags=0x10000004
SIGTRAP: SIG_DFL, sa_mask[0]=0x00000000, sa_flags=0x00000000


---------------  S Y S T E M  ---------------

OS:Ubuntu 14.04 (trusty)
uname:Linux 3.13.0-107-generic #154-Ubuntu SMP Mon Dec 19 19:20:26 UTC 2016 i686
libc:glibc 2.19 NPTL 2.19 
rlimit: STACK 8192k, CORE 0k, NPROC 15975, NOFILE 4096, AS infinity
load average:2.13 2.29 2.45

/proc/meminfo:
MemTotal:        2064216 kB
MemFree:          153596 kB
Buffers:           12768 kB
Cached:            87384 kB
SwapCached:            0 kB
Active:          1794548 kB
Inactive:          65052 kB
Active(anon):    1760292 kB
Inactive(anon):    28136 kB
Active(file):      34256 kB
Inactive(file):    36916 kB
Unevictable:          32 kB
Mlocked:              32 kB
HighTotal:       1183688 kB
HighFree:          29684 kB
LowTotal:         880528 kB
LowFree:          123912 kB
SwapTotal:             0 kB
SwapFree:              0 kB
Dirty:                96 kB
Writeback:             0 kB
AnonPages:       1759504 kB
Mapped:            76176 kB
Shmem:             28956 kB
Slab:              29124 kB
SReclaimable:      16052 kB
SUnreclaim:        13072 kB
KernelStack:        3328 kB
PageTables:         9624 kB
NFS_Unstable:          0 kB
Bounce:                0 kB
WritebackTmp:          0 kB
CommitLimit:     1032108 kB
Committed_AS:    3802820 kB
VmallocTotal:     122880 kB
VmallocUsed:       25236 kB
VmallocChunk:      93640 kB
HardwareCorrupted:     0 kB
AnonHugePages:   1173504 kB
HugePages_Total:       0
HugePages_Free:        0
HugePages_Rsvd:        0
HugePages_Surp:        0
Hugepagesize:       2048 kB
DirectMap4k:       24568 kB
DirectMap2M:      888832 kB


CPU:total 1 (1 cores per cpu, 1 threads per core) family 6 model 61 stepping 4, cmov, cx8, fxsr, mmx, sse, sse2, sse3, ssse3, sse4.1, sse4.2, popcnt, avx, aes, tsc, tscinvbit

/proc/cpuinfo:
processor	: 0
vendor_id	: GenuineIntel
cpu family	: 6
model		: 61
model name	: Intel(R) Core(TM) i7-5600U CPU @ 2.60GHz
stepping	: 4
cpu MHz		: 2593.990
cache size	: 4096 KB
physical id	: 0
siblings	: 1
core id		: 0
cpu cores	: 1
apicid		: 0
initial apicid	: 0
fdiv_bug	: no
f00f_bug	: no
coma_bug	: no
fpu		: yes
fpu_exception	: yes
cpuid level	: 20
wp		: yes
flags		: fpu vme de pse tsc msr pae mce cx8 apic sep mtrr pge mca cmov pat pse36 clflush mmx fxsr sse sse2 syscall nx rdtscp lm constant_tsc xtopology nonstop_tsc pni pclmulqdq monitor ssse3 cx16 sse4_1 sse4_2 movbe popcnt aes xsave avx rdrand hypervisor lahf_lm abm 3dnowprefetch rdseed
bogomips	: 5187.98
clflush size	: 64
cache_alignment	: 64
address sizes	: 39 bits physical, 48 bits virtual
power management:



Memory: 4k page, physical 2064216k(153596k free), swap 0k(0k free)

vm_info: OpenJDK Client VM (24.121-b00) for linux-x86 JRE (1.7.0_121-b00), built on Nov 16 2016 00:51:04 by "buildd" with gcc 4.8.4

time: Wed Mar  8 09:17:53 2017
elapsed time: 66369 seconds

